************************************************************************
log file for dataset feddes                                                                  
************************************************************************


memory requirements for variably-saturated flow simulation:

estimated number of connections:               52500
actual number of connections:                  12300
estimated number of factored connections:      36900
memory requirement during factorization:       24597
actual number of factored connections:         12300

initial condition - water flow
------------------------------------------------------------------------

boundary conditions - water flow
------------------------------------------------------------------------

transient flow - variably saturated conditions
------------------------------------------------------------------------

 Newton Iteration Convergence Summary:
 Newton       maximum      maximum     solver
 iteration    update       residual    iterations  maxvol      nexvol
     1       1.1025D-05   3.3324D-41        1          52          50
     2       1.2037D-10   3.6477D-46        1          51           0
transient flow - variably saturated conditions
------------------------------------------------------------------------

 Newton Iteration Convergence Summary:
 Newton       maximum      maximum     solver
 iteration    update       residual    iterations  maxvol      nexvol
     1       5.5125D-05   1.3888D-37        1          51          50
     2       3.0536D-10   9.1403D-43        1          52           0
transient flow - variably saturated conditions
------------------------------------------------------------------------

 Newton Iteration Convergence Summary:
 Newton       maximum      maximum     solver
 iteration    update       residual    iterations  maxvol      nexvol
     1       2.7560D-04   3.3630D-34        1          51          50
     2       5.9737D-09   7.0651D-39        1          52           0
transient flow - variably saturated conditions
------------------------------------------------------------------------

 Newton Iteration Convergence Summary:
 Newton       maximum      maximum     solver
 iteration    update       residual    iterations  maxvol      nexvol
     1       1.3775D-03   1.0174D-30        1          51          50
     2       2.1714D-07   1.6086D-34        1          51           0
transient flow - variably saturated conditions
------------------------------------------------------------------------

 Newton Iteration Convergence Summary:
 Newton       maximum      maximum     solver
 iteration    update       residual    iterations  maxvol      nexvol
     1       6.8759D-03   3.1755D-27        1          52          50
     2       5.7375D-06   2.6834D-30        1          51          50
     3       3.2693D-09   1.5282D-33        1          51           0
transient flow - variably saturated conditions
------------------------------------------------------------------------

 Newton Iteration Convergence Summary:
 Newton       maximum      maximum     solver
 iteration    update       residual    iterations  maxvol      nexvol
     1       3.4087D-02   9.8455D-24        1          51          50
     2       1.4133D-04   4.3463D-26        1          52          50
     3       3.9652D-07   1.2157D-28        1          51           0
transient flow - variably saturated conditions
------------------------------------------------------------------------

 Newton Iteration Convergence Summary:
 Newton       maximum      maximum     solver
 iteration    update       residual    iterations  maxvol      nexvol
     1       1.6344D-01   2.9636D-20        1          51         100
     2       3.1166D-03   7.7430D-22        1          51          50
     3       4.1668D-05   1.0162D-23        1          52          50
     4       7.3090D-10   1.7824D-28        1          51           0
transient flow - variably saturated conditions
------------------------------------------------------------------------

 Newton Iteration Convergence Summary:
 Newton       maximum      maximum     solver
 iteration    update       residual    iterations  maxvol      nexvol
     1       6.7481D-01   8.0993D-17        1          51         100
     2       4.5109D-02   2.1054D-17        1          51         100
     3       2.4430D-03   9.8932D-19        1          51          50
     4       7.8520D-07   3.1635D-22        1          51           0
transient flow - variably saturated conditions
------------------------------------------------------------------------

 Newton Iteration Convergence Summary:
 Newton       maximum      maximum     solver
 iteration    update       residual    iterations  maxvol      nexvol
     1       1.5685D+00   1.1527D-13        1          51         100
     2       1.8834D-01   9.8671D-13        1         100         100
     3       2.3673D-02   6.0099D-14        1          51         100
     4       8.0168D-05   1.8809D-16        1          51         100
     5       2.0430D-09   4.7628D-21        1          51           0
transient flow - variably saturated conditions
------------------------------------------------------------------------

 Newton Iteration Convergence Summary:
 Newton       maximum      maximum     solver
 iteration    update       residual    iterations  maxvol      nexvol
     1       1.0181D+00   8.1639D-12        1          52         150
     2       1.1167D-01   4.8712D-11        1         100         150
     3       1.2028D-02   2.8191D-12        1          52         100
     4       2.6754D-05   5.0201D-15        1          52         100
     5       6.2539D-10   8.0486D-20        1          63           0
transient flow - variably saturated conditions
------------------------------------------------------------------------

 Newton Iteration Convergence Summary:
 Newton       maximum      maximum     solver
 iteration    update       residual    iterations  maxvol      nexvol
     1       6.8551D-01   5.4618D-10        1          81         150
     2       6.7229D-02   7.9527D-09        1          71         150
     3       6.1179D-03   5.1228D-10        1         100         150
     4       8.6603D-06   1.3374D-12        1         100         100
     5       2.2007D-10   4.7277D-17        1          76           0
transient flow - variably saturated conditions
------------------------------------------------------------------------

 Newton Iteration Convergence Summary:
 Newton       maximum      maximum     solver
 iteration    update       residual    iterations  maxvol      nexvol
     1       4.7097D-01   1.7033D-08        1          95         150
     2       4.0634D-02   4.7547D-14        2          95         150
     3       3.2814D-03   8.2783D-08        1         150         150
     4       1.9784D-04   4.5273D-09        1         150         100
     5       2.8276D-08   2.9214D-13        1         101           0
transient flow - variably saturated conditions
------------------------------------------------------------------------

 Newton Iteration Convergence Summary:
 Newton       maximum      maximum     solver
 iteration    update       residual    iterations  maxvol      nexvol
     1       5.2581D-01   2.2906D-12        2         115         200
     2       3.3992D-02   1.7210D-11        2         114         150
     3       1.3759D-03   8.8259D-08        1         136         150
     4       9.6978D-08   4.6912D-11        1         149           0
transient flow - variably saturated conditions
------------------------------------------------------------------------

 Newton Iteration Convergence Summary:
 Newton       maximum      maximum     solver
 iteration    update       residual    iterations  maxvol      nexvol
     1       1.2297D+00   8.9712D-10        2         136         200
     2       1.3004D-01   1.0434D-09        2         136         200
     3       1.3907D-02   9.4017D-11        2         136         200
     4       3.3612D-05   1.6018D-08        1         136         100
     5       5.0680D-09   1.4407D-12        1         149           0
transient flow - variably saturated conditions
------------------------------------------------------------------------

 Newton Iteration Convergence Summary:
 Newton       maximum      maximum     solver
 iteration    update       residual    iterations  maxvol      nexvol
     1       1.5577D+00   6.4105D-08        2         136         250
     2       2.7276D-01   8.9672D-12        3         136         250
     3       6.8828D-02   4.5861D-08        2         136         250
     4       1.3010D-03   8.8496D-10        2         136         200
     5       4.7275D-07   8.9128D-10        1         136           0
transient flow - variably saturated conditions
------------------------------------------------------------------------

 Newton Iteration Convergence Summary:
 Newton       maximum      maximum     solver
 iteration    update       residual    iterations  maxvol      nexvol
     1       7.7693D-01   7.9157D-11        3         118         250
     2       1.1718D-01   5.5604D-11        3         118         250
     3       2.1640D-02   8.4963D-12        3         154         250
     4       3.6863D-03   2.6940D-08        2         169         200
     5       7.6599D-06   1.0065D-08        1         186         100
     6       3.5644D-09   1.8121D-11        1         150           0
transient flow - variably saturated conditions
------------------------------------------------------------------------

 Newton Iteration Convergence Summary:
 Newton       maximum      maximum     solver
 iteration    update       residual    iterations  maxvol      nexvol
     1       1.0468D+00   7.0165D-10        3         168         300
     2       7.5335D-02   3.8220D-10        3         168         250
     3       4.9331D-03   6.2220D-08        2         118         250
     4       3.9110D-05   3.7225D-10        2         166         170
     5       2.1279D-07   1.0835D-09        1         166           0
transient flow - variably saturated conditions
------------------------------------------------------------------------

 Newton Iteration Convergence Summary:
 Newton       maximum      maximum     solver
 iteration    update       residual    iterations  maxvol      nexvol
     1       1.5737D+00   5.1749D-09        3         186         300
     2       2.7522D-01   1.5036D-08        3         186         300
     3       7.6085D-02   8.7330D-10        3         154         300
     4       1.8396D-03   1.7963D-08        2         154         250
     5       1.0467D-06   4.4835D-09        1         200          42
     6       1.4894D-09   3.3891D-12        1         151           0
transient flow - variably saturated conditions
------------------------------------------------------------------------

 Newton Iteration Convergence Summary:
 Newton       maximum      maximum     solver
 iteration    update       residual    iterations  maxvol      nexvol
     1       9.6033D-01   3.7825D-08        3         186         350
     2       1.6406D-01   7.0024D-08        3         186         350
     3       3.8087D-02   1.8258D-08        3         245         300
     4       9.6848D-03   1.6858D-09        3         245         300
     5       6.6385D-05   2.3622D-09        2         201         200
     6       7.6695D-09   5.8459D-11        1         248           0
transient flow - variably saturated conditions
------------------------------------------------------------------------

 Newton Iteration Convergence Summary:
 Newton       maximum      maximum     solver
 iteration    update       residual    iterations  maxvol      nexvol
     1       1.4228D+00   1.8028D-09        4         204         400
     2       2.0853D-01   4.3478D-08        3         204         350
     3       3.8265D-02   7.0810D-09        3         204         350
     4       3.8071D-04   1.6172D-08        2         227         250
     5       4.8446D-08   5.0552D-10        1         249           0
transient flow - variably saturated conditions
------------------------------------------------------------------------

 Newton Iteration Convergence Summary:
 Newton       maximum      maximum     solver
 iteration    update       residual    iterations  maxvol      nexvol
     1       1.4072D+00   2.0368D-08        4         236         450
     2       2.6257D-01   9.7689D-09        4         236         400
     3       8.6189D-02   2.6640D-09        4         284         400
     4       3.9583D-02   6.7169D-10        4         296         400
     5       8.8255D-04   5.2071D-08        3         262         350
     6       3.8973D-07   6.8789D-09        1         277           0
transient flow - variably saturated conditions
------------------------------------------------------------------------

 Newton Iteration Convergence Summary:
 Newton       maximum      maximum     solver
 iteration    update       residual    iterations  maxvol      nexvol
     1       1.4885D+00   3.8862D-08        4         259         500
     2       2.3596D-01   1.1587D-08        4         259         450
     3       5.3749D-02   1.7314D-09        4         262         450
     4       9.7785D-04   1.2633D-09        3         277         350
     5       3.5215D-07   3.0839D-09        1         300           0
transient flow - variably saturated conditions
------------------------------------------------------------------------

 Newton Iteration Convergence Summary:
 Newton       maximum      maximum     solver
 iteration    update       residual    iterations  maxvol      nexvol
     1       1.3813D+00   3.5820D-09        5         344         550
     2       2.4669D-01   1.5986D-08        5         294         550
     3       8.6625D-02   3.1448D-08        4         294         500
     4       7.2650D-03   1.1903D-09        4         303         450
     5       4.6506D-04   7.1165D-11        4         317         400
     6       1.3326D-07   5.7443D-09        1         317           0
transient flow - variably saturated conditions
------------------------------------------------------------------------

 Newton Iteration Convergence Summary:
 Newton       maximum      maximum     solver
 iteration    update       residual    iterations  maxvol      nexvol
     1       1.5092D+00   1.2331D-08        5         327         600
     2       2.6841D-01   1.8587D-08        5         327         600
     3       9.1586D-02   8.1429D-08        4         327         550
     4       5.3296D-03   2.6462D-09        4         377         500
     5       2.3190D-04   1.0966D-10        4         353         350
     6       4.1960D-08   1.3228D-09        1         361           0
transient flow - variably saturated conditions
------------------------------------------------------------------------

 Newton Iteration Convergence Summary:
 Newton       maximum      maximum     solver
 iteration    update       residual    iterations  maxvol      nexvol
     1       1.6628D+00   3.2241D-09        6         400         650
     2       2.8201D-01   8.0356D-08        5         400         650
     3       7.9694D-02   1.5469D-08        5         400         650
     4       3.1929D-03   2.4382D-08        4         433         600
     5       9.2156D-05   3.9900D-09        3         406         350
     6       1.2857D-08   2.3226D-10        1         401           0
transient flow - variably saturated conditions
------------------------------------------------------------------------

 Newton Iteration Convergence Summary:
 Newton       maximum      maximum     solver
 iteration    update       residual    iterations  maxvol      nexvol
     1       1.6786D+00   1.5851D-08        6         450         750
     2       2.7427D-01   1.7855D-08        6         450         700
     3       6.6333D-02   6.6877D-08        5         458         700
     4       1.6934D-02   1.5155D-08        5         458         650
     5       1.3361D-04   1.3528D-09        4         400         450
     6       6.9164D-07   8.7855D-08        1         400           0
transient flow - variably saturated conditions
------------------------------------------------------------------------

 Newton Iteration Convergence Summary:
 Newton       maximum      maximum     solver
 iteration    update       residual    iterations  maxvol      nexvol
     1       1.5984D+00   7.8059D-08        6         494         850
     2       2.5745D-01   5.7769D-08        6         413         800
     3       8.2531D-02   1.0254D-08        6         444         800
     4       3.6501D-03   1.7638D-08        5         444         700
     5       1.0367D-05   1.6494D-08        3         457         250
     6       3.0215D-08   1.1855D-08        1         444           0
transient flow - variably saturated conditions
------------------------------------------------------------------------

 Newton Iteration Convergence Summary:
 Newton       maximum      maximum     solver
 iteration    update       residual    iterations  maxvol      nexvol
     1       1.6280D+00   5.9278D-08        7         537         950
     2       2.6827D-01   2.2565D-08        7         487         900
     3       8.8964D-02   8.6053D-08        6         487         900
     4       4.1985D-03   1.5752D-09        6         487         750
     5       1.2325D-05   2.5223D-08        3         516         300
     6       4.2313D-08   2.1068D-08        1         494           0
transient flow - variably saturated conditions
------------------------------------------------------------------------

 Newton Iteration Convergence Summary:
 Newton       maximum      maximum     solver
 iteration    update       residual    iterations  maxvol      nexvol
     1       1.6972D+00   2.1773D-08        8         579        1050
     2       2.8564D-01   8.6914D-08        7         579        1000
     3       9.0277D-02   2.8218D-08        7         529        1000
     4       4.2576D-03   5.5533D-09        6         529         850
     5       9.9976D-06   2.6435D-08        3         529         300
     6       1.1705D-07   2.2700D-08        1         551           0
transient flow - variably saturated conditions
------------------------------------------------------------------------

 Newton Iteration Convergence Summary:
 Newton       maximum      maximum     solver
 iteration    update       residual    iterations  maxvol      nexvol
     1       1.7358D+00   7.7136D-08        8         631        1200
     2       3.0859D-01   9.5890D-08        8         610        1150
     3       9.7181D-02   6.3697D-08        7         635        1083
     4       5.4803D-03   1.8538D-08        6         683         950
     5       2.2956D-04   3.7713D-08        4         691         600
     6       4.9395D-08   3.7838D-08        1         658           0
transient flow - variably saturated conditions
------------------------------------------------------------------------

 Newton Iteration Convergence Summary:
 Newton       maximum      maximum     solver
 iteration    update       residual    iterations  maxvol      nexvol
     1       1.6841D+00   5.7375D-08        9         678        1350
     2       3.1253D-01   4.0355D-08        9         657        1300
     3       1.1511D-01   5.1921D-08        8         678        1250
     4       6.7136D-03   1.0377D-08        7         700        1100
     5       2.9107D-05   6.9474D-08        3         700         450
     6       3.0563D-07   8.0766D-08        1         651           0
transient flow - variably saturated conditions
------------------------------------------------------------------------

 Newton Iteration Convergence Summary:
 Newton       maximum      maximum     solver
 iteration    update       residual    iterations  maxvol      nexvol
     1       1.8050D+00   1.6734D-08       11         781        1500
     2       3.2706D-01   4.5064D-08       10         781        1450
     3       1.0676D-01   4.5579D-09       10         730        1446
     4       5.8549D-03   2.9122D-08        7         732        1250
     5       1.9263D-05   5.9139D-08        3         894         500
     6       8.2990D-08   6.0580D-08        1         701           0
transient flow - variably saturated conditions
------------------------------------------------------------------------

 Newton Iteration Convergence Summary:
 Newton       maximum      maximum     solver
 iteration    update       residual    iterations  maxvol      nexvol
     1       1.7880D+00   4.1133D-08       11         900        1750
     2       3.1724D-01   6.5700D-08       11         900        1650
     3       1.1160D-01   2.4513D-08       10         850        1600
     4       6.0838D-03   1.4270D-08        8         850        1350
     5       1.9836D-05   4.5535D-08        4         850         526
     6       3.6467D-07   4.1000D-08        2         851           0
transient flow - variably saturated conditions
------------------------------------------------------------------------

 Newton Iteration Convergence Summary:
 Newton       maximum      maximum     solver
 iteration    update       residual    iterations  maxvol      nexvol
     1       9.4653D+00   9.3391D-08       18        1049        2450
     2       5.3014D+00   5.1690D-08       36        1451        2450
     3       2.6507D+00   6.8623D-08       36        1801        2450
     4       1.0000D+01   1.3258D-08       43        1751        2450
     5       5.0000D+00   6.3595D-08       38        1751        2445
     6       1.0000D+01   6.5760D-08       34        1792        2450
     7       1.6266D+00   8.1202D-08       34        1291        2450
     8       8.1328D-01   5.6073D-08       28        1641        2450
     9       1.6621D+00   2.4615D-08       26        1641        2450
    10       9.2815D-01   1.6781D-08       24        1292        2450
    11       4.2072D-01   5.7794D-08       22        1484        2450
    12       6.9787D-01   4.2367D-08       19        1418        2450
    13       6.7767D-01   6.7061D-08       18        1441        2449
    14       4.6521D-01   5.6541D-08       18        1441        2450
    15       1.5731D-01   9.4397D-08       17        1441        2400
    16       8.6953D-03   2.6757D-08       14        1441        2194
    17       4.3196D-05   6.0752D-08        4        1441         251
    18       7.3452D-08   2.3100D-08        1        1901           0
 
update boundary conditions - water flow
------------------------------------------------------------------------

 
transient flow - variably saturated conditions
------------------------------------------------------------------------

 Newton Iteration Convergence Summary:
 Newton       maximum      maximum     solver
 iteration    update       residual    iterations  maxvol      nexvol
     1       1.1570D+00   6.9567D-08       16        1476        2450
     2       1.8240D-01   9.7603D-08       16        1400        2450
     3       4.0073D-02   6.6026D-08       13        1326        2450
     4       6.8831D-04   1.0830D-07       10        1326        2125
     5       9.1746D-07   8.9854D-08        4        1276           0
 
update boundary conditions - water flow
------------------------------------------------------------------------

 
transient flow - variably saturated conditions
------------------------------------------------------------------------

 Newton Iteration Convergence Summary:
 Newton       maximum      maximum     solver
 iteration    update       residual    iterations  maxvol      nexvol
     1       9.4459D-01   8.1129D-08       17        1677        2450
     2       1.2045D-01   3.9497D-08       16        1570        2450
     3       1.7274D-02   3.4077D-09       16        1570        2450
     4       9.8908D-05   1.9815D-07        7        1520        1420
     5       1.3780D-06   9.7485D-08        2        1576         512
     6       1.2427D-07   5.5214D-08        1        1851           0
 
update boundary conditions - water flow
------------------------------------------------------------------------

 
transient flow - variably saturated conditions
------------------------------------------------------------------------

 Newton Iteration Convergence Summary:
 Newton       maximum      maximum     solver
 iteration    update       residual    iterations  maxvol      nexvol
     1       7.9360D-01   9.0586D-08       15        1825        2450
     2       8.4958D-02   2.3456D-08       16        1725        2449
     3       9.1503D-03   7.7110D-08       13        1725        2396
     4       2.4330D-05   2.9489D-08        6        1675         974
     5       2.8981D-08   1.9208D-08        1        1675           0
 
update boundary conditions - water flow
------------------------------------------------------------------------

 
transient flow - variably saturated conditions
------------------------------------------------------------------------

 Newton Iteration Convergence Summary:
 Newton       maximum      maximum     solver
 iteration    update       residual    iterations  maxvol      nexvol
     1       6.7987D-01   9.1464D-08       16        1950        2450
     2       6.2385D-02   1.5083D-08       16        1900        2447
     3       5.2616D-03   2.7560D-07       12        1900        2364
     4       8.7688D-06   4.3489D-08        8        1848        1732
     5       1.3882D-07   2.5420D-08        1        1551           0
 
update boundary conditions - water flow
------------------------------------------------------------------------

 
transient flow - variably saturated conditions
------------------------------------------------------------------------

 Newton Iteration Convergence Summary:
 Newton       maximum      maximum     solver
 iteration    update       residual    iterations  maxvol      nexvol
     1       5.9706D-01   4.6637D-08       16        2100        2450
     2       4.7306D-02   1.8276D-08       15        1993        2450
     3       3.2879D-03   1.6758D-07       11        1993        2286
     4       2.5998D-06   1.8084D-07        6        1943         462
     5       5.3424D-07   8.7701D-08        1        1298           0
 
update boundary conditions - water flow
------------------------------------------------------------------------

 
transient flow - variably saturated conditions
------------------------------------------------------------------------

 Newton Iteration Convergence Summary:
 Newton       maximum      maximum     solver
 iteration    update       residual    iterations  maxvol      nexvol
     1       5.4696D-01   4.6499D-08       16        2199        2450
     2       3.7449D-02   6.6608D-08       13        2099        2445
     3       2.1685D-03   8.2236D-08       10        2099        2242
     4       1.0989D-06   7.8752D-08        3        2049           5
     5       1.5836D-07   5.1097D-08        1         945           0
 
update boundary conditions - water flow
------------------------------------------------------------------------

 
transient flow - variably saturated conditions
------------------------------------------------------------------------

 Newton Iteration Convergence Summary:
 Newton       maximum      maximum     solver
 iteration    update       residual    iterations  maxvol      nexvol
     1       5.4254D-01   6.2130D-08       17        2399        2450
     2       3.2242D-02   3.4182D-08       16        2249        2449
     3       1.5683D-03   9.5174D-08       10        2200        2112
     4       7.1458D-07   9.1754D-08        2        2426           0
 
update boundary conditions - water flow
------------------------------------------------------------------------

 
transient flow - variably saturated conditions
------------------------------------------------------------------------

 Newton Iteration Convergence Summary:
 Newton       maximum      maximum     solver
 iteration    update       residual    iterations  maxvol      nexvol
     1       5.6734D-01   7.9114D-08       17        2455        2450
     2       3.4040D-02   5.1546D-08       15        2461        2400
     3       1.6124D-03   6.8944D-08       10        2405        2048
     4       1.4395D-05   7.2263D-08        3        2426          56
     5       2.2173D-07   4.5835D-08        1        2426           0
 
update boundary conditions - water flow
------------------------------------------------------------------------

 
transient flow - variably saturated conditions
------------------------------------------------------------------------

 Newton Iteration Convergence Summary:
 Newton       maximum      maximum     solver
 iteration    update       residual    iterations  maxvol      nexvol
     1       5.3253D-01   5.0151D-08       18        2453        2450
     2       3.6025D-02   8.9793D-08       16        2458        2398
     3       1.9994D-03   5.7514D-08       11        2498        2006
     4       1.9132D-05   5.7937D-08        4        2426          89
     5       2.2625D-07   5.2953D-08        1        2426           0
 
update boundary conditions - water flow
------------------------------------------------------------------------

 
transient flow - variably saturated conditions
------------------------------------------------------------------------

 Newton Iteration Convergence Summary:
 Newton       maximum      maximum     solver
 iteration    update       residual    iterations  maxvol      nexvol
     1       4.6234D-01   3.5953D-08       18        2453        2450
     2       3.1651D-02   8.5589D-08       16        2456        2398
     3       1.7859D-03   9.8876D-08       10        2452        1943
     4       1.9927D-05   7.8553D-08        4        2426         113
     5       2.3333D-07   6.4007D-08        1        2426           0
 
update boundary conditions - water flow
------------------------------------------------------------------------

 
transient flow - variably saturated conditions
------------------------------------------------------------------------

 Newton Iteration Convergence Summary:
 Newton       maximum      maximum     solver
 iteration    update       residual    iterations  maxvol      nexvol
     1       3.8303D-01   2.3640D-08       18        2452        2450
     2       2.4864D-02   6.8311D-08       16        2455        2396
     3       1.3133D-03   8.3374D-08       10        2452        1923
     4       1.4123D-05   7.0863D-08        4        2426          96
     5       1.9268D-07   5.6079D-08        1        2426           0
 
update boundary conditions - water flow
------------------------------------------------------------------------

 
transient flow - variably saturated conditions
------------------------------------------------------------------------

 Newton Iteration Convergence Summary:
 Newton       maximum      maximum     solver
 iteration    update       residual    iterations  maxvol      nexvol
     1       3.0971D-01   2.8739D-08       18        2452        2450
     2       1.8302D-02   6.8102D-08       16        2455        2398
     3       8.6166D-04   6.6567D-08       10        2452        1845
     4       9.4948D-06   5.5107D-08        4        2426          74
     5       1.4986D-07   4.2481D-08        1        2426           0
 
update boundary conditions - water flow
------------------------------------------------------------------------

 
transient flow - variably saturated conditions
------------------------------------------------------------------------

 Newton Iteration Convergence Summary:
 Newton       maximum      maximum     solver
 iteration    update       residual    iterations  maxvol      nexvol
     1       2.4905D-01   5.7760D-08       18        2476        2450
     2       1.3000D-02   9.9621D-08       15        2455        2396
     3       5.2809D-04   5.0818D-08       10        2451        1728
     4       5.5355D-06   6.9058D-08        3        2426          47
     5       2.3612D-07   3.9902D-08        1        2426           0
 
update boundary conditions - water flow
------------------------------------------------------------------------

 
transient flow - variably saturated conditions
------------------------------------------------------------------------

 Newton Iteration Convergence Summary:
 Newton       maximum      maximum     solver
 iteration    update       residual    iterations  maxvol      nexvol
     1       1.9954D-01   2.5165D-08       18        2476        2450
     2       9.0688D-03   6.6085D-08       16        2456        2398
     3       3.1341D-04   7.2416D-08        9        2451        1625
     4       3.2569D-06   6.0539D-08        3        2426          31
     5       1.7321D-07   3.6383D-08        1        2427           0
 
update boundary conditions - water flow
------------------------------------------------------------------------

 
transient flow - variably saturated conditions
------------------------------------------------------------------------

 Newton Iteration Convergence Summary:
 Newton       maximum      maximum     solver
 iteration    update       residual    iterations  maxvol      nexvol
     1       1.6128D-01   6.9143D-08       17        2476        2450
     2       6.2794D-03   6.0909D-08       16        2457        2395
     3       1.8203D-04   4.9118D-08        9        2451        1373
     4       1.6606D-06   6.4957D-08        2        2427          11
     5       2.3046D-07   3.7684D-08        1        2427           0
 
update boundary conditions - water flow
------------------------------------------------------------------------

 
transient flow - variably saturated conditions
------------------------------------------------------------------------

 Newton Iteration Convergence Summary:
 Newton       maximum      maximum     solver
 iteration    update       residual    iterations  maxvol      nexvol
     1       1.2954D-01   3.5848D-08       17        2476        2450
     2       4.3386D-03   9.0624D-08       15        2457        2381
     3       1.0610D-04   6.4343D-08        8        2451        1034
     4       6.2955D-07   9.6102D-08        1        2427           0
 
update boundary conditions - water flow
------------------------------------------------------------------------

 
transient flow - variably saturated conditions
------------------------------------------------------------------------

 Newton Iteration Convergence Summary:
 Newton       maximum      maximum     solver
 iteration    update       residual    iterations  maxvol      nexvol
     1       1.0527D-01   6.0075D-08       17        2477        2450
     2       3.0003D-03   7.5303D-08       15        2458        2358
     3       6.1404D-05   8.1012D-08        7        2451        1011
     4       3.6175D-07   8.1484D-08        1        2427           0
 
update boundary conditions - water flow
------------------------------------------------------------------------

 
transient flow - variably saturated conditions
------------------------------------------------------------------------

 Newton Iteration Convergence Summary:
 Newton       maximum      maximum     solver
 iteration    update       residual    iterations  maxvol      nexvol
     1       8.4715D-02   7.2379D-08       17        2478        2450
     2       2.0779D-03   8.1069D-08       14        2458        2349
     3       3.6003D-05   6.6499D-08        7        2451         996
     4       2.2352D-07   6.0977D-08        1        2426           0
 
update boundary conditions - water flow
------------------------------------------------------------------------

 
transient flow - variably saturated conditions
------------------------------------------------------------------------

 Newton Iteration Convergence Summary:
 Newton       maximum      maximum     solver
 iteration    update       residual    iterations  maxvol      nexvol
     1       6.9088D-02   6.3279D-08       17        2476        2450
     2       1.4420D-03   3.2556D-08       16        2458        2334
     3       2.0978D-05   7.3131D-08        6        2451         946
     4       1.5904D-07   5.7070D-08        1        2427           0
 
update boundary conditions - water flow
------------------------------------------------------------------------

 
transient flow - variably saturated conditions
------------------------------------------------------------------------

 Newton Iteration Convergence Summary:
 Newton       maximum      maximum     solver
 iteration    update       residual    iterations  maxvol      nexvol
     1       5.6288D-02   5.8275D-08       17        2459        2450
     2       1.0022D-03   8.9333D-08       14        2458        2318
     3       1.2334D-05   6.5720D-08        6        2451         905
     4       1.5101D-07   4.6677D-08        1        1550           0
 
update boundary conditions - water flow
------------------------------------------------------------------------

 
transient flow - variably saturated conditions
------------------------------------------------------------------------

 Newton Iteration Convergence Summary:
 Newton       maximum      maximum     solver
 iteration    update       residual    iterations  maxvol      nexvol
     1       4.6233D-02   4.0790D-08       17        2455        2450
     2       6.9715D-04   7.1876D-08       14        2458        2285
     3       7.1817D-06   7.4696D-08        5        2451         800
     4       2.0185D-07   4.2389D-08        1        1700           0
 
update boundary conditions - water flow
------------------------------------------------------------------------

 
transient flow - variably saturated conditions
------------------------------------------------------------------------

 Newton Iteration Convergence Summary:
 Newton       maximum      maximum     solver
 iteration    update       residual    iterations  maxvol      nexvol
     1       3.8054D-02   2.9416D-08       17        2454        2450
     2       4.8517D-04   9.0731D-08       13        2458        2248
     3       4.1634D-06   9.2873D-08        4        2451         659
     4       2.5503D-07   5.5977D-08        1        2476           0
 
update boundary conditions - water flow
------------------------------------------------------------------------

 
transient flow - variably saturated conditions
------------------------------------------------------------------------

 Newton Iteration Convergence Summary:
 Newton       maximum      maximum     solver
 iteration    update       residual    iterations  maxvol      nexvol
     1       3.1365D-02   9.7384D-08       16        2453        2450
     2       3.3758D-04   9.8590D-08       12        2457        2199
     3       2.4096D-06   7.5703D-08        4        2500         416
     4       1.4294D-07   5.2009D-08        1        2476           0
 
update boundary conditions - water flow
------------------------------------------------------------------------

 
transient flow - variably saturated conditions
------------------------------------------------------------------------

 Newton Iteration Convergence Summary:
 Newton       maximum      maximum     solver
 iteration    update       residual    iterations  maxvol      nexvol
     1       2.5872D-02   5.2318D-08       16        2452        2450
     2       2.3483D-04   7.4979D-08       12        2457        2133
     3       2.3972D-06   8.7232D-08        3        2427          50
     4       2.1057D-07   5.4231D-08        1        2402           0
 
update boundary conditions - water flow
------------------------------------------------------------------------

 
transient flow - variably saturated conditions
------------------------------------------------------------------------

 Newton Iteration Convergence Summary:
 Newton       maximum      maximum     solver
 iteration    update       residual    iterations  maxvol      nexvol
     1       2.1342D-02   8.8642D-08       16        2452        2450
     2       1.6313D-04   8.4054D-08       11        2457        2092
     3       2.4525D-06   6.9483D-08        3        2427          28
     4       1.4810D-07   4.6084D-08        1        2400           0
 
update boundary conditions - water flow
------------------------------------------------------------------------

 
transient flow - variably saturated conditions
------------------------------------------------------------------------

 Newton Iteration Convergence Summary:
 Newton       maximum      maximum     solver
 iteration    update       residual    iterations  maxvol      nexvol
     1       1.7595D-02   7.4842D-08       16        2452        2450
     2       1.6278D-04   6.6850D-08       11        2427        1932
     3       1.4446D-06   6.2038D-08        2        2427           9
     4       1.8007D-07   3.8450D-08        1        2427           0
 
update boundary conditions - water flow
------------------------------------------------------------------------

 
transient flow - variably saturated conditions
------------------------------------------------------------------------

 Newton Iteration Convergence Summary:
 Newton       maximum      maximum     solver
 iteration    update       residual    iterations  maxvol      nexvol
     1       1.4489D-02   5.1631D-08       16        2451        2450
     2       1.5134D-04   8.8415D-08       10        2427        1794
     3       1.3107D-06   5.7194D-08        2        2427           8
     4       1.3772D-07   3.6497D-08        1        2427           0
 
update boundary conditions - water flow
------------------------------------------------------------------------

 
transient flow - variably saturated conditions
------------------------------------------------------------------------

 Newton Iteration Convergence Summary:
 Newton       maximum      maximum     solver
 iteration    update       residual    iterations  maxvol      nexvol
     1       1.1910D-02   4.3660D-08       16        2451        2450
     2       1.3270D-04   6.9319D-08       10        2427        1625
     3       1.2022D-06   4.4792D-08        2        2427           5
     4       1.2396D-07   2.6979D-08        1        2427           0
 
update boundary conditions - water flow
------------------------------------------------------------------------

 
transient flow - variably saturated conditions
------------------------------------------------------------------------

 Newton Iteration Convergence Summary:
 Newton       maximum      maximum     solver
 iteration    update       residual    iterations  maxvol      nexvol
     1       9.7633D-03   3.8815D-08       16        2451        2450
     2       1.1172D-04   8.4434D-08        9        2427        1463
     3       7.0592D-07   9.2869D-08        1        2427           0
 
update boundary conditions - water flow
------------------------------------------------------------------------

 
transient flow - variably saturated conditions
------------------------------------------------------------------------

 Newton Iteration Convergence Summary:
 Newton       maximum      maximum     solver
 iteration    update       residual    iterations  maxvol      nexvol
     1       7.9744D-03   9.9508D-08       15        2451        2450
     2       8.9631D-05   7.3600D-08        8        2427        1380
     3       6.0875D-07   8.4044D-08        1        2427           0
 
update boundary conditions - water flow
------------------------------------------------------------------------

 
transient flow - variably saturated conditions
------------------------------------------------------------------------

 Newton Iteration Convergence Summary:
 Newton       maximum      maximum     solver
 iteration    update       residual    iterations  maxvol      nexvol
     1       6.4809D-03   3.7911D-08       16        2451        2450
     2       6.8317D-05   6.6073D-08        7        2427        1122
     3       5.2360D-07   7.7760D-08        1        2427           0
 
update boundary conditions - water flow
------------------------------------------------------------------------

 
transient flow - variably saturated conditions
------------------------------------------------------------------------

 Newton Iteration Convergence Summary:
 Newton       maximum      maximum     solver
 iteration    update       residual    iterations  maxvol      nexvol
     1       5.2309D-03   4.9197D-08       16        2451        2450
     2       4.7313D-05   7.6305D-08        6        2427         912
     3       4.2677D-07   7.6052D-08        1        2427           0
 
update boundary conditions - water flow
------------------------------------------------------------------------

 
transient flow - variably saturated conditions
------------------------------------------------------------------------

 Newton Iteration Convergence Summary:
 Newton       maximum      maximum     solver
 iteration    update       residual    iterations  maxvol      nexvol
     1       4.1828D-03   7.0358D-08       15        2451        2450
     2       2.8750D-05   5.2937D-08        6        2427         735
     3       2.8416D-07   5.1708D-08        1        2427           0
 
update boundary conditions - water flow
------------------------------------------------------------------------

 
transient flow - variably saturated conditions
------------------------------------------------------------------------

 Newton Iteration Convergence Summary:
 Newton       maximum      maximum     solver
 iteration    update       residual    iterations  maxvol      nexvol
     1       3.3030D-03   5.6343D-08       16        2451        2450
     2       1.1147D-05   5.7313D-08        5        2427         541
     3       1.5229D-07   3.8436D-08        1        2451           0
 
update boundary conditions - water flow
------------------------------------------------------------------------

 
transient flow - variably saturated conditions
------------------------------------------------------------------------

 Newton Iteration Convergence Summary:
 Newton       maximum      maximum     solver
 iteration    update       residual    iterations  maxvol      nexvol
     1       2.5644D-03   4.1381D-08       16        2451        2450
     2       4.6681D-06   8.2259D-08        4        2428         394
     3       2.1305D-07   4.9415D-08        1        2120           0
 
update boundary conditions - water flow
------------------------------------------------------------------------

 
transient flow - variably saturated conditions
------------------------------------------------------------------------

 Newton Iteration Convergence Summary:
 Newton       maximum      maximum     solver
 iteration    update       residual    iterations  maxvol      nexvol
     1       1.9436D-03   1.7797D-07       16        2451        2415
     2       1.8308D-05   8.6920D-08        5        2427         626
     3       3.7066D-07   7.2656D-08        1        2427           0
 
update boundary conditions - water flow
------------------------------------------------------------------------

 
transient flow - variably saturated conditions
------------------------------------------------------------------------

 Newton Iteration Convergence Summary:
 Newton       maximum      maximum     solver
 iteration    update       residual    iterations  maxvol      nexvol
     1       1.5953D-03   8.3448D-08       17        2430        2400
     2       3.0142D-05   7.9041D-08        6        2427         621
     3       3.7238D-07   7.3489D-08        1        2427           0
 
update boundary conditions - water flow
------------------------------------------------------------------------

 
transient flow - variably saturated conditions
------------------------------------------------------------------------

 Newton Iteration Convergence Summary:
 Newton       maximum      maximum     solver
 iteration    update       residual    iterations  maxvol      nexvol
     1       2.0311D-03   9.8306D-08       18        2424        2400
     2       3.8676D-05   8.4908D-08        6        2427         519
     3       4.7532D-07   8.5757D-08        1        2427           0
 
update boundary conditions - water flow
------------------------------------------------------------------------

 
transient flow - variably saturated conditions
------------------------------------------------------------------------

 Newton Iteration Convergence Summary:
 Newton       maximum      maximum     solver
 iteration    update       residual    iterations  maxvol      nexvol
     1       2.3976D-03   6.8984D-08       16        2424        2308
     2       4.6944D-05   7.5797D-08        7        2427         691
     3       5.9853D-07   8.6947D-08        1        2427           0
 
update boundary conditions - water flow
------------------------------------------------------------------------

 
transient flow - variably saturated conditions
------------------------------------------------------------------------

 Newton Iteration Convergence Summary:
 Newton       maximum      maximum     solver
 iteration    update       residual    iterations  maxvol      nexvol
     1       2.7681D-03   6.9470D-08       17        2424        2183
     2       5.5373D-05   9.2002D-08        7        2427         729
     3       1.0755D-06   6.5599D-08        2        2427           8
     4       1.0444D-07   4.7686D-08        1        2437           0
 
update boundary conditions - water flow
------------------------------------------------------------------------

 
transient flow - variably saturated conditions
------------------------------------------------------------------------

 Newton Iteration Convergence Summary:
 Newton       maximum      maximum     solver
 iteration    update       residual    iterations  maxvol      nexvol
     1       3.0077D-03   6.7970D-08       17        2424        2319
     2       5.9230D-05   9.9476D-08        7        2427         775
     3       1.1676D-06   7.0609D-08        2        2427          13
     4       1.0913D-07   5.1147D-08        1        2437           0
 
update boundary conditions - water flow
------------------------------------------------------------------------

 
transient flow - variably saturated conditions
------------------------------------------------------------------------

 Newton Iteration Convergence Summary:
 Newton       maximum      maximum     solver
 iteration    update       residual    iterations  maxvol      nexvol
     1       3.1805D-03   5.9529D-08       17        2423        2383
     2       6.2041D-05   6.7616D-08        8        2427         871
     3       7.1988D-07   9.7418D-08        1        2427           0
 
update boundary conditions - water flow
------------------------------------------------------------------------

 
transient flow - variably saturated conditions
------------------------------------------------------------------------

 Newton Iteration Convergence Summary:
 Newton       maximum      maximum     solver
 iteration    update       residual    iterations  maxvol      nexvol
     1       3.3682D-03   5.6950D-08       17        2423        2400
     2       6.5161D-05   7.3356D-08        8        2426         902
     3       1.1751D-06   6.2407D-08        2        2427          11
     4       1.1162D-07   4.4901D-08        1        2436           0
 
update boundary conditions - water flow
------------------------------------------------------------------------

 
transient flow - variably saturated conditions
------------------------------------------------------------------------

 Newton Iteration Convergence Summary:
 Newton       maximum      maximum     solver
 iteration    update       residual    iterations  maxvol      nexvol
     1       3.4013D-03   9.5249D-08       16        2423        2400
     2       6.6513D-05   8.4096D-08        8        2426         953
     3       1.2108D-06   6.7828D-08        2        2427          16
     4       1.1300D-07   4.9363D-08        1        2436           0
 
update boundary conditions - water flow
------------------------------------------------------------------------

 
transient flow - variably saturated conditions
------------------------------------------------------------------------

 Newton Iteration Convergence Summary:
 Newton       maximum      maximum     solver
 iteration    update       residual    iterations  maxvol      nexvol
     1       3.4166D-03   9.3718D-08       16        2423        2400
     2       6.5846D-05   8.6750D-08        8        2426         986
     3       1.2051D-06   6.8661D-08        2        2427          17
     4       1.0943D-07   5.0095D-08        1        2436           0
 
update boundary conditions - water flow
------------------------------------------------------------------------

 
transient flow - variably saturated conditions
------------------------------------------------------------------------

 Newton Iteration Convergence Summary:
 Newton       maximum      maximum     solver
 iteration    update       residual    iterations  maxvol      nexvol
     1       3.4584D-03   8.8259D-08       16        2422        2400
     2       6.7138D-05   9.1353D-08        8        2426        1037
     3       1.2238D-06   7.0715D-08        2        2426          19
     4       1.0953D-07   5.1762D-08        1        2436           0
 
update boundary conditions - water flow
------------------------------------------------------------------------

 
transient flow - variably saturated conditions
------------------------------------------------------------------------

 Newton Iteration Convergence Summary:
 Newton       maximum      maximum     solver
 iteration    update       residual    iterations  maxvol      nexvol
     1       3.5253D-03   9.5336D-08       16        2422        2400
     2       6.6951D-05   9.4829D-08        8        2425        1064
     3       1.2184D-06   7.1592D-08        2        2426          16
     4       1.0756D-07   5.2585D-08        1        1928           0
 
update boundary conditions - water flow
------------------------------------------------------------------------

 
transient flow - variably saturated conditions
------------------------------------------------------------------------

 Newton Iteration Convergence Summary:
 Newton       maximum      maximum     solver
 iteration    update       residual    iterations  maxvol      nexvol
     1       3.5553D-03   8.6565D-08       16        2422        2400
     2       6.7546D-05   9.3765D-08        8        2425        1095
     3       1.2270D-06   7.1123D-08        2        2426          17
     4       1.0879D-07   5.2346D-08        1        1928           0
 
update boundary conditions - water flow
------------------------------------------------------------------------

 
transient flow - variably saturated conditions
------------------------------------------------------------------------

 Newton Iteration Convergence Summary:
 Newton       maximum      maximum     solver
 iteration    update       residual    iterations  maxvol      nexvol
     1       3.5454D-03   7.6211D-08       16        2422        2400
     2       6.6574D-05   9.0409D-08        8        2425        1121
     3       1.2009D-06   6.8755D-08        2        2426          16
     4       1.0860D-07   5.0851D-08        1        1927           0
 
update boundary conditions - water flow
------------------------------------------------------------------------

 
transient flow - variably saturated conditions
------------------------------------------------------------------------

 Newton Iteration Convergence Summary:
 Newton       maximum      maximum     solver
 iteration    update       residual    iterations  maxvol      nexvol
     1       3.5042D-03   5.5525D-08       16        2421        2403
     2       6.4661D-05   8.8806D-08        8        2425        1135
     3       1.1591D-06   6.6751D-08        2        2426          14
     4       1.0570D-07   4.9487D-08        1        1928           0
 
update boundary conditions - water flow
------------------------------------------------------------------------

 
transient flow - variably saturated conditions
------------------------------------------------------------------------

 Newton Iteration Convergence Summary:
 Newton       maximum      maximum     solver
 iteration    update       residual    iterations  maxvol      nexvol
     1       3.4424D-03   9.7614D-08       15        2421        2414
     2       6.3221D-05   9.1191D-08        8        2425        1300
     3       1.1433D-06   6.7700D-08        2        2426          12
     4       1.0838D-07   5.0799D-08        1        1928           0
 
update boundary conditions - water flow
------------------------------------------------------------------------

 
transient flow - variably saturated conditions
------------------------------------------------------------------------

 Newton Iteration Convergence Summary:
 Newton       maximum      maximum     solver
 iteration    update       residual    iterations  maxvol      nexvol
     1       3.3243D-03   5.1206D-08       16        2421        2421
     2       5.9743D-05   8.3699D-08        8        2424        1169
     3       6.9804D-07   9.9696D-08        1        2425           0
 
update boundary conditions - water flow
------------------------------------------------------------------------

 
transient flow - variably saturated conditions
------------------------------------------------------------------------

 Newton Iteration Convergence Summary:
 Newton       maximum      maximum     solver
 iteration    update       residual    iterations  maxvol      nexvol
     1       3.2437D-03   7.2475D-08       16        2420        2424
     2       5.9528D-05   8.3876D-08        8        2424        1180
     3       6.9125D-07   9.9862D-08        1        2425           0
 
update boundary conditions - water flow
------------------------------------------------------------------------

 
transient flow - variably saturated conditions
------------------------------------------------------------------------

 Newton Iteration Convergence Summary:
 Newton       maximum      maximum     solver
 iteration    update       residual    iterations  maxvol      nexvol
     1       3.1898D-03   6.8650D-08       16        2420        2428
     2       5.9738D-05   8.3880D-08        8        2424        1183
     3       7.0938D-07   9.9463D-08        1        2425           0
 
update boundary conditions - water flow
------------------------------------------------------------------------

 
transient flow - variably saturated conditions
------------------------------------------------------------------------

 Newton Iteration Convergence Summary:
 Newton       maximum      maximum     solver
 iteration    update       residual    iterations  maxvol      nexvol
     1       3.0940D-03   7.7925D-08       16        2420        2430
     2       5.7532D-05   8.2853D-08        8        2424        1226
     3       6.9379D-07   9.6594D-08        1        2425           0
 
update boundary conditions - water flow
------------------------------------------------------------------------

 
transient flow - variably saturated conditions
------------------------------------------------------------------------

 Newton Iteration Convergence Summary:
 Newton       maximum      maximum     solver
 iteration    update       residual    iterations  maxvol      nexvol
     1       1.9708D-03   6.8843D-08       16        2416        2399
     2       1.2193D-05   7.7163D-08        6        2270         753
     3       2.1997D-07   5.0779D-08        1        2451           0
 
update boundary conditions - water flow
------------------------------------------------------------------------

 
transient flow - variably saturated conditions
------------------------------------------------------------------------

 Newton Iteration Convergence Summary:
 Newton       maximum      maximum     solver
 iteration    update       residual    iterations  maxvol      nexvol
     1       1.9225D-03   7.2004D-08       17        2428        2400
     2       1.8299D-05   6.2517D-08        5        2426         335
     3       3.6748D-07   4.1767D-08        1        2426           0
 
update boundary conditions - water flow
------------------------------------------------------------------------

 
transient flow - variably saturated conditions
------------------------------------------------------------------------

 Newton Iteration Convergence Summary:
 Newton       maximum      maximum     solver
 iteration    update       residual    iterations  maxvol      nexvol
     1       2.5343D-03   5.2285D-08       18        2427        2400
     2       3.0222D-05   7.3132D-08        6        2426         497
     3       3.4348D-07   6.4656D-08        1        2426           0
 
update boundary conditions - water flow
------------------------------------------------------------------------

 
transient flow - variably saturated conditions
------------------------------------------------------------------------

 Newton Iteration Convergence Summary:
 Newton       maximum      maximum     solver
 iteration    update       residual    iterations  maxvol      nexvol
     1       2.9220D-03   1.7971D-07       19        2426        2397
     2       3.6574D-05   7.9981D-08        6        2426         612
     3       3.6418D-07   7.2803D-08        1        2426           0
 
update boundary conditions - water flow
------------------------------------------------------------------------

 
transient flow - variably saturated conditions
------------------------------------------------------------------------

 Newton Iteration Convergence Summary:
 Newton       maximum      maximum     solver
 iteration    update       residual    iterations  maxvol      nexvol
     1       3.1585D-03   1.1255D-07       19        2426        2371
     2       3.9790D-05   6.7384D-08        7        2426         778
     3       4.5379D-07   6.4576D-08        1        2425           0
 
update boundary conditions - water flow
------------------------------------------------------------------------

 
transient flow - variably saturated conditions
------------------------------------------------------------------------

 Newton Iteration Convergence Summary:
 Newton       maximum      maximum     solver
 iteration    update       residual    iterations  maxvol      nexvol
     1       3.4354D-03   6.5188D-08       16        2426        2258
     2       4.2492D-05   9.3441D-08        7        2426         994
     3       5.4780D-07   8.3221D-08        1        2425           0
 
update boundary conditions - water flow
------------------------------------------------------------------------

 
transient flow - variably saturated conditions
------------------------------------------------------------------------

 Newton Iteration Convergence Summary:
 Newton       maximum      maximum     solver
 iteration    update       residual    iterations  maxvol      nexvol
     1       3.5503D-03   9.3990D-08       16        2426        2214
     2       4.2834D-05   9.9050D-08        7        2426        1102
     3       5.7432D-07   8.7018D-08        1        2425           0
 
update boundary conditions - water flow
------------------------------------------------------------------------

 
transient flow - variably saturated conditions
------------------------------------------------------------------------

 Newton Iteration Convergence Summary:
 Newton       maximum      maximum     solver
 iteration    update       residual    iterations  maxvol      nexvol
     1       3.5865D-03   6.6846D-08       17        2426        2215
     2       4.2028D-05   9.5489D-08        7        2426        1076
     3       5.3996D-07   8.2748D-08        1        2425           0
 
update boundary conditions - water flow
------------------------------------------------------------------------

 
transient flow - variably saturated conditions
------------------------------------------------------------------------

 Newton Iteration Convergence Summary:
 Newton       maximum      maximum     solver
 iteration    update       residual    iterations  maxvol      nexvol
     1       3.5980D-03   9.8791D-08       16        2425        2189
     2       4.1128D-05   9.8559D-08        7        2426        1176
     3       5.3831D-07   8.3763D-08        1        2426           0
 
update boundary conditions - water flow
------------------------------------------------------------------------

 
transient flow - variably saturated conditions
------------------------------------------------------------------------

 Newton Iteration Convergence Summary:
 Newton       maximum      maximum     solver
 iteration    update       residual    iterations  maxvol      nexvol
     1       3.5369D-03   9.2836D-08       16        2426        2342
     2       3.9217D-05   9.5059D-08        7        2426        1174
     3       5.1658D-07   7.9864D-08        1        2426           0
 
update boundary conditions - water flow
------------------------------------------------------------------------

 
transient flow - variably saturated conditions
------------------------------------------------------------------------

 Newton Iteration Convergence Summary:
 Newton       maximum      maximum     solver
 iteration    update       residual    iterations  maxvol      nexvol
     1       3.6041D-03   9.2843D-08       16        2425        2371
     2       3.8065D-05   9.4526D-08        7        2426        1165
     3       4.8999D-07   7.7809D-08        1        2426           0
 
update boundary conditions - water flow
------------------------------------------------------------------------

 
transient flow - variably saturated conditions
------------------------------------------------------------------------

 Newton Iteration Convergence Summary:
 Newton       maximum      maximum     solver
 iteration    update       residual    iterations  maxvol      nexvol
     1       3.4779D-03   8.8552D-08       16        2425        2382
     2       3.5517D-05   8.9781D-08        7        2426        1128
     3       4.5526D-07   7.2692D-08        1        2426           0
 
update boundary conditions - water flow
------------------------------------------------------------------------

 
transient flow - variably saturated conditions
------------------------------------------------------------------------

 Newton Iteration Convergence Summary:
 Newton       maximum      maximum     solver
 iteration    update       residual    iterations  maxvol      nexvol
     1       3.5054D-03   8.1099D-08       16        2425        2388
     2       3.4207D-05   8.7520D-08        7        2426        1117
     3       4.3289D-07   6.9763D-08        1        2426           0
 
update boundary conditions - water flow
------------------------------------------------------------------------

 
transient flow - variably saturated conditions
------------------------------------------------------------------------

 Newton Iteration Convergence Summary:
 Newton       maximum      maximum     solver
 iteration    update       residual    iterations  maxvol      nexvol
     1       3.4769D-03   9.1860D-08       16        2425        2400
     2       3.2172D-05   8.4971D-08        7        2426        1080
     3       4.0860D-07   6.6596D-08        1        2426           0
 
update boundary conditions - water flow
------------------------------------------------------------------------

 
transient flow - variably saturated conditions
------------------------------------------------------------------------

 Newton Iteration Convergence Summary:
 Newton       maximum      maximum     solver
 iteration    update       residual    iterations  maxvol      nexvol
     1       3.3712D-03   9.7397D-08       16        2425        2400
     2       3.0248D-05   8.1800D-08        7        2426        1128
     3       3.9768D-07   6.3674D-08        1        2426           0
 
update boundary conditions - water flow
------------------------------------------------------------------------

 
transient flow - variably saturated conditions
------------------------------------------------------------------------

 Newton Iteration Convergence Summary:
 Newton       maximum      maximum     solver
 iteration    update       residual    iterations  maxvol      nexvol
     1       3.3156D-03   6.2701D-08       16        2425        2400
     2       2.8571D-05   7.6868D-08        7        2426        1023
     3       3.3791D-07   5.8093D-08        1        2426           0
 
update boundary conditions - water flow
------------------------------------------------------------------------

 
transient flow - variably saturated conditions
------------------------------------------------------------------------

 Newton Iteration Convergence Summary:
 Newton       maximum      maximum     solver
 iteration    update       residual    iterations  maxvol      nexvol
     1       3.3396D-03   4.8444D-08       16        2425        2400
     2       2.6647D-05   7.2298D-08        7        2426         985
     3       2.9485D-07   5.3263D-08        1        2426           0
 
update boundary conditions - water flow
------------------------------------------------------------------------

 
transient flow - variably saturated conditions
------------------------------------------------------------------------

 Newton Iteration Convergence Summary:
 Newton       maximum      maximum     solver
 iteration    update       residual    iterations  maxvol      nexvol
     1       3.2006D-03   8.1273D-08       16        2425        2400
     2       2.4540D-05   7.4838D-08        7        2426        1018
     3       2.7989D-07   5.3406D-08        1        2426           0
 
update boundary conditions - water flow
------------------------------------------------------------------------

 
transient flow - variably saturated conditions
------------------------------------------------------------------------

 Newton Iteration Convergence Summary:
 Newton       maximum      maximum     solver
 iteration    update       residual    iterations  maxvol      nexvol
     1       3.1383D-03   5.6889D-08       16        2425        2400
     2       2.2955D-05   6.9596D-08        7        2427         984
     3       2.5121D-07   4.8581D-08        1        2051           0
 
update boundary conditions - water flow
------------------------------------------------------------------------

 
transient flow - variably saturated conditions
------------------------------------------------------------------------

 Newton Iteration Convergence Summary:
 Newton       maximum      maximum     solver
 iteration    update       residual    iterations  maxvol      nexvol
     1       3.0823D-03   6.6718D-08       16        2425        2400
     2       2.1371D-05   6.8586D-08        7        2427         934
     3       2.4802D-07   4.6458D-08        1        2051           0
 
update boundary conditions - water flow
------------------------------------------------------------------------

 
transient flow - variably saturated conditions
------------------------------------------------------------------------

 Newton Iteration Convergence Summary:
 Newton       maximum      maximum     solver
 iteration    update       residual    iterations  maxvol      nexvol
     1       2.9561D-03   9.2604D-08       15        2424        2400
     2       1.9670D-05   7.8512D-08        6        2427         806
     3       2.0594D-07   4.9774D-08        1        2451           0
 
update boundary conditions - water flow
------------------------------------------------------------------------

 
transient flow - variably saturated conditions
------------------------------------------------------------------------

 Newton Iteration Convergence Summary:
 Newton       maximum      maximum     solver
 iteration    update       residual    iterations  maxvol      nexvol
     1       2.9016D-03   1.5525D-07       15        2424        2400
     2       1.8643D-05   7.5283D-08        7        2427        1091
     3       2.6050D-07   4.7694D-08        1        1901           0
 
update boundary conditions - water flow
------------------------------------------------------------------------

 
transient flow - variably saturated conditions
------------------------------------------------------------------------

 Newton Iteration Convergence Summary:
 Newton       maximum      maximum     solver
 iteration    update       residual    iterations  maxvol      nexvol
     1       2.7429D-03   7.6243D-08       15        2424        2400
     2       1.6832D-05   9.1430D-08        6        2427         794
     3       2.2867D-07   5.7802D-08        1        2451           0
 
update boundary conditions - water flow
------------------------------------------------------------------------

 
transient flow - variably saturated conditions
------------------------------------------------------------------------

 Newton Iteration Convergence Summary:
 Newton       maximum      maximum     solver
 iteration    update       residual    iterations  maxvol      nexvol
     1       2.7134D-03   3.6701D-08       16        2424        2400
     2       1.5711D-05   7.9758D-08        6        2427         697
     3       2.0458D-07   4.9836D-08        1        2451           0
 
update boundary conditions - water flow
------------------------------------------------------------------------

 
transient flow - variably saturated conditions
------------------------------------------------------------------------

 Newton Iteration Convergence Summary:
 Newton       maximum      maximum     solver
 iteration    update       residual    iterations  maxvol      nexvol
     1       2.4986D-03   5.6246D-08       15        2424        2400
     2       1.4371D-05   7.8355D-08        6        2427         691
     3       2.1075D-07   4.7978D-08        1        2451           0
 
update boundary conditions - water flow
------------------------------------------------------------------------

 
transient flow - variably saturated conditions
------------------------------------------------------------------------

 Newton Iteration Convergence Summary:
 Newton       maximum      maximum     solver
 iteration    update       residual    iterations  maxvol      nexvol
     1       2.3908D-03   7.0429D-08       15        2424        2400
     2       1.3279D-05   7.5409D-08        6        2427         642
     3       2.0546D-07   4.5491D-08        1        2451           0
 
update boundary conditions - water flow
------------------------------------------------------------------------

 
transient flow - variably saturated conditions
------------------------------------------------------------------------

 Newton Iteration Convergence Summary:
 Newton       maximum      maximum     solver
 iteration    update       residual    iterations  maxvol      nexvol
     1       2.3675D-03   9.4904D-08       15        2424        2400
     2       1.2334D-05   7.2347D-08        6        2427         598
     3       1.6524D-07   4.5261D-08        1        2451           0
 
update boundary conditions - water flow
------------------------------------------------------------------------

 
transient flow - variably saturated conditions
------------------------------------------------------------------------

 Newton Iteration Convergence Summary:
 Newton       maximum      maximum     solver
 iteration    update       residual    iterations  maxvol      nexvol
     1       2.2358D-03   8.7397D-08       14        2423        2400
     2       1.1188D-05   6.9770D-08        6        2427         677
     3       1.5926D-07   4.3983D-08        1        2451           0
 
update boundary conditions - water flow
------------------------------------------------------------------------

 
transient flow - variably saturated conditions
------------------------------------------------------------------------

 Newton Iteration Convergence Summary:
 Newton       maximum      maximum     solver
 iteration    update       residual    iterations  maxvol      nexvol
     1       2.1750D-03   5.9231D-08       15        2423        2400
     2       1.0333D-05   8.7691D-08        5        2428         487
     3       3.1376D-07   4.5222D-08        1        1677           0
 
update boundary conditions - water flow
------------------------------------------------------------------------

 
transient flow - variably saturated conditions
------------------------------------------------------------------------

 Newton Iteration Convergence Summary:
 Newton       maximum      maximum     solver
 iteration    update       residual    iterations  maxvol      nexvol
     1       2.0848D-03   8.4642D-08       15        2423        2400
     2       9.5985D-06   8.4316D-08        5        2428         462
     3       3.3218D-07   4.3214D-08        1        1677           0
 
update boundary conditions - water flow
------------------------------------------------------------------------

 
transient flow - variably saturated conditions
------------------------------------------------------------------------

 Newton Iteration Convergence Summary:
 Newton       maximum      maximum     solver
 iteration    update       residual    iterations  maxvol      nexvol
     1       2.0070D-03   7.4393D-08       14        2423        2400
     2       8.7998D-06   8.4147D-08        5        2428         461
     3       2.9320D-07   4.3974D-08        1        1678           0
 
update boundary conditions - water flow
------------------------------------------------------------------------

 
transient flow - variably saturated conditions
------------------------------------------------------------------------

 Newton Iteration Convergence Summary:
 Newton       maximum      maximum     solver
 iteration    update       residual    iterations  maxvol      nexvol
     1       1.8808D-03   6.8899D-08       15        2423        2400
     2       8.1204D-06   7.2014D-08        5        2428         398
     3       2.5431D-07   3.8209D-08        1        1678           0
 
update boundary conditions - water flow
------------------------------------------------------------------------

 
transient flow - variably saturated conditions
------------------------------------------------------------------------

 Newton Iteration Convergence Summary:
 Newton       maximum      maximum     solver
 iteration    update       residual    iterations  maxvol      nexvol
     1       1.7716D-03   7.2877D-08       14        2423        2400
     2       7.3095D-06   7.3161D-08        5        2428         386
     3       2.5663D-07   3.8362D-08        1        1678           0
 
update boundary conditions - water flow
------------------------------------------------------------------------

 
transient flow - variably saturated conditions
------------------------------------------------------------------------

 Newton Iteration Convergence Summary:
 Newton       maximum      maximum     solver
 iteration    update       residual    iterations  maxvol      nexvol
     1       1.6697D-03   7.4958D-08       14        2423        2400
     2       6.8158D-06   6.8955D-08        5        2428         347
     3       2.4850D-07   3.6114D-08        1        1677           0
 
update boundary conditions - water flow
------------------------------------------------------------------------

 
transient flow - variably saturated conditions
------------------------------------------------------------------------

 Newton Iteration Convergence Summary:
 Newton       maximum      maximum     solver
 iteration    update       residual    iterations  maxvol      nexvol
     1       1.5600D-03   8.8454D-08       14        2423        2400
     2       6.1064D-06   9.4956D-08        4        2428         271
     3       2.0913D-07   6.3390D-08        1        1827           0
 
update boundary conditions - water flow
------------------------------------------------------------------------

 
transient flow - variably saturated conditions
------------------------------------------------------------------------

 Newton Iteration Convergence Summary:
 Newton       maximum      maximum     solver
 iteration    update       residual    iterations  maxvol      nexvol
     1       1.4261D-03   6.6698D-08       14        2423        2400
     2       5.4347D-06   8.5617D-08        4        2427         238
     3       2.1588D-07   5.4326D-08        1        1826           0
 
update boundary conditions - water flow
------------------------------------------------------------------------

 
transient flow - variably saturated conditions
------------------------------------------------------------------------

 Newton Iteration Convergence Summary:
 Newton       maximum      maximum     solver
 iteration    update       residual    iterations  maxvol      nexvol
     1       1.3566D-03   9.1507D-08       14        2423        2400
     2       5.0421D-06   8.8792D-08        4        2427         230
     3       2.3973D-07   5.5466D-08        1        1826           0
 
update boundary conditions - water flow
------------------------------------------------------------------------

 
transient flow - variably saturated conditions
------------------------------------------------------------------------

 Newton Iteration Convergence Summary:
 Newton       maximum      maximum     solver
 iteration    update       residual    iterations  maxvol      nexvol
     1       4.4498D-03   8.6833D-08       17        2428        2385
     2       3.4346D-05   8.1899D-08        7        2428         672
     3       3.3714D-07   5.7880D-08        1        2428           0
 
update boundary conditions - water flow
------------------------------------------------------------------------

 

statistics - variably saturated flow ...
------------------------------------------------------------------------

total number of Newton iterations       =        512
total number of solver iterations       =       3685

general run specific statistics ...
------------------------------------------------------------------------

number of failed time steps             =          0
total number of time steps              =        127
cputime  =  24 hrs  5 min 18 sec
