************************************************************************
log file for dataset feddes                                                                  
************************************************************************


memory requirements for variably-saturated flow simulation:

estimated number of connections:               52500
actual number of connections:                  12300
estimated number of factored connections:      36900
memory requirement during factorization:       24597
actual number of factored connections:         12300

initial condition - water flow
------------------------------------------------------------------------

boundary conditions - water flow
------------------------------------------------------------------------

enter timeloop
------------------------------------------------------------------------

------------------------------------------------------------------------
timestep:     1  time: 1.000E-10 days         delt: 1.000E-10 days        
------------------------------------------------------------------------

transient flow - variably saturated conditions
------------------------------------------------------------------------

 Newton Iteration Convergence Summary:
 Newton       maximum      maximum     solver
 iteration    update       residual    iterations  maxvol      nexvol
     1       1.1025D-05   3.3324D-41        1          51          50
     2       1.2037D-10   3.6512D-46        1          52           0

------------------------------------------------------------------------
timestep:     2  time: 6.000E-10 days         delt: 5.000E-10 days        
------------------------------------------------------------------------

transient flow - variably saturated conditions
------------------------------------------------------------------------

 Newton Iteration Convergence Summary:
 Newton       maximum      maximum     solver
 iteration    update       residual    iterations  maxvol      nexvol
     1       5.5125D-05   1.0426D-37        1          51          50
     2       3.0536D-10   5.7761D-43        1          51           0

------------------------------------------------------------------------
timestep:     3  time: 3.100E-09 days         delt: 2.500E-09 days        
------------------------------------------------------------------------

transient flow - variably saturated conditions
------------------------------------------------------------------------

 Newton Iteration Convergence Summary:
 Newton       maximum      maximum     solver
 iteration    update       residual    iterations  maxvol      nexvol
     1       2.7560D-04   3.2677D-34        1          52          50
     2       5.9737D-09   7.0746D-39        1          51           0

------------------------------------------------------------------------
timestep:     4  time: 1.560E-08 days         delt: 1.250E-08 days        
------------------------------------------------------------------------

transient flow - variably saturated conditions
------------------------------------------------------------------------

 Newton Iteration Convergence Summary:
 Newton       maximum      maximum     solver
 iteration    update       residual    iterations  maxvol      nexvol
     1       1.3775D-03   1.0177D-30        1          52          50
     2       2.1714D-07   1.6081D-34        1          51           0

------------------------------------------------------------------------
timestep:     5  time: 7.810E-08 days         delt: 6.250E-08 days        
------------------------------------------------------------------------

transient flow - variably saturated conditions
------------------------------------------------------------------------

 Newton Iteration Convergence Summary:
 Newton       maximum      maximum     solver
 iteration    update       residual    iterations  maxvol      nexvol
     1       6.8759D-03   3.1755D-27        1          51          50
     2       5.7375D-06   2.6834D-30        1          52          50
     3       3.2693D-09   1.5282D-33        1          51           0

------------------------------------------------------------------------
timestep:     6  time: 3.906E-07 days         delt: 3.125E-07 days        
------------------------------------------------------------------------

transient flow - variably saturated conditions
------------------------------------------------------------------------

 Newton Iteration Convergence Summary:
 Newton       maximum      maximum     solver
 iteration    update       residual    iterations  maxvol      nexvol
     1       3.4087D-02   9.8455D-24        1          51          50
     2       1.4133D-04   4.3463D-26        1          51          50
     3       3.9652D-07   1.2157D-28        1          51           0

------------------------------------------------------------------------
timestep:     7  time: 1.953E-06 days         delt: 1.562E-06 days        
------------------------------------------------------------------------

transient flow - variably saturated conditions
------------------------------------------------------------------------

 Newton Iteration Convergence Summary:
 Newton       maximum      maximum     solver
 iteration    update       residual    iterations  maxvol      nexvol
     1       1.6344D-01   2.9636D-20        1          52         100
     2       3.1166D-03   7.7430D-22        1          51          50
     3       4.1668D-05   1.0162D-23        1         100          50
     4       7.3090D-10   1.7824D-28        1          52           0

------------------------------------------------------------------------
timestep:     8  time: 9.766E-06 days         delt: 7.813E-06 days        
------------------------------------------------------------------------

transient flow - variably saturated conditions
------------------------------------------------------------------------

 Newton Iteration Convergence Summary:
 Newton       maximum      maximum     solver
 iteration    update       residual    iterations  maxvol      nexvol
     1       6.7481D-01   8.0993D-17        1          51         100
     2       4.5109D-02   2.1054D-17        1          51         100
     3       2.4430D-03   9.8932D-19        1          51          50
     4       7.8520D-07   3.1635D-22        1          51           0

------------------------------------------------------------------------
timestep:     9  time: 4.389E-05 days         delt: 3.413E-05 days        
------------------------------------------------------------------------

transient flow - variably saturated conditions
------------------------------------------------------------------------

 Newton Iteration Convergence Summary:
 Newton       maximum      maximum     solver
 iteration    update       residual    iterations  maxvol      nexvol
     1       1.5685D+00   1.1527D-13        1          51         100
     2       1.8834D-01   9.8671D-13        1         100         100
     3       2.3673D-02   6.0099D-14        1          51         100
     4       8.0168D-05   1.8809D-16        1          51         100
     5       2.0430D-09   4.7628D-21        1          51           0

------------------------------------------------------------------------
timestep:    10  time: 9.453E-05 days         delt: 5.063E-05 days        
------------------------------------------------------------------------

transient flow - variably saturated conditions
------------------------------------------------------------------------

 Newton Iteration Convergence Summary:
 Newton       maximum      maximum     solver
 iteration    update       residual    iterations  maxvol      nexvol
     1       1.0181D+00   8.1638D-12        1          59         150
     2       1.1167D-01   4.8712D-11        1          93         150
     3       1.2028D-02   2.8191D-12        1          52         100
     4       2.6754D-05   5.0201D-15        1          52         100
     5       6.2539D-10   8.0486D-20        1          97           0

------------------------------------------------------------------------
timestep:    11  time: 1.692E-04 days         delt: 7.464E-05 days        
------------------------------------------------------------------------

transient flow - variably saturated conditions
------------------------------------------------------------------------

 Newton Iteration Convergence Summary:
 Newton       maximum      maximum     solver
 iteration    update       residual    iterations  maxvol      nexvol
     1       6.8551D-01   5.4619D-10        1          98         150
     2       6.7229D-02   7.9526D-09        1          51         150
     3       6.1179D-03   5.1227D-10        1          54         150
     4       8.6603D-06   1.3373D-12        1          54         100
     5       2.2007D-10   4.7071D-17        1          54           0

------------------------------------------------------------------------
timestep:    12  time: 2.811E-04 days         delt: 1.120E-04 days        
------------------------------------------------------------------------

transient flow - variably saturated conditions
------------------------------------------------------------------------

 Newton Iteration Convergence Summary:
 Newton       maximum      maximum     solver
 iteration    update       residual    iterations  maxvol      nexvol
     1       4.7097D-01   1.7033D-08        1          59         150
     2       4.0634D-02   4.7547D-14        2          59         150
     3       3.2814D-03   8.2782D-08        1         124         150
     4       1.9784D-04   4.5273D-09        1         124         100
     5       2.8276D-08   2.9215D-13        1         101           0

------------------------------------------------------------------------
timestep:    13  time: 4.606E-04 days         delt: 1.794E-04 days        
------------------------------------------------------------------------

transient flow - variably saturated conditions
------------------------------------------------------------------------

 Newton Iteration Convergence Summary:
 Newton       maximum      maximum     solver
 iteration    update       residual    iterations  maxvol      nexvol
     1       5.2581D-01   2.2906D-12        2         124         200
     2       3.3992D-02   1.7210D-11        2         130         150
     3       1.3759D-03   8.8260D-08        1         112         150
     4       9.7017D-08   4.6916D-11        1         149           0

------------------------------------------------------------------------
timestep:    14  time: 7.973E-04 days         delt: 3.367E-04 days        
------------------------------------------------------------------------

transient flow - variably saturated conditions
------------------------------------------------------------------------

 Newton Iteration Convergence Summary:
 Newton       maximum      maximum     solver
 iteration    update       residual    iterations  maxvol      nexvol
     1       1.2297D+00   8.9712D-10        2         112         200
     2       1.3004D-01   1.0434D-09        2         112         200
     3       1.3907D-02   9.4015D-11        2         112         200
     4       3.3612D-05   1.6019D-08        1         112         100
     5       5.0681D-09   1.4422D-12        1         149           0

------------------------------------------------------------------------
timestep:    15  time: 1.459E-03 days         delt: 6.615E-04 days        
------------------------------------------------------------------------

transient flow - variably saturated conditions
------------------------------------------------------------------------

 Newton Iteration Convergence Summary:
 Newton       maximum      maximum     solver
 iteration    update       residual    iterations  maxvol      nexvol
     1       1.5577D+00   6.4110D-08        2         112         250
     2       2.7276D-01   8.9672D-12        3         112         250
     3       6.8828D-02   4.5860D-08        2         112         250
     4       1.3010D-03   8.8489D-10        2         149         200
     5       4.7275D-07   8.9021D-10        1         149           0

------------------------------------------------------------------------
timestep:    16  time: 2.214E-03 days         delt: 7.555E-04 days        
------------------------------------------------------------------------

transient flow - variably saturated conditions
------------------------------------------------------------------------

 Newton Iteration Convergence Summary:
 Newton       maximum      maximum     solver
 iteration    update       residual    iterations  maxvol      nexvol
     1       7.7693D-01   7.9151D-11        3         147         250
     2       1.1718D-01   5.5605D-11        3         147         250
     3       2.1640D-02   8.4973D-12        3         179         250
     4       3.6863D-03   2.6940D-08        2         162         200
     5       7.6599D-06   1.0072D-08        1         187         100
     6       3.5624D-09   1.8120D-11        1         150           0

------------------------------------------------------------------------
timestep:    17  time: 3.281E-03 days         delt: 1.066E-03 days        
------------------------------------------------------------------------

transient flow - variably saturated conditions
------------------------------------------------------------------------

 Newton Iteration Convergence Summary:
 Newton       maximum      maximum     solver
 iteration    update       residual    iterations  maxvol      nexvol
     1       1.0468D+00   7.0163D-10        3         164         300
     2       7.5335D-02   3.8217D-10        3         164         250
     3       4.9333D-03   6.2222D-08        2         147         250
     4       3.9120D-05   3.7256D-10        2         162         166
     5       2.1294D-07   1.0839D-09        1         162           0

------------------------------------------------------------------------
timestep:    18  time: 5.121E-03 days         delt: 1.840E-03 days        
------------------------------------------------------------------------

transient flow - variably saturated conditions
------------------------------------------------------------------------

 Newton Iteration Convergence Summary:
 Newton       maximum      maximum     solver
 iteration    update       residual    iterations  maxvol      nexvol
     1       1.5737D+00   5.1742D-09        3         155         300
     2       2.7522D-01   1.5037D-08        3         155         300
     3       7.6084D-02   8.7345D-10        3         155         300
     4       1.8395D-03   1.7971D-08        2         165         250
     5       1.0467D-06   4.4791D-09        1         200          40
     6       1.5244D-09   3.5321D-12        1         151           0

------------------------------------------------------------------------
timestep:    19  time: 7.480E-03 days         delt: 2.359E-03 days        
------------------------------------------------------------------------

transient flow - variably saturated conditions
------------------------------------------------------------------------

 Newton Iteration Convergence Summary:
 Newton       maximum      maximum     solver
 iteration    update       residual    iterations  maxvol      nexvol
     1       9.6032D-01   3.7850D-08        3         155         350
     2       1.6406D-01   7.0025D-08        3         179         350
     3       3.8087D-02   1.8255D-08        3         238         300
     4       9.6842D-03   1.6856D-09        3         238         300
     5       6.6385D-05   2.3620D-09        2         227         200
     6       7.6861D-09   5.7183D-11        1         248           0

------------------------------------------------------------------------
timestep:    20  time: 1.066E-02 days         delt: 3.179E-03 days        
------------------------------------------------------------------------

transient flow - variably saturated conditions
------------------------------------------------------------------------

 Newton Iteration Convergence Summary:
 Newton       maximum      maximum     solver
 iteration    update       residual    iterations  maxvol      nexvol
     1       1.4228D+00   1.8021D-09        4         204         400
