************************************************************************
log file for dataset water                                                                   
************************************************************************


memory requirements for variably-saturated flow simulation:

estimated number of connections:              210000
actual number of connections:                  49600
estimated number of factored connections:     148800
memory requirement during factorization:       99197
actual number of factored connections:         49600

initial condition - water flow
------------------------------------------------------------------------

boundary conditions - water flow
------------------------------------------------------------------------

transient flow - variably saturated conditions
------------------------------------------------------------------------

 Newton Iteration Convergence Summary:
 Newton       maximum      maximum     solver
 iteration    update       residual    iterations  maxvol      nexvol
     1       1.4931D-07   7.2399D-40        1         101           0
transient flow - variably saturated conditions
------------------------------------------------------------------------

 Newton Iteration Convergence Summary:
 Newton       maximum      maximum     solver
 iteration    update       residual    iterations  maxvol      nexvol
     1       7.4654D-07   1.9411D-36        1         101           0
transient flow - variably saturated conditions
------------------------------------------------------------------------

 Newton Iteration Convergence Summary:
 Newton       maximum      maximum     solver
 iteration    update       residual    iterations  maxvol      nexvol
     1       3.7327D-06   6.0658D-33        1         101         100
     2       2.3777D-11   3.8810D-38        1         101           0
transient flow - variably saturated conditions
------------------------------------------------------------------------

 Newton Iteration Convergence Summary:
 Newton       maximum      maximum     solver
 iteration    update       residual    iterations  maxvol      nexvol
     1       1.8663D-05   1.9039D-29        1         101         100
     2       1.0045D-10   1.0248D-34        1         101           0
transient flow - variably saturated conditions
------------------------------------------------------------------------

 Newton Iteration Convergence Summary:
 Newton       maximum      maximum     solver
 iteration    update       residual    iterations  maxvol      nexvol
     1       9.3315D-05   5.9494D-26        1         200         100
     2       4.1280D-11   2.6322D-32        1         101           0
transient flow - variably saturated conditions
------------------------------------------------------------------------

 Newton Iteration Convergence Summary:
 Newton       maximum      maximum     solver
 iteration    update       residual    iterations  maxvol      nexvol
     1       4.6652D-04   1.8586D-22        1         101         100
     2       1.1314D-08   4.5095D-27        1         101           0
transient flow - variably saturated conditions
------------------------------------------------------------------------

 Newton Iteration Convergence Summary:
 Newton       maximum      maximum     solver
 iteration    update       residual    iterations  maxvol      nexvol
     1       2.3312D-03   5.7992D-19        1         101         100
     2       3.4405D-07   8.5774D-23        1         101           0
transient flow - variably saturated conditions
------------------------------------------------------------------------

 Newton Iteration Convergence Summary:
 Newton       maximum      maximum     solver
 iteration    update       residual    iterations  maxvol      nexvol
     1       1.1622D-02   1.7983D-15        1         101         200
     2       8.8417D-06   1.3851D-18        1         101         100
     3       4.5517D-09   7.1267D-22        1         101           0
transient flow - variably saturated conditions
------------------------------------------------------------------------

 Newton Iteration Convergence Summary:
 Newton       maximum      maximum     solver
 iteration    update       residual    iterations  maxvol      nexvol
     1       5.7259D-02   5.4162D-12        1         101         200
     2       2.1433D-04   2.1388D-14        1         102         200
     3       5.4134D-07   5.3874D-17        1         101           0
transient flow - variably saturated conditions
------------------------------------------------------------------------

 Newton Iteration Convergence Summary:
 Newton       maximum      maximum     solver
 iteration    update       residual    iterations  maxvol      nexvol
     1       2.6654D-01   1.4086D-08        1         197         300
     2       4.4834D-03   3.0311D-10        1         106         300
     3       5.2545D-05   3.4979D-12        1         102         200
     4       5.5945D-10   3.5552D-17        1         102           0
transient flow - variably saturated conditions
------------------------------------------------------------------------

 Newton Iteration Convergence Summary:
 Newton       maximum      maximum     solver
 iteration    update       residual    iterations  maxvol      nexvol
     1       9.7279D-01   6.5025D-11        2         197         500
     2       5.3712D-02   8.1467D-12        2         197         400
     3       2.3284D-03   9.7862D-08        1         197         300
     4       4.3818D-07   1.7147D-11        1         102           0
transient flow - variably saturated conditions
------------------------------------------------------------------------

 Newton Iteration Convergence Summary:
 Newton       maximum      maximum     solver
 iteration    update       residual    iterations  maxvol      nexvol
     1       1.7402D+00   2.3106D-09        3         129        2700
     2       1.4996D-01   5.5133D-10        3         129         800
     3       1.2764D-02   3.5044D-11        3         121         700
     4       2.3584D-05   5.3833D-10        2         254         400
     5       2.9817D-08   1.3991D-10        1         219           0
transient flow - variably saturated conditions
------------------------------------------------------------------------

 Newton Iteration Convergence Summary:
 Newton       maximum      maximum     solver
 iteration    update       residual    iterations  maxvol      nexvol
     1       1.8620D+00   5.3644D-08        4         279        3200
     2       2.1532D-01   2.9460D-08        4         279        1400
     3       2.8022D-02   4.0182D-09        4         279        1200
     4       1.3817D-04   1.7762D-09        3         279         800
     5       9.3802D-09   4.6268D-10        1         301           0
transient flow - variably saturated conditions
------------------------------------------------------------------------

 Newton Iteration Convergence Summary:
 Newton       maximum      maximum     solver
 iteration    update       residual    iterations  maxvol      nexvol
     1       2.0120D+00   4.7742D-08        7         314        5400
     2       2.8843D-01   9.6221D-09        8         314        2600
     3       4.8866D-02   8.1223D-08        6         314        2300
     4       3.8510D-04   1.7085D-08        5         314        1500
     5       3.7956D-08   9.7836D-09        1         391           0
transient flow - variably saturated conditions
------------------------------------------------------------------------

 Newton Iteration Convergence Summary:
 Newton       maximum      maximum     solver
 iteration    update       residual    iterations  maxvol      nexvol
     1       2.0581D+00   9.2001D-09       13         654        5400
     2       3.0576D-01   6.1283D-08       14         654        4500
     3       5.5715D-02   4.6616D-08       12         520        4000
     4       5.1800D-04   6.2205D-08        9         520        2600
     5       6.9718D-08   4.4907D-08        1         701           0
transient flow - variably saturated conditions
------------------------------------------------------------------------

 Newton Iteration Convergence Summary:
 Newton       maximum      maximum     solver
 iteration    update       residual    iterations  maxvol      nexvol
     1       2.0956D+00   8.2902D-08       22        1090        8900
     2       3.3032D-01   1.2412D-07       22        1090        8100
     3       6.5543D-02   7.6667D-08       18         990        7100
     4       7.4001D-04   7.9193D-08       14         990        4544
     5       1.0219D-07   8.6468D-08        1         990           0
 
update boundary conditions - water flow
------------------------------------------------------------------------

 
transient flow - variably saturated conditions
------------------------------------------------------------------------

 Newton Iteration Convergence Summary:
 Newton       maximum      maximum     solver
 iteration    update       residual    iterations  maxvol      nexvol
     1       1.3262D+00   8.3008D-08       30         120        9900
     2       1.3226D+00   5.0163D-08       27         120        9300
     3       1.0217D+00   7.2358D-08       34         101        8900
     4       4.5627D-01   8.4450D-08       31         111        8400
     5       6.8110D-02   6.9372D-08       27         111        7100
     6       1.2925D-03   8.2697D-08       18         111        4500
     7       4.8767D-07   7.5102D-08        2         111           0
 
update boundary conditions - water flow
------------------------------------------------------------------------

 
transient flow - variably saturated conditions
------------------------------------------------------------------------

 Newton Iteration Convergence Summary:
 Newton       maximum      maximum     solver
 iteration    update       residual    iterations  maxvol      nexvol
     1       7.5845D-01   1.8816D-08       29         520        9900
     2       1.1130D-01   8.0158D-08       25         511        8599
     3       1.9684D-03   9.5575D-08       18         511        4500
     4       7.6194D-07   6.4144D-08        3         511           0
 
update boundary conditions - water flow
------------------------------------------------------------------------

 
transient flow - variably saturated conditions
------------------------------------------------------------------------

 Newton Iteration Convergence Summary:
 Newton       maximum      maximum     solver
 iteration    update       residual    iterations  maxvol      nexvol
     1       3.7812D-01   9.7325D-08       25         812        9900
     2       1.9795D-02   8.9400D-08       24         899        8392
     3       5.3217D-05   7.8012D-08       11         899        2567
     4       8.6376D-08   5.0844D-08        1        3009           0
 
update boundary conditions - water flow
------------------------------------------------------------------------

 
transient flow - variably saturated conditions
------------------------------------------------------------------------

 Newton Iteration Convergence Summary:
 Newton       maximum      maximum     solver
 iteration    update       residual    iterations  maxvol      nexvol
     1       2.2247D-01   8.2101D-08       26        1082        9900
     2       5.9178D-03   6.6089D-08       22        1034        8106
     3       4.7859D-06   7.2182D-08        6        1034        1201
     4       8.5919D-08   4.4305D-08        1        2150           0
 
update boundary conditions - water flow
------------------------------------------------------------------------

 
transient flow - variably saturated conditions
------------------------------------------------------------------------

 Newton Iteration Convergence Summary:
 Newton       maximum      maximum     solver
 iteration    update       residual    iterations  maxvol      nexvol
     1       1.4622D-01   1.6118D-07       22        1201        9900
     2       2.3388D-03   7.8260D-08       19        1222        7002
     3       7.4690D-07   7.3910D-08        3        1384           0
 
update boundary conditions - water flow
------------------------------------------------------------------------

 
transient flow - variably saturated conditions
------------------------------------------------------------------------

 Newton Iteration Convergence Summary:
 Newton       maximum      maximum     solver
 iteration    update       residual    iterations  maxvol      nexvol
     1       1.0339D-01   4.7936D-08       21        1401        9900
     2       1.1018D-03   9.9028D-08       17        1449        7433
     3       9.4835D-08   1.1148D-07        1        1449           0
 
update boundary conditions - water flow
------------------------------------------------------------------------

 
transient flow - variably saturated conditions
------------------------------------------------------------------------

 Newton Iteration Convergence Summary:
 Newton       maximum      maximum     solver
 iteration    update       residual    iterations  maxvol      nexvol
     1       7.6903D-02   1.6453D-08       22        1601        9900
     2       5.8694D-04   9.0584D-08       16        1520        7898
     3       5.2083D-08   8.1367D-08        1        1620           0
 
update boundary conditions - water flow
------------------------------------------------------------------------

 
transient flow - variably saturated conditions
------------------------------------------------------------------------

 Newton Iteration Convergence Summary:
 Newton       maximum      maximum     solver
 iteration    update       residual    iterations  maxvol      nexvol
     1       5.9493D-02   4.9271D-08       24        1701        9900
     2       3.4141D-04   7.4491D-08       15        1720        8398
     3       4.1850D-08   6.2375D-08        1        5519           0
 
update boundary conditions - water flow
------------------------------------------------------------------------

 
transient flow - variably saturated conditions
------------------------------------------------------------------------

 Newton Iteration Convergence Summary:
 Newton       maximum      maximum     solver
 iteration    update       residual    iterations  maxvol      nexvol
     1       4.7373D-02   7.1902D-08       21        1801        9900
     2       2.1294D-04   7.9240D-08       13        1822        9077
     3       6.3862D-08   6.1265D-08        1        5404           0
 
update boundary conditions - water flow
------------------------------------------------------------------------

 
transient flow - variably saturated conditions
------------------------------------------------------------------------

 Newton Iteration Convergence Summary:
 Newton       maximum      maximum     solver
 iteration    update       residual    iterations  maxvol      nexvol
     1       3.8629D-02   9.7687D-08       18        2063        9900
     2       1.3882D-04   7.0251D-08       13        1919        9548
     3       3.9137D-08   5.5858D-08        1        5603           0
 
update boundary conditions - water flow
------------------------------------------------------------------------

 
transient flow - variably saturated conditions
------------------------------------------------------------------------

 Newton Iteration Convergence Summary:
 Newton       maximum      maximum     solver
 iteration    update       residual    iterations  maxvol      nexvol
     1       3.2122D-02   9.8005D-08       20        2142        9900
     2       9.5122D-05   8.3145D-08       12        2116        9468
     3       1.0987D-07   4.7875D-08        1        5305           0
 
update boundary conditions - water flow
------------------------------------------------------------------------

 
transient flow - variably saturated conditions
------------------------------------------------------------------------

 Newton Iteration Convergence Summary:
 Newton       maximum      maximum     solver
 iteration    update       residual    iterations  maxvol      nexvol
     1       2.7134D-02   2.1983D-08       21        2249        9900
     2       6.7884D-05   9.3749D-08       11        2300        9070
     3       9.2009D-08   5.8565D-08        1        5105           0
 
update boundary conditions - water flow
------------------------------------------------------------------------

 
transient flow - variably saturated conditions
------------------------------------------------------------------------

 Newton Iteration Convergence Summary:
 Newton       maximum      maximum     solver
 iteration    update       residual    iterations  maxvol      nexvol
     1       2.3226D-02   9.2897D-08       20        2347        9900
     2       4.9562D-05   6.5718D-08       11        2399        8946
     3       8.2327D-08   3.6507D-08        1        5305           0
 
update boundary conditions - water flow
------------------------------------------------------------------------

 
transient flow - variably saturated conditions
------------------------------------------------------------------------

 Newton Iteration Convergence Summary:
 Newton       maximum      maximum     solver
 iteration    update       residual    iterations  maxvol      nexvol
     1       2.0107D-02   6.1242D-08       19        2448        9900
     2       3.7421D-05   7.4541D-08       10        2500        8687
     3       1.1800D-07   3.5031D-08        1        5304           0
 
update boundary conditions - water flow
------------------------------------------------------------------------

 
transient flow - variably saturated conditions
------------------------------------------------------------------------

 Newton Iteration Convergence Summary:
 Newton       maximum      maximum     solver
 iteration    update       residual    iterations  maxvol      nexvol
     1       1.7577D-02   2.0751D-08       22        2548        9895
     2       2.8754D-05   7.7048D-08        9        2600        7826
     3       1.0214D-07   4.1846D-08        1        5303           0
 
update boundary conditions - water flow
------------------------------------------------------------------------

 
transient flow - variably saturated conditions
------------------------------------------------------------------------

 Newton Iteration Convergence Summary:
 Newton       maximum      maximum     solver
 iteration    update       residual    iterations  maxvol      nexvol
     1       1.5497D-02   2.7212D-08       20        2648        9900
     2       2.2546D-05   9.5521D-08        8        2700        7015
     3       1.7685D-07   3.7784D-08        1        5303           0
 
update boundary conditions - water flow
------------------------------------------------------------------------

 
transient flow - variably saturated conditions
------------------------------------------------------------------------

 Newton Iteration Convergence Summary:
 Newton       maximum      maximum     solver
 iteration    update       residual    iterations  maxvol      nexvol
     1       1.3765D-02   7.3592D-08       22        2748        9900
     2       1.8015D-05   9.5190D-08        8        2701        6596
     3       1.6188D-07   3.7298D-08        1        5380           0
 
update boundary conditions - water flow
------------------------------------------------------------------------

 
transient flow - variably saturated conditions
------------------------------------------------------------------------

 Newton Iteration Convergence Summary:
 Newton       maximum      maximum     solver
 iteration    update       residual    iterations  maxvol      nexvol
     1       2.7715D-02   7.5265D-08       22        9645        9900
     2       5.5020D-05   9.3409D-08        9        9545        5765
     3       2.7743D-07   4.1555D-08        1        9645           0
 
update boundary conditions - water flow
------------------------------------------------------------------------

 
transient flow - variably saturated conditions
------------------------------------------------------------------------

 Newton Iteration Convergence Summary:
 Newton       maximum      maximum     solver
 iteration    update       residual    iterations  maxvol      nexvol
     1       2.8178D-02   6.6934D-08       23        9645        9897
     2       4.6931D-05   8.4050D-08        9        9644        5488
     3       1.2856D-07   5.5782D-08        1        9645           0
 
update boundary conditions - water flow
------------------------------------------------------------------------

 
transient flow - variably saturated conditions
------------------------------------------------------------------------

 Newton Iteration Convergence Summary:
 Newton       maximum      maximum     solver
 iteration    update       residual    iterations  maxvol      nexvol
     1       4.1822D-02   6.7807D-08       23        9653        9899
     2       1.3185D-04   6.5536D-08       11        9653        5621
     3       1.6135D-07   5.0577D-08        1        9653           0
 
update boundary conditions - water flow
------------------------------------------------------------------------

 
transient flow - variably saturated conditions
------------------------------------------------------------------------

 Newton Iteration Convergence Summary:
 Newton       maximum      maximum     solver
 iteration    update       residual    iterations  maxvol      nexvol
     1       4.3829D-02   7.3026D-08       22        9645        9899
     2       1.1532D-04   9.4197D-08       10        9645        5727
     3       2.5618D-07   6.7114D-08        1        9645           0
 
update boundary conditions - water flow
------------------------------------------------------------------------

 
transient flow - variably saturated conditions
------------------------------------------------------------------------

 Newton Iteration Convergence Summary:
 Newton       maximum      maximum     solver
 iteration    update       residual    iterations  maxvol      nexvol
     1       5.8267D-02   8.0309D-08       23        9653        9898
     2       2.4835D-04   9.7745D-08       11        9653        6073
     3       2.4966D-07   8.1421D-08        1        9653           0
 
update boundary conditions - water flow
------------------------------------------------------------------------

 
transient flow - variably saturated conditions
------------------------------------------------------------------------

 Newton Iteration Convergence Summary:
 Newton       maximum      maximum     solver
 iteration    update       residual    iterations  maxvol      nexvol
     1       5.6491D-02   7.7659D-08       23        9645        9899
     2       1.7246D-04   8.7057D-08       11        9644        6582
     3       2.5813D-07   7.3020D-08        1        9645           0
 
update boundary conditions - water flow
------------------------------------------------------------------------

 
transient flow - variably saturated conditions
------------------------------------------------------------------------

 Newton Iteration Convergence Summary:
 Newton       maximum      maximum     solver
 iteration    update       residual    iterations  maxvol      nexvol
     1       1.1146D-01   6.0090D-08       25        9653        9900
     2       8.7664D-04   6.8397D-08       14        9653        7258
     3       2.1496D-06   5.0791D-08        3        9653          73
     4       1.2141D-07   2.7910D-08        1        9945           0
 
update boundary conditions - water flow
------------------------------------------------------------------------

 
transient flow - variably saturated conditions
------------------------------------------------------------------------

 Newton Iteration Convergence Summary:
 Newton       maximum      maximum     solver
 iteration    update       residual    iterations  maxvol      nexvol
     1       2.2273D-01   9.3294D-08       26        9644        9900
     2       3.6698D-03   6.8255D-08       17        9644        7651
     3       1.8164D-05   6.3903D-08        6        9645         332
     4       1.5137D-07   3.3413D-08        1        9958           0
 
update boundary conditions - water flow
------------------------------------------------------------------------

 
transient flow - variably saturated conditions
------------------------------------------------------------------------

 Newton Iteration Convergence Summary:
 Newton       maximum      maximum     solver
 iteration    update       residual    iterations  maxvol      nexvol
     1       2.4069D-01   9.0010D-08       26        9653        9900
     2       4.2758D-03   7.0893D-08       17        9653        7746
     3       2.0990D-05   7.1930D-08        6        9653         335
     4       1.8134D-07   3.6136D-08        1        9838           0
 
update boundary conditions - water flow
------------------------------------------------------------------------

 
transient flow - variably saturated conditions
------------------------------------------------------------------------

 Newton Iteration Convergence Summary:
 Newton       maximum      maximum     solver
 iteration    update       residual    iterations  maxvol      nexvol
     1       5.8688D-01   8.4841D-08       28        9653        9900
     2       2.5236D-02   9.7957D-08       20        9653        7815
     3       2.8523D-04   5.9760D-08       11        9653        2040
     4       1.6043D-06   8.3744D-08        2        9653          19
     5       2.7584D-07   4.0870D-08        1        9950           0
 
update boundary conditions - water flow
------------------------------------------------------------------------

 
transient flow - variably saturated conditions
------------------------------------------------------------------------

 Newton Iteration Convergence Summary:
 Newton       maximum      maximum     solver
 iteration    update       residual    iterations  maxvol      nexvol
     1       5.1386D-01   6.9036D-08       28        9645        9900
     2       1.6289D-02   6.1181D-08       20        9645        7588
     3       1.8486D-04   6.4396D-08       10        9645        1845
     4       9.3863D-07   5.6823D-08        2        9645           0
 
update boundary conditions - water flow
------------------------------------------------------------------------

 
transient flow - variably saturated conditions
------------------------------------------------------------------------

 Newton Iteration Convergence Summary:
 Newton       maximum      maximum     solver
 iteration    update       residual    iterations  maxvol      nexvol
     1       6.0216D-01   5.7975D-08       28        9645        9900
     2       1.8882D-02   9.2029D-08       19        9644        7267
     3       3.1157D-04   9.2229D-08       10        9645        2070
     4       2.4204D-06   4.5815D-08        3        9645          73
     5       8.1985D-08   2.4747D-08        1        9952           0
 
update boundary conditions - water flow
------------------------------------------------------------------------

 
transient flow - variably saturated conditions
------------------------------------------------------------------------

 Newton Iteration Convergence Summary:
 Newton       maximum      maximum     solver
 iteration    update       residual    iterations  maxvol      nexvol
     1       5.1257D-01   1.6994D-07       26        9645        9900
     2       8.8443D-03   8.9256D-08       18        9945        7482
     3       1.6841D-04   8.3380D-08        9        9645        1587
     4       1.2664D-06   6.5299D-08        2        9645           9
     5       1.4622D-07   3.6113D-08        1        9949           0
 
update boundary conditions - water flow
------------------------------------------------------------------------

 
transient flow - variably saturated conditions
------------------------------------------------------------------------

 Newton Iteration Convergence Summary:
 Newton       maximum      maximum     solver
 iteration    update       residual    iterations  maxvol      nexvol
     1       6.8219D-01   8.1889D-08       28        9651        9900
     2       1.7735D-02   7.0838D-08       20        9551        7308
     3       3.5959D-04   9.0731D-08       10        9652        2701
     4       3.8515D-06   6.7497D-08        3        9645         150
     5       1.2729D-07   3.4147D-08        1        9939           0
 
update boundary conditions - water flow
------------------------------------------------------------------------

 
transient flow - variably saturated conditions
------------------------------------------------------------------------

 Newton Iteration Convergence Summary:
 Newton       maximum      maximum     solver
 iteration    update       residual    iterations  maxvol      nexvol
     1       1.1003D+00   2.1866D-07       28        9652        9900
     2       4.6613D-02   7.7410D-08       21        9653        7786
     3       1.4740D-03   8.3532D-08       12        9652        3899
     4       2.4597D-05   8.1798D-08        5        9652         578
     5       3.2932D-07   6.4576D-08        1        9652           0
 
update boundary conditions - water flow
------------------------------------------------------------------------

 
transient flow - variably saturated conditions
------------------------------------------------------------------------

 Newton Iteration Convergence Summary:
 Newton       maximum      maximum     solver
 iteration    update       residual    iterations  maxvol      nexvol
     1       1.1882D+00   8.0799D-08       28        9645        9900
     2       3.7441D-02   7.7639D-08       21        9645        7571
     3       1.4625D-03   6.7007D-08       12        9645        3636
     4       2.6158D-05   6.9439D-08        5        9645         536
     5       4.9071D-07   6.9180D-08        1        9645           0
 
update boundary conditions - water flow
------------------------------------------------------------------------

 
transient flow - variably saturated conditions
------------------------------------------------------------------------

 Newton Iteration Convergence Summary:
 Newton       maximum      maximum     solver
 iteration    update       residual    iterations  maxvol      nexvol
     1       1.2459D+00   5.7380D-08       26        9549        9900
     2       2.5358D-02   8.6740D-08       20        9651        7757
     3       1.0294D-03   8.1428D-08       11        9551        3757
     4       2.4315D-05   6.3525D-08        5        9645         611
     5       5.2989D-07   8.8472D-08        1        9645           0
 
update boundary conditions - water flow
------------------------------------------------------------------------

 
transient flow - variably saturated conditions
------------------------------------------------------------------------

 Newton Iteration Convergence Summary:
 Newton       maximum      maximum     solver
 iteration    update       residual    iterations  maxvol      nexvol
     1       1.7290D+00   2.1950D-07       28        9645        9900
     2       4.2059D-02   6.7881D-08       22        9745        8082
     3       2.3067D-03   8.2515D-08       12        9644        3692
     4       6.8280D-05   7.8052D-08        6        9645         909
     5       2.9151D-06   9.6588D-08        2        9645          65
     6       2.3897D-07   4.8083D-08        1        9949           0
 
update boundary conditions - water flow
------------------------------------------------------------------------

 
transient flow - variably saturated conditions
------------------------------------------------------------------------

 Newton Iteration Convergence Summary:
 Newton       maximum      maximum     solver
 iteration    update       residual    iterations  maxvol      nexvol
     1       2.5389D+00   6.8931D-08       30        9551        9900
     2       1.3836D-01   9.4673D-08       22        9653        8269
     3       8.8293D-03   6.0121D-08       14        9552        5119
     4       3.5607D-04   7.3002D-08        8        9652        1754
     5       2.0442D-05   8.5711D-08        4        9652         243
     6       5.7640D-07   8.0481D-08        1        9551           0
 
update boundary conditions - water flow
------------------------------------------------------------------------

 
transient flow - variably saturated conditions
------------------------------------------------------------------------

 Newton Iteration Convergence Summary:
 Newton       maximum      maximum     solver
 iteration    update       residual    iterations  maxvol      nexvol
     1       2.7853D+00   6.9108D-08       30        9645        9900
     2       6.8835D-02   7.6965D-08       22        9653        8450
     3       4.4305D-03   7.9472D-08       14        9652        6137
     4       2.2786D-04   9.7384D-08        8        9550        2686
     5       1.6547D-05   7.5866D-08        4        9646         242
     6       6.5361D-07   9.3274D-08        1        9546           0
 
update boundary conditions - water flow
------------------------------------------------------------------------

 
transient flow - variably saturated conditions
------------------------------------------------------------------------

 Newton Iteration Convergence Summary:
 Newton       maximum      maximum     solver
 iteration    update       residual    iterations  maxvol      nexvol
     1       3.9446D+00   6.6979D-08       27        9549        9900
     2       1.4633D-01   4.6736D-08       20        9645        8618
     3       1.8784D-02   6.8903D-08       16        9645        6498
     4       8.6951D-04   2.7169D-07        9        9646        4428
     5       1.0179D-04   7.5380D-08        6        9546         443
     6       6.6816D-06   5.8095D-08        3        9546         143
     7       4.7210D-07   6.6052D-08        1        9546           0
 
update boundary conditions - water flow
------------------------------------------------------------------------

 
transient flow - variably saturated conditions
------------------------------------------------------------------------

 Newton Iteration Convergence Summary:
 Newton       maximum      maximum     solver
 iteration    update       residual    iterations  maxvol      nexvol
     1       4.5665D+00   8.6512D-08       29        9546        9900
     2       3.2535D-01   7.2829D-08       20        9550        8695
     3       4.9116D-02   8.8184D-08       17        9645        6828
     4       3.6598D-03   6.0970D-08       11        9645        5918
     5       4.7746D-04   7.6375D-08        7        9645         758
     6       4.0844D-05   7.3025D-08        4        9645         233
     7       4.4528D-06   9.5438D-08        2        9645          78
     8       1.8972D-07   3.1262D-08        1        9546           0
 
update boundary conditions - water flow
------------------------------------------------------------------------

 
transient flow - variably saturated conditions
------------------------------------------------------------------------

 Newton Iteration Convergence Summary:
 Newton       maximum      maximum     solver
 iteration    update       residual    iterations  maxvol      nexvol
     1       5.7111D+00   7.2531D-08       27        9546        9900
     2       7.3906D-01   4.8753D-08       22        9645        8893
     3       1.1906D-01   7.4141D-08       19        9645        7473
     4       1.1794D-02   1.3787D-07       12        9645        6546
     5       1.8588D-03   8.3176D-08        9        9645        2747
     6       1.9830D-04   7.4776D-08        6        9645         673
     7       2.8875D-05   5.1660D-08        4        9645         205
     8       3.1110D-06   5.6240D-08        2        9645          52
     9       2.6986D-07   2.6342D-08        1        9546           0
 
update boundary conditions - water flow
------------------------------------------------------------------------

 
transient flow - variably saturated conditions
------------------------------------------------------------------------

 Newton Iteration Convergence Summary:
 Newton       maximum      maximum     solver
 iteration    update       residual    iterations  maxvol      nexvol
     1       9.1453D+00   7.8998D-08       30        9447        9900
     2       1.8897D+00   7.0349D-08       19        9546        9173
     3       4.2371D-01   8.0484D-08       21        9546        8008
     4       5.6675D-02   4.4036D-08       16        9546        7539
     5       1.3212D-02   8.5558D-08       12        9645        4837
     6       1.8578D-03   2.6687D-07        8        9645        3178
     7       4.0291D-04   7.4096D-08        6        9645         411
     8       6.2885D-05   6.8137D-08        4        9645         217
     9       1.2693D-05   5.1220D-08        3        9645         121
    10       1.9701D-06   3.4334D-08        2        9546          20
    11       2.8966D-07   2.8829D-08        1        9546           0
 
update boundary conditions - water flow
------------------------------------------------------------------------

 
transient flow - variably saturated conditions
------------------------------------------------------------------------

 Newton Iteration Convergence Summary:
 Newton       maximum      maximum     solver
 iteration    update       residual    iterations  maxvol      nexvol
     1       1.0000D+01   9.2085D-08       29        9447        9900
     2       2.6730D+00   7.5370D-08       24        9249        9900
     3       1.1950D+00   5.6153D-08       22        9447        9091
     4       1.1789D-01   1.4778D-07       17        9048        8567
     5       3.9772D-02   3.6147D-08       15        9451        6395
     6       9.0446D-03   3.8291D-08       10        9447        3363
     7       2.0759D-03   6.9306D-08        7        9447        1177
     8       5.7612D-04   8.3159D-08        5        9546         578
     9       1.4241D-04   8.4431D-08        4        9546         260
    10       3.8573D-05   8.4012D-08        3        9546         166
    11       9.5366D-06   2.0862D-08        3        9546          92
    12       2.4823D-06   3.0005D-08        2        9546          24
    13       5.2116D-07   3.7177D-08        1        9546           0
 
update boundary conditions - water flow
------------------------------------------------------------------------

 
transient flow - variably saturated conditions
------------------------------------------------------------------------

 Newton Iteration Convergence Summary:
 Newton       maximum      maximum     solver
 iteration    update       residual    iterations  maxvol      nexvol
     1       1.0000D+01   4.3108D-08       31        9447        9900
     2       2.8094D+00   2.1849D-07       28        8948        9900
     3       1.2422D+00   5.7869D-08       20        9347        9255
     4       2.0947D-01   9.9194D-08       15        9546        8696
     5       5.6850D-02   1.9986D-08       15        9645        6966
     6       1.5421D-02   1.1809D-07       11        9645        5105
     7       4.4606D-03   1.0070D-07        9        9645        2729
     8       1.2485D-03   5.9001D-08        6        9645         673
     9       3.6800D-04   4.5733D-08        5        9645         251
    10       1.0537D-04   3.6729D-08        4        9645         196
    11       3.1078D-05   4.8377D-08        3        9645         132
    12       8.7781D-06   8.6573D-08        2        9645          69
    13       2.4325D-06   2.4321D-08        2        9645          18
    14       6.1130D-07   4.6046D-08        1        9645           0
 
update boundary conditions - water flow
------------------------------------------------------------------------

 
transient flow - variably saturated conditions
------------------------------------------------------------------------

 Newton Iteration Convergence Summary:
 Newton       maximum      maximum     solver
 iteration    update       residual    iterations  maxvol      nexvol
     1       1.0000D+01   6.1598D-08       28        9447        9900
     2       4.1196D+00   6.5392D-08       28        8948        9900
     3       1.9439D+00   2.8188D-08       19        9347        9240
     4       3.9361D-01   3.7945D-08       19        9447        8899
     5       1.0846D-01   6.4749D-08       16        9546        7545
     6       3.3910D-02   3.0053D-08       14        9645        6520
     7       1.0836D-02   2.6475D-07        9        9645        4335
     8       3.4310D-03   1.1941D-07        7        9645         967
     9       1.1135D-03   8.7337D-08        6        9645         343
    10       3.6029D-04   8.2525D-08        4        9645         241
    11       1.1820D-04   4.0731D-08        4        9645         189
    12       3.8568D-05   4.8190D-08        3        9645         138
    13       1.2659D-05   2.1189D-08        3        9645          87
    14       4.1038D-06   3.6812D-08        2        9645          38
    15       1.2122D-06   8.4426D-08        1        9645           6
    16       3.1346D-07   1.9413D-08        1        9546           0
 
update boundary conditions - water flow
------------------------------------------------------------------------

 
transient flow - variably saturated conditions
------------------------------------------------------------------------

 Newton Iteration Convergence Summary:
 Newton       maximum      maximum     solver
 iteration    update       residual    iterations  maxvol      nexvol
     1       1.0000D+01   9.4834D-08       29        9447        9900
     2       3.2483D+00   6.8405D-08       28        8748        9900
     3       1.2860D+00   4.4527D-08       19        8948        9361
     4       3.4432D-01   6.6827D-08       16        9451        8764
     5       1.0608D-01   1.2744D-07       14        9348        7815
     6       3.8303D-02   4.5579D-08       12        9447        6605
     7       1.2324D-02   2.8100D-07        9        9447        5070
     8       4.6407D-03   2.9152D-08        9        9546        1507
     9       1.5897D-03   9.5697D-08        6        9645         509
    10       5.9392D-04   4.6134D-08        5        9645         323
    11       2.0174D-04   4.4919D-08        4        9645         215
    12       7.4593D-05   6.2047D-08        3        9645         171
    13       2.5289D-05   2.5219D-08        3        9645         112
    14       9.2430D-06   6.1189D-08        2        9645          66
    15       3.0785D-06   2.1314D-08        2        9645          22
    16       1.0566D-06   6.7149D-08        1        9645           1
    17       2.9157D-07   1.6635D-08        1        9546           0
 
update boundary conditions - water flow
------------------------------------------------------------------------

 
transient flow - variably saturated conditions
------------------------------------------------------------------------

 Newton Iteration Convergence Summary:
 Newton       maximum      maximum     solver
 iteration    update       residual    iterations  maxvol      nexvol
     1       1.0000D+01   5.6771D-08       28        9645        9900
     2       4.1339D+00   9.9086D-08       24        9645        9900
     3       1.2524D+00   6.2698D-08       27        9645        9900
     4       5.2856D-01   9.3785D-08       20        9645        9900
     5       1.7607D-01   6.1954D-08       22        9645        9900
     6       7.0695D-02   3.8898D-07       14        9645        9900
     7       2.4535D-02   6.5197D-08       17        9645        9870
     8       9.7245D-03   9.7742D-08       13        9645        9587
     9       3.4179D-03   6.8823D-08       13        9645        8985
    10       1.3456D-03   7.2224D-08        9        9645        7366
    11       4.7611D-04   6.6425D-08        9        9645        5269
    12       1.8673D-04   3.9089D-08        7        9645        1231
    13       6.6325D-05   1.0636D-07        4        9645         165
    14       2.5953D-05   7.8755D-08        3        9645         104
    15       9.2012D-06   8.1332D-08        2        9645          63
    16       3.5542D-06   5.2763D-08        2        9645          22
    17       1.2070D-06   8.3414D-08        1        9645           2
    18       4.0945D-07   4.5925D-08        1        9645           0
 
update boundary conditions - water flow
------------------------------------------------------------------------

 
transient flow - variably saturated conditions
------------------------------------------------------------------------

 Newton Iteration Convergence Summary:
 Newton       maximum      maximum     solver
 iteration    update       residual    iterations  maxvol      nexvol
     1       1.0000D+01   6.8455D-08       29        9645        9900
     2       4.6103D+00   9.4873D-08       29        9645        9900
     3       1.5165D+00   5.7959D-08       26        9645        9900
     4       7.3434D-01   5.5063D-08       20        9645        9900
     5       2.3681D-01   9.3156D-08       23        9645        9900
     6       1.1364D-01   9.2968D-08       16        9645        9900
     7       3.6280D-02   7.7498D-08       19        9645        9900
     8       1.7652D-02   1.4406D-07       14        9645        9771
     9       5.1798D-03   9.3980D-08       14        9645        9705
    10       2.5553D-03   1.1227D-07       11        9645        8540
    11       6.5735D-04   8.6510D-08       10        9645        8240
    12       3.2867D-04   2.2836D-08        9        9645        3892
    13       6.6201D-05   7.6041D-08        6        9645        3167
    14       3.3101D-05   7.6491D-08        4        9645          94
    15       3.1006D-06   7.5334D-08        3        9645          20
    16       1.5503D-06   5.4342D-08        2        9645           5
    17       1.4834D-07   5.5299D-08        1        9645           0
 
update boundary conditions - water flow
------------------------------------------------------------------------

 
transient flow - variably saturated conditions
------------------------------------------------------------------------

 Newton Iteration Convergence Summary:
 Newton       maximum      maximum     solver
 iteration    update       residual    iterations  maxvol      nexvol
     1       1.0000D+01   5.5185D-08       26        8649        9900
     2       5.0000D+00   1.6813D-08       25        9645        9900
     3       9.9038D-01   7.5557D-08       21        9645        9900
     4       4.6701D-01   7.2392D-08       23        9645        9900
     5       1.2872D-01   5.1440D-08       21        9645        9900
     6       6.3285D-02   9.4202D-08       15        9645        9893
     7       1.4553D-02   7.6541D-08       16        9645        9873
     8       7.2385D-03   5.7812D-08       12        9645        9188
     9       1.4102D-03   9.9347D-08       11        9645        9034
    10       7.0510D-04   1.8479D-07        8        9645        5444
    11       7.8841D-05   9.9196D-08        6        9645        3960
    12       3.9421D-05   6.7424D-08        4        9645          89
    13       7.6177D-07   8.8696D-08        2        8848           0
 
update boundary conditions - water flow
------------------------------------------------------------------------

 
transient flow - variably saturated conditions
------------------------------------------------------------------------

 Newton Iteration Convergence Summary:
 Newton       maximum      maximum     solver
 iteration    update       residual    iterations  maxvol      nexvol
     1       1.0000D+01   6.6671D-08       29        8549        9900
     2       4.7018D+00   8.2781D-08       22        9645        9900
     3       2.0477D+00   6.2703D-08       27        9645        9900
     4       9.1714D-01   3.1967D-08       22        9645        9900
     5       4.0995D-01   6.6267D-08       23        9645        9900
     6       1.7861D-01   5.6063D-08       20        9645        9899
     7       8.0744D-02   7.5350D-08       19        9645        9900
     8       3.4606D-02   9.0741D-08       14        9645        9899
     9       1.5797D-02   9.4242D-08       15        9645        9768
    10       6.6646D-03   3.0813D-07       10        9645        9551
    11       3.0754D-03   7.8135D-08       12        9645        8960
    12       1.2719D-03   5.2674D-08        9        9645        8182
    13       5.9456D-04   5.8239D-08        9        9645        6016
    14       2.3910D-04   7.1855D-08        6        9645        3775
    15       1.1350D-04   5.4709D-08        6        9645         178
    16       4.3768D-05   6.6756D-08        4        9645          95
    17       2.1145D-05   6.4232D-08        3        9645          76
    18       7.6316D-06   6.7570D-08        2        9645          35
    19       3.7556D-06   5.1440D-08        2        9645          18
    20       1.1838D-06   6.7675D-08        1        9645           2
    21       5.8186D-07   5.4460D-08        1        9645           0
 
update boundary conditions - water flow
------------------------------------------------------------------------

 
transient flow - variably saturated conditions
------------------------------------------------------------------------

 Newton Iteration Convergence Summary:
 Newton       maximum      maximum     solver
 iteration    update       residual    iterations  maxvol      nexvol
     1       1.0000D+01   6.7598D-08       25        7747        9900
     2       4.7693D+00   7.3545D-08       23        9653        9900
     3       1.6373D+00   7.9708D-08       25        9645        9900
     4       8.1863D-01   6.3672D-08       19        9645        9900
     5       2.1818D-01   9.6426D-08       21        9645        9900
     6       1.0909D-01   6.0871D-08       19        9645        9900
     7       9.9219D-03   6.1873D-08       18        9645        9900
     8       4.9610D-03   8.2725D-08       12        9645        9291
     9       1.3792D-03   4.8727D-08       11        9645        9562
    10       6.8961D-04   7.4191D-08        6        9645         727
    11       2.9428D-04   5.6559D-08        5        9645         996
    12       1.4714D-04   9.1407D-08        3        9645         284
    13       6.2604D-05   4.6461D-08        3        9645         314
    14       3.1302D-05   1.8255D-08        3        9645         124
    15       1.3474D-05   4.1813D-08        2        9745         117
    16       6.7370D-06   3.2529D-08        2        9645          45
    17       2.8182D-06   9.4102D-09        2        9745          18
    18       1.4091D-06   7.4980D-09        2        9645           3
    19       4.5584D-07   2.0731D-08        1        9745           0
 
update boundary conditions - water flow
------------------------------------------------------------------------

 
transient flow - variably saturated conditions
------------------------------------------------------------------------

 Newton Iteration Convergence Summary:
 Newton       maximum      maximum     solver
 iteration    update       residual    iterations  maxvol      nexvol
     1       1.0000D+01   7.7871D-08       27        7646        9900
     2       3.6749D+00   3.3688D-08       26        9653        9900
     3       1.6920D+00   5.3555D-08       27        9645        9900
     4       7.9232D-01   6.9412D-08       20        9645        9900
     5       3.6348D-01   6.2958D-08       23        9645        9900
     6       1.6852D-01   9.5492D-08       19        9645        9900
     7       7.7345D-02   6.0374D-08       19        9645        9900
     8       3.5823D-02   7.4879D-08       17        9745        9898
     9       1.6407D-02   9.7823D-08       15        9745        9862
    10       7.6031D-03   5.9456D-08       12        9745        9704
    11       3.4741D-03   5.6622D-08       13        9745        9403
    12       1.6133D-03   3.1282D-08       10        9745        8729
    13       7.3461D-04   9.2300D-08        9        9745        7570
    14       3.4239D-04   8.5876D-08        7        9745        5717
    15       1.5506D-04   7.9470D-08        6        9745        2763
    16       7.2669D-05   5.1548D-08        5        9745         142
    17       3.2626D-05   6.7393D-08        4        9745          95
    18       1.5410D-05   5.6343D-08        3        9745          52
    19       6.8195D-06   6.6218D-08        2        9745          32
    20       3.2560D-06   5.1259D-08        2        9745          15
    21       1.3814D-06   8.0342D-08        1        9745           3
    22       6.5524D-07   5.4537D-08        1        9645           0
 
update boundary conditions - water flow
------------------------------------------------------------------------

 
transient flow - variably saturated conditions
------------------------------------------------------------------------

 Newton Iteration Convergence Summary:
 Newton       maximum      maximum     solver
 iteration    update       residual    iterations  maxvol      nexvol
     1       1.0000D+01   5.9894D-08       27        7647        9900
     2       3.5079D+00   6.3202D-08       27        9653        9900
     3       1.7206D+00   4.3346D-08       22        9653        9900
     4       5.7803D-01   9.6851D-08       22        9754        9900
     5       2.8902D-01   5.7555D-08       23        9754        9900
     6       7.1368D-02   9.5943D-08       19        9745        9900
     7       3.5684D-02   6.2566D-08       18        9745        9897
     8       7.0447D-03   6.3372D-08       17        9653        9899
     9       3.5224D-03   5.4484D-08       10        9745        4232
    10       1.7833D-03   8.3274D-08        8        9653        4839
    11       8.9166D-04   9.2746D-08        5        9653        1004
    12       3.2843D-04   2.8204D-08        5        9653        1476
    13       1.6421D-04   1.7499D-08        4        9653         448
    14       5.4785D-05   2.3425D-08        3        9653         422
    15       2.7393D-05   2.1404D-08        3        9653         176
    16       7.4443D-06   3.2682D-08        2        9653         116
    17       3.7221D-06   2.7344D-08        2        9653          26
    18       8.4077D-07   6.4834D-08        1        7646           0
 
update boundary conditions - water flow
------------------------------------------------------------------------

 
transient flow - variably saturated conditions
------------------------------------------------------------------------

 Newton Iteration Convergence Summary:
 Newton       maximum      maximum     solver
 iteration    update       residual    iterations  maxvol      nexvol
     1       1.0000D+01   9.6215D-08       27        7546        9900
     2       3.3400D+00   6.8968D-08       25        9754        9900
     3       1.6700D+00   6.8128D-08       23        9754        9900
     4       6.6092D-01   4.3474D-08       24        9745        9900
     5       3.3046D-01   6.3211D-08       23        9745        9900
     6       5.8656D-02   9.6838D-08       20        9754        9900
     7       2.9328D-02   6.7343D-08       14        9754        6941
     8       1.4131D-02   6.5763D-08       12        9754        7763
     9       7.0656D-03   8.4776D-08        9        9754        3190
    10       3.5819D-03   7.6106D-08        8        9754        3995
    11       1.7910D-03   7.0642D-08        6        9754        1513
    12       9.2415D-04   9.4128D-08        5        9754        1787
    13       4.6207D-04   6.7351D-08        4        9754         720
    14       2.4177D-04   3.3697D-08        4        9754         918
    15       1.2089D-04   7.0454D-08        3        9754         354
    16       6.3944D-05   2.2327D-08        3        9754         418
    17       3.1972D-05   1.7987D-08        3        9653         195
    18       1.7064D-05   3.9517D-08        2        9754         209
    19       8.5318D-06   4.9678D-08        2        9653          78
    20       4.6361D-06   1.0668D-08        2        9754          63
    21       2.3181D-06   1.3883D-08        2        9653          19
    22       1.2186D-06   5.4308D-08        1        9754           4
    23       6.0931D-07   6.9858D-08        1        9653           0
 
update boundary conditions - water flow
------------------------------------------------------------------------

 
transient flow - variably saturated conditions
------------------------------------------------------------------------

 Newton Iteration Convergence Summary:
 Newton       maximum      maximum     solver
 iteration    update       residual    iterations  maxvol      nexvol
     1       1.0000D+01   7.2679D-08       26        7345        9900
     2       4.4436D+00   5.9331D-08       25        7647        9900
     3       1.5655D+00   1.3349D-07       25        9754        9900
     4       7.8277D-01   7.5122D-08       20        9745        9900
     5       2.9952D-01   7.0723D-08       23        9754        9900
     6       1.4976D-01   7.5058D-08       14        9754        7333
     7       8.0772D-02   8.8459D-08       11        9754        8323
     8       4.0386D-02   2.4017D-07        9        9754        4614
     9       2.5390D-02   5.7703D-08        8        7647        4309
    10       1.2695D-02   7.2259D-08        8        9754        3474
    11       5.5723D-03   1.7178D-07        6        7647        2417
    12       2.7561D-03   5.1333D-08        6        7647        1495
    13       2.0396D-04   3.0675D-08        4        8948        1007
    14       1.0198D-04   3.1552D-08        3        8948         352
    15       3.1917D-05   5.6334D-08        2        9745         181
    16       1.5958D-05   6.3843D-08        2        9745         107
    17       1.4457D-05   2.0248D-08        2        9745         132
    18       7.2283D-06   3.1015D-08        2        9745          62
    19       6.2843D-06   9.7161D-09        2        9745          77
    20       3.1422D-06   1.4691D-08        2        9745          19
    21       2.5983D-06   4.5003D-09        2        9745          31
    22       1.2991D-06   6.7380D-09        2        9745           1
    23       9.9383D-07   4.4543D-08        1        9745           0
 
update boundary conditions - water flow
------------------------------------------------------------------------

 
transient flow - variably saturated conditions
------------------------------------------------------------------------

 Newton Iteration Convergence Summary:
 Newton       maximum      maximum     solver
 iteration    update       residual    iterations  maxvol      nexvol
     1       1.0000D+01   7.0262D-08       31        7041        9900
     2       4.6840D+00   1.6119D-08       23        7546        9900
     3       1.9073D+00   6.8685D-08       25        9754        9900
     4       9.5364D-01   7.9127D-08       24        9754        9900
     5       4.3047D-01   8.8317D-08       22        9745        9900
     6       2.1523D-01   7.3190D-08       19        9745        9900
     7       5.0179D-02   9.1382D-08       18        9745        9900
     8       2.5089D-02   7.0307D-08       16        9745        9859
     9       2.1875D-02   6.7417D-08       16        9645        9898
    10       1.0938D-02   8.7945D-08        9        9745        4289
    11       1.3938D-02   5.4611D-08        9        9645        5508
    12       6.9688D-03   7.3927D-08        7        9745        1422
    13       8.8575D-03   9.9917D-08        5        9645        2038
    14       4.4288D-03   7.3955D-08        6        9745         770
    15       5.6154D-03   8.4053D-08        4        9645         948
    16       2.8077D-03   8.1334D-08        5        9745         495
    17       3.5485D-03   4.9956D-08        4        9645         627
    18       1.7743D-03   5.1868D-08        5        9745         374
    19       2.2339D-03   3.1621D-08        4        9645         447
    20       1.1170D-03   6.8466D-08        4        9745         333
    21       1.3997D-03   8.3049D-08        3        9645         401
    22       6.9983D-04   4.1414D-08        4        9745         292
    23       8.7199D-04   5.2250D-08        3        9645         352
    24       4.3599D-04   2.6554D-08        4        9745         255
    25       5.3949D-04   3.4081D-08        3        9645         313
    26       2.6974D-04   6.4267D-08        3        9745         220
    27       3.3097D-04   2.2294D-08        3        9645         271
    28       1.6548D-04   4.0927D-08        3        9745         199
    29       2.0095D-04   1.4323D-08        3        9645         237
    30       1.0048D-04   2.5984D-08        3        9745         177
    31       1.2045D-04   9.1728D-09        3        9645         200
    32       6.0227D-05   1.6400D-08        3        9745         164
    33       7.1006D-05   9.1099D-08        2        9645         175
    34       3.5503D-05   1.0009D-08        3        9645         140
    35       4.1592D-05   5.6194D-08        2        9645         152
    36       2.0796D-05   6.2737D-09        3        9645         115
    37       1.0398D-05   3.5054D-08        2        9754          88
    38       8.3845D-06   6.9810D-09        2        9745          49
    39       4.1923D-06   1.4663D-08        2        9745          17
    40       4.9511D-06   4.1489D-09        2        9745          26
    41       2.4755D-06   8.7191D-09        2        9745          11
    42       2.8449D-06   7.3444D-08        1        9745          13
    43       1.4225D-06   4.9179D-09        2        9745           3
    44       1.5585D-06   3.9438D-08        1        9745           4
    45       7.7924D-07   8.0816D-08        1        9745           0
 
update boundary conditions - water flow
------------------------------------------------------------------------

 
transient flow - variably saturated conditions
------------------------------------------------------------------------

 Newton Iteration Convergence Summary:
 Newton       maximum      maximum     solver
 iteration    update       residual    iterations  maxvol      nexvol
     1       1.0000D+01   8.4615D-08       30        7041        9900
     2       4.5442D+00   7.8812D-08       21        7345        9900
     3       1.9130D+00   7.0552D-08       23        9754        9900
     4       9.5652D-01   9.2285D-08       21        9754        9900
     5       3.8135D-01   8.6854D-08       21        9745        9900
     6       1.9067D-01   7.4683D-08       19        9745        9899
     7       5.6882D-02   6.4825D-08       18        9754        9899
     8       2.8441D-02   5.2687D-08       12        9754        6131
     9       2.0183D-02   9.7637D-08       10        9754        6714
    10       1.0091D-02   4.7132D-08        8        9754        2882
    11       7.0684D-03   4.6576D-08        7        9754        3319
    12       3.5342D-03   5.0225D-08        6        9754        1260
    13       2.4502D-03   3.6880D-08        5        9754        1617
    14       1.2251D-03   6.4951D-08        4        9754         546
    15       8.3870D-04   8.5336D-08        3        9754         578
    16       4.1935D-04   1.9010D-08        4        9754         425
    17       2.8272D-04   2.7776D-08        3        9754         443
    18       1.4136D-04   3.7304D-08        3        9754         330
    19       9.3503D-05   1.0581D-08        3        9754         336
    20       4.6751D-05   1.3410D-08        3        9754         225
    21       3.0152D-05   5.2423D-08        2        9754         236
    22       1.5076D-05   6.9654D-08        2        9754         134
    23       9.3924D-06   1.8685D-08        2        9754         121
    24       4.6962D-06   2.3832D-08        2        9754          39
    25       3.0259D-06   6.6305D-09        2        9745          35
    26       1.5130D-06   8.0706D-09        2        9754           5
    27       5.3518D-07   3.6899D-08        1        9545           0
 
update boundary conditions - water flow
------------------------------------------------------------------------

 
transient flow - variably saturated conditions
------------------------------------------------------------------------

 Newton Iteration Convergence Summary:
 Newton       maximum      maximum     solver
 iteration    update       residual    iterations  maxvol      nexvol
     1       1.0000D+01   7.9248D-08       26        6939        9900
     2       3.9551D+00   7.7580D-08       23        7041        9900
     3       1.6986D+00   7.2043D-08       25        9754        9900
     4       8.4931D-01   5.8176D-08       23        9754        9900
     5       3.8901D-01   8.0253D-08       20        9745        9900
     6       1.9450D-01   5.9353D-08       18        9745        9900
     7       6.2928D-02   6.0998D-08       18        9745        9898
     8       3.1464D-02   5.5335D-08       16        9745        9865
     9       2.5723D-02   7.5498D-08       15        9745        9896
    10       1.2861D-02   8.0601D-08        9        9745        4727
    11       1.9326D-02   8.2173D-08        8        9745        6022
    12       9.6631D-03   6.5937D-08        7        9745        2087
    13       1.4475D-02   5.2729D-08        6        9745        2921
    14       7.2374D-03   4.9763D-08        7        9745        1329
    15       1.0815D-02   5.3337D-08        5        9745        1868
    16       5.4074D-03   7.3666D-08        6        9745         958
    17       8.0638D-03   8.0193D-08        4        9745        1411
    18       4.0319D-03   8.9456D-08        5        9745         722
    19       6.0025D-03   5.8158D-08        4        9745        1073
    20       3.0012D-03   6.6636D-08        5        9745         517
    21       4.4619D-03   4.3200D-08        4        9745         829
    22       2.2309D-03   4.9541D-08        5        9745         372
    23       3.3130D-03   3.2026D-08        4        9745         606
    24       1.6565D-03   7.7595D-08        4        9745         299
    25       2.4576D-03   9.5574D-08        3        9745         407
    26       1.2288D-03   5.4585D-08        4        9745         260
    27       1.8218D-03   6.2619D-08        3        9745         331
    28       9.1091D-04   4.1373D-08        4        9745         231
    29       1.3498D-03   4.7642D-08        3        9745         273
    30       6.7490D-04   3.0385D-08        4        9745         209
    31       9.9972D-04   3.4975D-08        3        9745         250
    32       4.9986D-04   8.9387D-08        3        9745         188
    33       7.4028D-04   2.8008D-08        3        9745         225
    34       3.7014D-04   6.5937D-08        3        9745         171
    35       5.4813D-04   2.0452D-08        3        9745         205
    36       2.7407D-04   4.9065D-08        3        9745         161
    37       4.0589D-04   1.5306D-08        3        9745         184
    38       2.0294D-04   3.6374D-08        3        9745         151
    39       3.0061D-04   1.1331D-08        3        9745         169
    40       1.5030D-04   2.7029D-08        3        9745         138
    41       2.2270D-04   8.4399D-09        3        9745         159
    42       1.1135D-04   2.0071D-08        3        9745         126
    43       1.6505D-04   6.2696D-09        3        9745         146
    44       8.2526D-05   1.4923D-08        3        9745         115
    45       1.2232D-04   8.9621D-08        2        9745         133
    46       6.1158D-05   1.0601D-08        3        9745         101
    47       9.0625D-05   6.6299D-08        2        9745         123
    48       4.5313D-05   7.9902D-09        3        9745          92
    49       6.7192D-05   4.9200D-08        2        9745         110
    50       3.3596D-05   5.8980D-09        3        9745          85
    51       4.9859D-05   3.6533D-08        2        9745          98
    52       2.4929D-05   8.8760D-08        2        9745          70
    53       3.7032D-05   2.7201D-08        2        9745          89
    54       1.8516D-05   6.6005D-08        2        9745          61
    55       2.7533D-05   2.0243D-08        2        9745          79
    56       1.3766D-05   4.9139D-08        2        9745          54
    57       2.0492D-05   1.5085D-08        2        9745          68
    58       1.0246D-05   3.6621D-08        2        9745          44
    59       1.5268D-05   1.1252D-08        2        9745          60
    60       7.6342D-06   2.7324D-08        2        9745          40
    61       1.1389D-05   8.4043D-09        2        9745          50
    62       5.6947D-06   2.0411D-08        2        9745          29
    63       8.5063D-06   6.2844D-09        2        9745          43
    64       4.2531D-06   1.5267D-08        2        9745          21
    65       6.3610D-06   4.7056D-09        2        9745          36
    66       3.1805D-06   1.1434D-08        2        9745          15
    67       4.7630D-06   3.5281D-09        2        9745          26
    68       2.3815D-06   8.5748D-09        2        9745          12
    69       3.4794D-06   8.6193D-08        1        9745          19
    70       1.7397D-06   6.1747D-09        2        9745           6
    71       2.4581D-06   5.9445D-08        1        9745          13
    72       1.2291D-06   4.3759D-09        2        9745           2
    73       1.7444D-06   4.1910D-08        1        9745           6
    74       8.7219D-07   3.1142D-09        2        9745           0
 
update boundary conditions - water flow
------------------------------------------------------------------------

 
transient flow - variably saturated conditions
------------------------------------------------------------------------

 Newton Iteration Convergence Summary:
 Newton       maximum      maximum     solver
 iteration    update       residual    iterations  maxvol      nexvol
     1       1.0000D+01   7.6842D-08       29        6745        9900
     2       4.1948D+00   1.3622D-09       25        7041        9900
     3       1.8108D+00   8.6908D-08       24        9754        9900
     4       9.0540D-01   7.7584D-08       23        9754        9900
     5       2.1090D-01   6.5089D-08       21        9553        9900
     6       1.0545D-01   8.2705D-08       14        9553        7943
     7       5.8559D-02   6.6642D-08       14        7546        8411
     8       8.1867D-02   1.4095D-07       10        9754        5659
     9       4.0933D-02   4.1146D-08        9        9754        4749
    10       1.5797D-02   1.7139D-07        7        7546        4178
    11       7.6491D-03   6.4908D-08        7        9645        1879
    12       3.8246D-03   9.4777D-08        5        9745        1780
    13       1.7891D-03   3.3894D-08        4        9745         848
    14       8.9454D-04   3.6408D-08        4        9745         397
    15       6.4259D-05   3.5946D-08        3        9754         348
    16       3.2129D-05   9.9220D-09        3        9754         263
    17       1.0759D-05   2.8465D-08        2        7647         183
    18       1.5958D-05   1.9018D-08        2        9745         184
    19       7.9791D-06   3.1251D-08        2        9745          75
    20       1.0193D-05   1.2350D-08        2        9745         137
    21       5.0966D-06   2.0100D-08        2        9745          41
    22       6.3994D-06   7.9389D-09        2        9745          97
    23       3.1997D-06   1.2751D-08        2        9745          17
    24       3.9319D-06   5.0586D-09        2        9745          56
    25       1.9659D-06   7.9894D-09        2        9745           4
    26       2.2881D-06   9.2625D-08        1        9745          16
    27       1.1441D-06   4.5590D-09        2        9745           1
    28       1.3972D-06   5.1522D-08        1        9754           3
    29       6.9858D-07   8.1954D-08        1        9745           0
 
update boundary conditions - water flow
------------------------------------------------------------------------

 
transient flow - variably saturated conditions
------------------------------------------------------------------------

 Newton Iteration Convergence Summary:
 Newton       maximum      maximum     solver
 iteration    update       residual    iterations  maxvol      nexvol
     1       9.6751D+00   5.5411D-08       27        6143        9900
     2       4.6950D+00   1.8436D-08       21        6939        9895
     3       1.0237D+00   5.6597D-08       17        9754        9894
     4       5.1183D-01   6.7307D-08       19        9754        9706
     5       3.1354D-01   6.7127D-08       17        9745        9829
     6       1.5677D-01   7.5914D-08       12        9745        6163
     7       2.4495D-01   8.4541D-08       10        9745        5777
     8       1.2248D-01   6.6601D-08       13        9745        6674
     9       2.0627D-01   9.3598D-08       10        9553        7037
    10       1.0313D-01   8.5805D-08       12        9745        6729
    11       1.6420D-01   6.1380D-08       11        9553        7407
    12       8.2102D-02   6.8933D-08       12        9745        6550
    13       8.3846D-01   8.6306D-08       10        9546        7197
    14       4.1923D-01   9.1275D-08       12        9546        7064
    15       7.9969D-01   8.4485D-08        9        9546        6286
    16       3.3661D-01   9.7629D-08       11        9546        7760
    17       1.4797D-01   7.0550D-08       11        9745        7423
    18       7.3986D-02   8.4439D-08       10        9745        5569
    19       3.7167D-02   7.6357D-08        7        9745        4041
    20       1.8583D-02   7.2335D-08        9        9745        3755
    21       3.0979D-02   8.9245D-08        7        9745        4936
    22       1.5490D-02   5.9778D-08        9        9745        3424
    23       2.5502D-02   7.2060D-08        7        9745        4653
    24       1.2751D-02   9.0466D-08        8        9745        3121
    25       2.0823D-02   6.0946D-08        7        9745        4365
    26       1.0412D-02   7.4963D-08        8        9745        2855
    27       1.7623D-02   9.9385D-08        6        9653        3927
    28       8.8117D-03   6.0588D-08        8        9745        2630
    29       1.4041D-02   7.3670D-08        6        9653        3424
    30       7.0203D-03   8.5915D-08        7        9745        2371
    31       9.6103D-03   8.1081D-08        5        9653        2689
    32       4.8051D-03   5.3900D-08        7        9653        1865
    33       5.0075D-03   7.6450D-08        4        9653        1579
    34       2.5037D-03   8.0608D-08        5        9653         836
    35       2.6055D-03   3.8378D-08        4        9653         783
    36       1.3028D-03   8.1205D-08        4        9653         411
    37       1.3548D-03   7.1022D-08        3        9653         434
    38       6.7742D-04   3.8387D-08        4        9653         315
    39       7.0431D-04   3.2029D-08        3        9653         335
    40       3.5215D-04   7.1571D-08        3        9653         252
    41       3.6615D-04   1.8459D-08        3        9653         275
    42       1.8308D-04   3.6146D-08        3        9653         211
    43       1.9041D-04   9.1114D-09        3        9653         232
    44       9.5204D-05   1.8805D-08        3        9653         165
    45       9.9015D-05   8.6329D-08        2        9653         192
    46       4.9507D-05   9.2821D-09        3        9653         134
    47       5.1472D-05   4.4633D-08        2        9653         150
    48       2.5736D-05   9.1118D-08        2        9653         102
    49       2.6773D-05   2.3240D-08        2        9653         110
    50       1.3387D-05   4.7333D-08        2        9653          74
    51       1.3937D-05   1.2086D-08        2        9653          82
    52       6.9687D-06   2.4625D-08        2        9653          45
    53       7.2620D-06   6.3014D-09        2        9653          51
    54       3.6310D-06   1.2823D-08        2        9653          26
    55       3.7877D-06   3.2865D-09        2        9653          27
    56       1.8938D-06   6.6883D-09        2        9653          11
    57       1.9352D-06   5.7202D-08        1        9653          13
    58       9.6759D-07   3.3509D-09        2        9653           0
 
update boundary conditions - water flow
------------------------------------------------------------------------

 

statistics - variably saturated flow ...
------------------------------------------------------------------------

total number of Newton iterations       =        698
total number of solver iterations       =       6709

general run specific statistics ...
------------------------------------------------------------------------

number of failed time steps             =          0
total number of time steps              =         75
cputime  =  24 hrs 18 min 39 sec
