************************************************************************
log file for dataset feddes                                                                  
************************************************************************


memory requirements for variably-saturated flow simulation:

estimated number of connections:               52500
actual number of connections:                  12300
estimated number of factored connections:      36900
memory requirement during factorization:       24597
actual number of factored connections:         12300

initial condition - water flow
------------------------------------------------------------------------

boundary conditions - water flow
------------------------------------------------------------------------

enter timeloop
------------------------------------------------------------------------

------------------------------------------------------------------------
timestep:     1  time: 1.000E-10 days         delt: 1.000E-10 days        
------------------------------------------------------------------------

transient flow - variably saturated conditions
------------------------------------------------------------------------

 Newton Iteration Convergence Summary:
 Newton       maximum      maximum     solver
 iteration    update       residual    iterations  maxvol      nexvol
     1       1.1025D-05   3.3324D-41        1          51          50
     2       1.2037D-10   3.6512D-46        1          52           0

------------------------------------------------------------------------
timestep:     2  time: 6.000E-10 days         delt: 5.000E-10 days        
------------------------------------------------------------------------

transient flow - variably saturated conditions
------------------------------------------------------------------------

 Newton Iteration Convergence Summary:
 Newton       maximum      maximum     solver
 iteration    update       residual    iterations  maxvol      nexvol
     1       5.5125D-05   1.0426D-37        1          51          50
     2       3.0536D-10   5.7761D-43        1          51           0

------------------------------------------------------------------------
timestep:     3  time: 3.100E-09 days         delt: 2.500E-09 days        
------------------------------------------------------------------------

transient flow - variably saturated conditions
------------------------------------------------------------------------

 Newton Iteration Convergence Summary:
 Newton       maximum      maximum     solver
 iteration    update       residual    iterations  maxvol      nexvol
     1       2.7560D-04   3.2677D-34        1          52          50
     2       5.9737D-09   7.0746D-39        1          51           0

------------------------------------------------------------------------
timestep:     4  time: 1.560E-08 days         delt: 1.250E-08 days        
------------------------------------------------------------------------

transient flow - variably saturated conditions
------------------------------------------------------------------------

 Newton Iteration Convergence Summary:
 Newton       maximum      maximum     solver
 iteration    update       residual    iterations  maxvol      nexvol
     1       1.3775D-03   1.0177D-30        1          52          50
     2       2.1714D-07   1.6081D-34        1          51           0

------------------------------------------------------------------------
timestep:     5  time: 7.810E-08 days         delt: 6.250E-08 days        
------------------------------------------------------------------------

transient flow - variably saturated conditions
------------------------------------------------------------------------

 Newton Iteration Convergence Summary:
 Newton       maximum      maximum     solver
 iteration    update       residual    iterations  maxvol      nexvol
     1       6.8759D-03   3.1755D-27        1          51          50
     2       5.7375D-06   2.6834D-30        1          52          50
     3       3.2693D-09   1.5282D-33        1          51           0

------------------------------------------------------------------------
timestep:     6  time: 3.906E-07 days         delt: 3.125E-07 days        
------------------------------------------------------------------------

transient flow - variably saturated conditions
------------------------------------------------------------------------

 Newton Iteration Convergence Summary:
 Newton       maximum      maximum     solver
 iteration    update       residual    iterations  maxvol      nexvol
     1       3.4087D-02   9.8455D-24        1          51          50
     2       1.4133D-04   4.3463D-26        1          51          50
     3       3.9652D-07   1.2157D-28        1          51           0

------------------------------------------------------------------------
timestep:     7  time: 1.953E-06 days         delt: 1.562E-06 days        
------------------------------------------------------------------------

transient flow - variably saturated conditions
------------------------------------------------------------------------

 Newton Iteration Convergence Summary:
 Newton       maximum      maximum     solver
 iteration    update       residual    iterations  maxvol      nexvol
     1       1.6344D-01   2.9636D-20        1          52         100
     2       3.1166D-03   7.7430D-22        1          51          50
     3       4.1668D-05   1.0162D-23        1         100          50
     4       7.3090D-10   1.7824D-28        1          52           0

------------------------------------------------------------------------
timestep:     8  time: 9.766E-06 days         delt: 7.813E-06 days        
------------------------------------------------------------------------

transient flow - variably saturated conditions
------------------------------------------------------------------------

 Newton Iteration Convergence Summary:
 Newton       maximum      maximum     solver
 iteration    update       residual    iterations  maxvol      nexvol
     1       6.7481D-01   8.0993D-17        1          51         100
     2       4.5109D-02   2.1054D-17        1          51         100
     3       2.4430D-03   9.8932D-19        1          51          50
     4       7.8520D-07   3.1635D-22        1          51           0

------------------------------------------------------------------------
timestep:     9  time: 4.389E-05 days         delt: 3.413E-05 days        
------------------------------------------------------------------------

transient flow - variably saturated conditions
------------------------------------------------------------------------

 Newton Iteration Convergence Summary:
 Newton       maximum      maximum     solver
 iteration    update       residual    iterations  maxvol      nexvol
     1       1.5685D+00   1.1527D-13        1          51         100
     2       1.8834D-01   9.8671D-13        1         100         100
     3       2.3673D-02   6.0099D-14        1          51         100
     4       8.0168D-05   1.8809D-16        1          51         100
     5       2.0430D-09   4.7628D-21        1          51           0

------------------------------------------------------------------------
timestep:    10  time: 9.453E-05 days         delt: 5.063E-05 days        
------------------------------------------------------------------------

transient flow - variably saturated conditions
------------------------------------------------------------------------

 Newton Iteration Convergence Summary:
 Newton       maximum      maximum     solver
 iteration    update       residual    iterations  maxvol      nexvol
     1       1.0181D+00   8.1638D-12        1          59         150
     2       1.1167D-01   4.8712D-11        1          93         150
     3       1.2028D-02   2.8191D-12        1          52         100
     4       2.6754D-05   5.0201D-15        1          52         100
     5       6.2539D-10   8.0486D-20        1          97           0

------------------------------------------------------------------------
timestep:    11  time: 1.692E-04 days         delt: 7.464E-05 days        
------------------------------------------------------------------------

transient flow - variably saturated conditions
------------------------------------------------------------------------

 Newton Iteration Convergence Summary:
 Newton       maximum      maximum     solver
 iteration    update       residual    iterations  maxvol      nexvol
     1       6.8551D-01   5.4619D-10        1          98         150
     2       6.7229D-02   7.9526D-09        1          51         150
     3       6.1179D-03   5.1227D-10        1          54         150
     4       8.6603D-06   1.3373D-12        1          54         100
     5       2.2007D-10   4.7071D-17        1          54           0

------------------------------------------------------------------------
timestep:    12  time: 2.811E-04 days         delt: 1.120E-04 days        
------------------------------------------------------------------------

transient flow - variably saturated conditions
------------------------------------------------------------------------

 Newton Iteration Convergence Summary:
 Newton       maximum      maximum     solver
 iteration    update       residual    iterations  maxvol      nexvol
     1       4.7097D-01   1.7033D-08        1          59         150
     2       4.0634D-02   4.7547D-14        2          59         150
     3       3.2814D-03   8.2782D-08        1         124         150
     4       1.9784D-04   4.5273D-09        1         124         100
     5       2.8276D-08   2.9215D-13        1         101           0

------------------------------------------------------------------------
timestep:    13  time: 4.606E-04 days         delt: 1.794E-04 days        
------------------------------------------------------------------------

transient flow - variably saturated conditions
------------------------------------------------------------------------

 Newton Iteration Convergence Summary:
 Newton       maximum      maximum     solver
 iteration    update       residual    iterations  maxvol      nexvol
     1       5.2581D-01   2.2906D-12        2         124         200
     2       3.3992D-02   1.7210D-11        2         130         150
     3       1.3759D-03   8.8260D-08        1         112         150
     4       9.7017D-08   4.6916D-11        1         149           0

------------------------------------------------------------------------
timestep:    14  time: 7.973E-04 days         delt: 3.367E-04 days        
------------------------------------------------------------------------

transient flow - variably saturated conditions
------------------------------------------------------------------------

 Newton Iteration Convergence Summary:
 Newton       maximum      maximum     solver
 iteration    update       residual    iterations  maxvol      nexvol
     1       1.2297D+00   8.9712D-10        2         112         200
     2       1.3004D-01   1.0434D-09        2         112         200
     3       1.3907D-02   9.4015D-11        2         112         200
     4       3.3612D-05   1.6019D-08        1         112         100
     5       5.0681D-09   1.4422D-12        1         149           0

------------------------------------------------------------------------
timestep:    15  time: 1.459E-03 days         delt: 6.615E-04 days        
------------------------------------------------------------------------

transient flow - variably saturated conditions
------------------------------------------------------------------------

 Newton Iteration Convergence Summary:
 Newton       maximum      maximum     solver
 iteration    update       residual    iterations  maxvol      nexvol
     1       1.5577D+00   6.4110D-08        2         112         250
     2       2.7276D-01   8.9672D-12        3         112         250
     3       6.8828D-02   4.5860D-08        2         112         250
     4       1.3010D-03   8.8489D-10        2         149         200
     5       4.7275D-07   8.9021D-10        1         149           0

------------------------------------------------------------------------
timestep:    16  time: 2.214E-03 days         delt: 7.555E-04 days        
------------------------------------------------------------------------

transient flow - variably saturated conditions
------------------------------------------------------------------------

 Newton Iteration Convergence Summary:
 Newton       maximum      maximum     solver
 iteration    update       residual    iterations  maxvol      nexvol
     1       7.7693D-01   7.9151D-11        3         147         250
     2       1.1718D-01   5.5605D-11        3         147         250
     3       2.1640D-02   8.4973D-12        3         179         250
     4       3.6863D-03   2.6940D-08        2         162         200
     5       7.6599D-06   1.0072D-08        1         187         100
     6       3.5624D-09   1.8120D-11        1         150           0

------------------------------------------------------------------------
timestep:    17  time: 3.281E-03 days         delt: 1.066E-03 days        
------------------------------------------------------------------------

transient flow - variably saturated conditions
------------------------------------------------------------------------

 Newton Iteration Convergence Summary:
 Newton       maximum      maximum     solver
 iteration    update       residual    iterations  maxvol      nexvol
     1       1.0468D+00   7.0163D-10        3         164         300
     2       7.5335D-02   3.8217D-10        3         164         250
     3       4.9333D-03   6.2222D-08        2         147         250
     4       3.9120D-05   3.7256D-10        2         162         166
     5       2.1294D-07   1.0839D-09        1         162           0

------------------------------------------------------------------------
timestep:    18  time: 5.121E-03 days         delt: 1.840E-03 days        
------------------------------------------------------------------------

transient flow - variably saturated conditions
------------------------------------------------------------------------

 Newton Iteration Convergence Summary:
 Newton       maximum      maximum     solver
 iteration    update       residual    iterations  maxvol      nexvol
     1       1.5737D+00   5.1742D-09        3         155         300
     2       2.7522D-01   1.5037D-08        3         155         300
     3       7.6084D-02   8.7345D-10        3         155         300
     4       1.8395D-03   1.7971D-08        2         165         250
     5       1.0467D-06   4.4791D-09        1         200          40
     6       1.5244D-09   3.5321D-12        1         151           0

------------------------------------------------------------------------
timestep:    19  time: 7.480E-03 days         delt: 2.359E-03 days        
------------------------------------------------------------------------

transient flow - variably saturated conditions
------------------------------------------------------------------------

 Newton Iteration Convergence Summary:
 Newton       maximum      maximum     solver
 iteration    update       residual    iterations  maxvol      nexvol
     1       9.6032D-01   3.7850D-08        3         155         350
     2       1.6406D-01   7.0025D-08        3         179         350
     3       3.8087D-02   1.8255D-08        3         238         300
     4       9.6842D-03   1.6856D-09        3         238         300
     5       6.6385D-05   2.3620D-09        2         227         200
     6       7.6861D-09   5.7183D-11        1         248           0

------------------------------------------------------------------------
timestep:    20  time: 1.066E-02 days         delt: 3.179E-03 days        
------------------------------------------------------------------------

transient flow - variably saturated conditions
------------------------------------------------------------------------

 Newton Iteration Convergence Summary:
 Newton       maximum      maximum     solver
 iteration    update       residual    iterations  maxvol      nexvol
     1       1.4228D+00   1.8021D-09        4         204         400
     2       2.0853D-01   4.3478D-08        3         204         350
     3       3.8265D-02   7.0809D-09        3         204         350
     4       3.8071D-04   1.6161D-08        2         227         250
     5       4.8455D-08   4.9547D-10        1         249           0

------------------------------------------------------------------------
timestep:    21  time: 1.584E-02 days         delt: 5.183E-03 days        
------------------------------------------------------------------------

transient flow - variably saturated conditions
------------------------------------------------------------------------

 Newton Iteration Convergence Summary:
 Newton       maximum      maximum     solver
 iteration    update       residual    iterations  maxvol      nexvol
     1       1.4072D+00   2.0370D-08        4         215         450
     2       2.6257D-01   9.7685D-09        4         215         400
     3       8.6189D-02   2.6634D-09        4         266         400
     4       3.9583D-02   6.7152D-10        4         265         400
     5       8.8256D-04   5.2081D-08        3         291         350
     6       3.8957D-07   6.8772D-09        1         263           0

------------------------------------------------------------------------
timestep:    22  time: 2.201E-02 days         delt: 6.169E-03 days        
------------------------------------------------------------------------

transient flow - variably saturated conditions
------------------------------------------------------------------------

 Newton Iteration Convergence Summary:
 Newton       maximum      maximum     solver
 iteration    update       residual    iterations  maxvol      nexvol
     1       1.4885D+00   3.8864D-08        4         260         500
     2       2.3596D-01   1.1588D-08        4         260         450
     3       5.3749D-02   1.7311D-09        4         291         450
     4       9.7781D-04   1.2633D-09        3         263         350
     5       3.5215D-07   3.0771D-09        1         300           0

------------------------------------------------------------------------
timestep:    23  time: 3.157E-02 days         delt: 9.554E-03 days        
------------------------------------------------------------------------

transient flow - variably saturated conditions
------------------------------------------------------------------------

 Newton Iteration Convergence Summary:
 Newton       maximum      maximum     solver
 iteration    update       residual    iterations  maxvol      nexvol
     1       1.3813D+00   3.5831D-09        5         315         550
     2       2.4669D-01   1.5991D-08        5         265         550
     3       8.6624D-02   3.1448D-08        4         265         500
     4       7.2650D-03   1.1894D-09        4         303         450
     5       4.6507D-04   7.1078D-11        4         313         400
     6       1.3330D-07   5.7359D-09        1         313           0

------------------------------------------------------------------------
timestep:    24  time: 4.338E-02 days         delt: 1.181E-02 days        
------------------------------------------------------------------------

transient flow - variably saturated conditions
------------------------------------------------------------------------

 Newton Iteration Convergence Summary:
 Newton       maximum      maximum     solver
 iteration    update       residual    iterations  maxvol      nexvol
     1       1.5092D+00   1.2339D-08        5         341         600
     2       2.6841D-01   1.8568D-08        5         341         600
     3       9.1585D-02   8.1408D-08        4         341         550
     4       5.3295D-03   2.6454D-09        4         370         500
     5       2.3191D-04   1.0959D-10        4         365         350
     6       4.2145D-08   1.3155D-09        1         368           0

------------------------------------------------------------------------
timestep:    25  time: 5.967E-02 days         delt: 1.629E-02 days        
------------------------------------------------------------------------

transient flow - variably saturated conditions
------------------------------------------------------------------------

 Newton Iteration Convergence Summary:
 Newton       maximum      maximum     solver
 iteration    update       residual    iterations  maxvol      nexvol
     1       1.6628D+00   3.2261D-09        6         400         650
     2       2.8201D-01   8.0345D-08        5         400         650
     3       7.9694D-02   1.5475D-08        5         400         650
     4       3.1930D-03   2.4391D-08        4         426         600
     5       9.2160D-05   3.9761D-09        3         427         350
     6       1.2840D-08   2.3053D-10        1         401           0

------------------------------------------------------------------------
timestep:    26  time: 8.230E-02 days         delt: 2.263E-02 days        
------------------------------------------------------------------------

transient flow - variably saturated conditions
------------------------------------------------------------------------

 Newton Iteration Convergence Summary:
 Newton       maximum      maximum     solver
 iteration    update       residual    iterations  maxvol      nexvol
     1       1.6786D+00   1.5832D-08        6         450         750
     2       2.7427D-01   1.7825D-08        6         450         700
     3       6.6333D-02   6.6848D-08        5         484         700
     4       1.6933D-02   1.5149D-08        5         458         650
     5       1.3360D-04   1.3473D-09        4         400         450
     6       6.9160D-07   8.7853D-08        1         400           0

------------------------------------------------------------------------
timestep:    27  time: 1.120E-01 days         delt: 2.968E-02 days        
------------------------------------------------------------------------

transient flow - variably saturated conditions
------------------------------------------------------------------------

 Newton Iteration Convergence Summary:
 Newton       maximum      maximum     solver
 iteration    update       residual    iterations  maxvol      nexvol
     1       1.5984D+00   7.8228D-08        6         494         850
     2       2.5745D-01   5.7681D-08        6         444         800
     3       8.2536D-02   1.0235D-08        6         444         800
     4       3.6507D-03   1.7635D-08        5         444         700
     5       1.0367D-05   1.6495D-08        3         464         250
     6       3.0214D-08   1.1860D-08        1         444           0

------------------------------------------------------------------------
timestep:    28  time: 1.518E-01 days         delt: 3.986E-02 days        
------------------------------------------------------------------------

transient flow - variably saturated conditions
------------------------------------------------------------------------

 Newton Iteration Convergence Summary:
 Newton       maximum      maximum     solver
 iteration    update       residual    iterations  maxvol      nexvol
     1       1.6280D+00   5.8984D-08        7         537         950
     2       2.6827D-01   2.2633D-08        7         479         900
     3       8.8961D-02   8.6345D-08        6         479         900
     4       4.1983D-03   1.5851D-09        6         479         750
     5       1.2322D-05   2.5219D-08        3         513         300
     6       4.2309D-08   2.1080D-08        1         494           0

------------------------------------------------------------------------
timestep:    29  time: 2.059E-01 days         delt: 5.404E-02 days        
------------------------------------------------------------------------

transient flow - variably saturated conditions
------------------------------------------------------------------------

 Newton Iteration Convergence Summary:
 Newton       maximum      maximum     solver
 iteration    update       residual    iterations  maxvol      nexvol
     1       1.6972D+00   2.1588D-08        8         578        1050
     2       2.8563D-01   8.6782D-08        7         578        1000
     3       9.0266D-02   2.8161D-08        7         528        1000
     4       4.2561D-03   5.5099D-09        6         528         850
     5       9.9728D-06   2.6429D-08        3         528         300
     6       1.1856D-07   2.2912D-08        1         551           0

------------------------------------------------------------------------
timestep:    30  time: 2.795E-01 days         delt: 7.367E-02 days        
------------------------------------------------------------------------

transient flow - variably saturated conditions
------------------------------------------------------------------------

 Newton Iteration Convergence Summary:
 Newton       maximum      maximum     solver
 iteration    update       residual    iterations  maxvol      nexvol
     1       1.7358D+00   7.6415D-08        8         608        1200
     2       3.0858D-01   9.5120D-08        8         608        1150
     3       9.7173D-02   6.4386D-08        7         608        1086
     4       5.4795D-03   1.8229D-08        6         676         950
     5       2.2948D-04   3.7722D-08        4         700         600
     6       4.8943D-08   3.7865D-08        1         698           0

------------------------------------------------------------------------
timestep:    31  time: 3.812E-01 days         delt: 1.016E-01 days        
------------------------------------------------------------------------

transient flow - variably saturated conditions
------------------------------------------------------------------------

 Newton Iteration Convergence Summary:
 Newton       maximum      maximum     solver
 iteration    update       residual    iterations  maxvol      nexvol
     1       1.6841D+00   5.7231D-08        9         657        1350
     2       3.1253D-01   4.0803D-08        9         657        1300
     3       1.1512D-01   5.1520D-08        8         657        1250
     4       6.7156D-03   1.0153D-08        7         657        1100
     5       2.9129D-05   6.9482D-08        3         657         450
     6       3.0553D-07   8.0799D-08        1         651           0

------------------------------------------------------------------------
timestep:    32  time: 5.241E-01 days         delt: 1.429E-01 days        
------------------------------------------------------------------------

transient flow - variably saturated conditions
------------------------------------------------------------------------

 Newton Iteration Convergence Summary:
 Newton       maximum      maximum     solver
 iteration    update       residual    iterations  maxvol      nexvol
     1       1.8051D+00   1.6758D-08       11         782        1500
     2       3.2706D-01   4.4733D-08       10         782        1450
     3       1.0678D-01   4.6075D-09       10         732        1444
     4       5.8580D-03   2.9031D-08        7         732        1250
     5       1.9257D-05   5.9170D-08        3         892         500
     6       8.2984D-08   6.0570D-08        1         701           0

------------------------------------------------------------------------
timestep:    33  time: 7.216E-01 days         delt: 1.975E-01 days        
------------------------------------------------------------------------

transient flow - variably saturated conditions
------------------------------------------------------------------------

 Newton Iteration Convergence Summary:
 Newton       maximum      maximum     solver
 iteration    update       residual    iterations  maxvol      nexvol
     1       1.7880D+00   4.2234D-08       11         900        1750
     2       3.1725D-01   6.3960D-08       11         900        1650
     3       1.1160D-01   2.4560D-08       10         850        1600
     4       6.0845D-03   1.3792D-08        8         850        1350
     5       1.9842D-05   4.5553D-08        4         850         526
     6       3.6557D-07   4.0735D-08        2         851           0

------------------------------------------------------------------------
timestep:    34  time: 1.000E+00 days         delt: 2.784E-01 days        
------------------------------------------------------------------------

transient flow - variably saturated conditions
------------------------------------------------------------------------

 Newton Iteration Convergence Summary:
 Newton       maximum      maximum     solver
 iteration    update       residual    iterations  maxvol      nexvol
     1       1.7990D+00   4.2546D-08       12         998        1950
     2       3.2270D-01   4.1930D-08       12         999        1900
     3       1.1267D-01   3.8649D-08       11         948        1850
     4       5.9561D-03   1.1642D-06        7         948        1300
     5       2.6317D-05   4.1742D-08        6         901        1100
     6       1.8092D-07   4.3193D-08        3        1042           0

write contour data, T =   1.0000E+00 days        
------------------------------------------------------------------------

 
update boundary conditions - water flow
------------------------------------------------------------------------

 

------------------------------------------------------------------------
timestep:    35  time: 1.406E+00 days         delt: 4.057E-01 days        
------------------------------------------------------------------------

transient flow - variably saturated conditions
------------------------------------------------------------------------

 Newton Iteration Convergence Summary:
 Newton       maximum      maximum     solver
 iteration    update       residual    iterations  maxvol      nexvol
     1       1.0000D+01   7.2697D-08       18        2493        2450
     2       1.0000D+01   4.8048D-08       15        2341        2450
     3       4.4104D+00   8.9540D-08       37        2321        2450
     4       1.4025D+00   8.4218D-08       22        2129        2450
     5       5.6659D-01   8.8831D-08       18        2050        2450
     6       3.6136D-01   9.3873D-08       16        2450        1908
     7       1.6383D-01   7.9202D-08       13        2341        1300
     8       2.4322D-01   6.2140D-08       12        2341        1400
     9       1.2478D-01   5.3064D-08       14        2341        1400
    10       3.0336D-02   4.2225D-08       11        2341        1300
    11       1.3615D-03   3.4294D-08        8        2302        1100
    12       2.9159D-06   7.7246D-09        5        2302         448
    13       1.6861D-08   7.5427D-09        1        2091           0

------------------------------------------------------------------------
timestep:    36  time: 1.608E+00 days         delt: 2.028E-01 days        
------------------------------------------------------------------------

transient flow - variably saturated conditions
------------------------------------------------------------------------

 Newton Iteration Convergence Summary:
 Newton       maximum      maximum     solver
 iteration    update       residual    iterations  maxvol      nexvol
     1       2.1216D+00   8.2825D-08       12        2089        2450
     2       3.8816D-01   7.2426D-08       13        2099        2450
     3       1.6947D-01   3.7240D-08       12        1949        2400
     4       1.1773D-01   8.6498D-08       11        1950        2400
     5       5.9515D-03   6.2240D-08        8        2189        1464
     6       2.4470D-04   5.2763D-09        7        2189        1000
     7       1.3155D-07   6.7722D-08        1        2100           0

------------------------------------------------------------------------
timestep:    37  time: 1.798E+00 days         delt: 1.898E-01 days        
------------------------------------------------------------------------

transient flow - variably saturated conditions
------------------------------------------------------------------------

 Newton Iteration Convergence Summary:
 Newton       maximum      maximum     solver
 iteration    update       residual    iterations  maxvol      nexvol
     1       2.1055D+00   1.0143D-08       14        1950        2450
     2       3.5854D-01   4.6610D-08       13        1950        2435
     3       1.1710D-01   1.3716D-08       12        1839        2390
     4       4.7826D-02   6.4669D-08       10        1840        2301
     5       1.2781D-03   2.4278D-08        7        2030        1200
     6       2.5184D-05   6.3816D-08        5        2049         690
     7       1.9112D-07   9.1581D-08        1        1852           0

------------------------------------------------------------------------
timestep:    38  time: 1.999E+00 days         delt: 2.011E-01 days        
------------------------------------------------------------------------

transient flow - variably saturated conditions
------------------------------------------------------------------------

 Newton Iteration Convergence Summary:
 Newton       maximum      maximum     solver
 iteration    update       residual    iterations  maxvol      nexvol
     1       2.2622D+00   2.6871D-08       14        1829        2450
     2       4.0411D-01   9.7897D-08       14        1829        2450
     3       1.4149D-01   2.6876D-08       13        1651        2399
     4       4.9458D-02   7.9642D-08       11        1879        2255
     5       2.1669D-02   3.5317D-08       10        1879        2038
     6       2.8481D-04   6.4894D-09        8        1879        1092
     7       1.1406D-07   4.0764D-08        1        1769           0

------------------------------------------------------------------------
timestep:    39  time: 2.000E+00 days         delt: 6.139E-04 days        
------------------------------------------------------------------------

transient flow - variably saturated conditions
------------------------------------------------------------------------

 Newton Iteration Convergence Summary:
 Newton       maximum      maximum     solver
 iteration    update       residual    iterations  maxvol      nexvol
     1       4.2309D-03   3.9927D-09        2        1789        2400
     2       3.2202D-06   1.9649D-10        1        1789         350
     3       1.7043D-09   1.2313D-12        1        1789           0

write contour data, T =   2.0000E+00 days        
------------------------------------------------------------------------

 
update boundary conditions - water flow
------------------------------------------------------------------------

 

------------------------------------------------------------------------
timestep:    40  time: 2.003E+00 days         delt: 3.069E-03 days        
------------------------------------------------------------------------

transient flow - variably saturated conditions
------------------------------------------------------------------------

 Newton Iteration Convergence Summary:
 Newton       maximum      maximum     solver
 iteration    update       residual    iterations  maxvol      nexvol
     1       2.1399D-02   6.7725D-09        4        1789        2450
     2       8.2156D-05   1.8652D-09        2        1789        1344
     3       2.1398D-07   8.7154D-10        1        1789           0

------------------------------------------------------------------------
timestep:    41  time: 2.018E+00 days         delt: 1.535E-02 days        
------------------------------------------------------------------------

transient flow - variably saturated conditions
------------------------------------------------------------------------

 Newton Iteration Convergence Summary:
 Newton       maximum      maximum     solver
 iteration    update       residual    iterations  maxvol      nexvol
     1       1.1438D-01   4.2692D-09        8        1739        2450
     2       2.1326D-03   3.7845D-08        5        1789        1834
     3       2.7911D-05   6.9801D-08        2        1752        1000
     4       3.1772D-08   8.9397D-09        1        2103           0

------------------------------------------------------------------------
timestep:    42  time: 2.095E+00 days         delt: 7.673E-02 days        
------------------------------------------------------------------------

transient flow - variably saturated conditions
------------------------------------------------------------------------

 Newton Iteration Convergence Summary:
 Newton       maximum      maximum     solver
 iteration    update       residual    iterations  maxvol      nexvol
     1       7.0917D-01   3.9759D-08       11        1702        2450
     2       6.3262D-02   5.4259D-08        9        1752        2397
     3       5.6756D-03   9.7304D-09        8        1772        1800
     4       1.1711D-05   5.1834D-08        3        1772         448
     5       5.0417D-08   1.4841D-08        1        1788           0

------------------------------------------------------------------------
timestep:    43  time: 2.300E+00 days         delt: 2.053E-01 days        
------------------------------------------------------------------------

transient flow - variably saturated conditions
------------------------------------------------------------------------

 Newton Iteration Convergence Summary:
 Newton       maximum      maximum     solver
 iteration    update       residual    iterations  maxvol      nexvol
     1       2.4811D+00   5.8307D-08       15        1621        2450
     2       4.4404D-01   7.2996D-08       15        1650        2445
     3       2.2214D-01   6.0180D-08       13        1671        2386
     4       3.3231D-02   2.2482D-08       11        1671        2048
     5       7.6279D-04   2.0303D-07        7        1671        1275
     6       6.2851D-07   2.5011D-07        2        1651           0

------------------------------------------------------------------------
timestep:    44  time: 2.508E+00 days         delt: 2.076E-01 days        
------------------------------------------------------------------------

transient flow - variably saturated conditions
------------------------------------------------------------------------

 Newton Iteration Convergence Summary:
 Newton       maximum      maximum     solver
 iteration    update       residual    iterations  maxvol      nexvol
     1       2.1540D+00   8.7325D-08       14        1501        2450
     2       3.8377D-01   1.6990D-07       15        1537        2448
     3       1.8703D-01   3.7771D-08       14        1551        2450
     4       2.5390D-02   5.0062D-08       12        1551        2300
     5       4.7138D-04   1.0578D-07        8        1551        1346
     6       2.6821D-07   1.1837D-07        2        1551           0

------------------------------------------------------------------------
timestep:    45  time: 2.715E+00 days         delt: 2.070E-01 days        
------------------------------------------------------------------------

transient flow - variably saturated conditions
------------------------------------------------------------------------

 Newton Iteration Convergence Summary:
 Newton       maximum      maximum     solver
 iteration    update       residual    iterations  maxvol      nexvol
     1       1.5216D+00   6.7959D-08       17        1436        2450
     2       2.7265D-01   9.1734D-08       16        1486        2447
     3       1.2786D-01   8.5956D-08       14        1486        2438
     4       1.3881D-02   3.7305D-09       15        1486        2350
     5       1.7608D-04   2.5513D-08        8        1486        1291
     6       6.1554D-08   2.4544D-08        1        1450           0

------------------------------------------------------------------------
timestep:    46  time: 2.926E+00 days         delt: 2.107E-01 days        
------------------------------------------------------------------------

transient flow - variably saturated conditions
------------------------------------------------------------------------

 Newton Iteration Convergence Summary:
 Newton       maximum      maximum     solver
 iteration    update       residual    iterations  maxvol      nexvol
     1       9.8927D-01   6.1445D-08       16        1380        2450
     2       1.7376D-01   7.0253D-08       17        1380        2450
     3       6.3252D-02   4.8826D-08       16        1380        2439
     4       3.8666D-03   1.9443D-08       14        1429        2400
     5       1.7728D-05   2.9472D-08        7        1414         843
     6       3.2209D-08   1.6034D-08        1         989           0

------------------------------------------------------------------------
timestep:    47  time: 3.000E+00 days         delt: 7.426E-02 days        
------------------------------------------------------------------------

transient flow - variably saturated conditions
------------------------------------------------------------------------

 Newton Iteration Convergence Summary:
 Newton       maximum      maximum     solver
 iteration    update       residual    iterations  maxvol      nexvol
     1       2.1585D-01   6.1459D-08       12        1329        2450
     2       1.5240D-02   1.9510D-08       12        1329        2446
     3       9.3626D-04   9.9637D-08        8        1329        2258
     4       8.6036D-07   9.3320D-08        2        1364           0

write contour data, T =   3.0000E+00 days        
------------------------------------------------------------------------

 
update boundary conditions - water flow
------------------------------------------------------------------------

 

------------------------------------------------------------------------
timestep:    48  time: 3.250E+00 days         delt: 2.499E-01 days        
------------------------------------------------------------------------

transient flow - variably saturated conditions
------------------------------------------------------------------------

 Newton Iteration Convergence Summary:
 Newton       maximum      maximum     solver
 iteration    update       residual    iterations  maxvol      nexvol
     1       5.9340D-01   5.5745D-08       17        1239        2450
     2       9.9854D-02   5.6067D-08       19        1239        2448
     3       3.0764D-02   4.8627D-08       19        1289        2435
     4       1.2188D-03   8.6414D-08       15        1289        2450
     5       2.8376D-06   8.1729D-08        4        1289         209
     6       1.5523D-07   5.5489D-08        1        1289           0

------------------------------------------------------------------------
timestep:    49  time: 3.568E+00 days         delt: 3.186E-01 days        
------------------------------------------------------------------------

transient flow - variably saturated conditions
------------------------------------------------------------------------

 Newton Iteration Convergence Summary:
 Newton       maximum      maximum     solver
 iteration    update       residual    iterations  maxvol      nexvol
     1       3.9181D-01   1.6844D-08       20        1051        2450
     2       6.6523D-02   7.7193D-08       20        1101        2450
     3       1.9185D-02   7.1679D-08       19        1101        2449
     4       6.0289D-04   1.9567D-08       17        1101        2450
     5       1.1147D-06   5.6452D-08        3        1151           2
     6       1.2492D-07   2.7332D-08        1         732           0

------------------------------------------------------------------------
timestep:    50  time: 4.000E+00 days         delt: 4.315E-01 days        
------------------------------------------------------------------------

transient flow - variably saturated conditions
------------------------------------------------------------------------

 Newton Iteration Convergence Summary:
 Newton       maximum      maximum     solver
 iteration    update       residual    iterations  maxvol      nexvol
     1       1.9419D-01   8.5823D-08       16         928        2450
     2       3.1707D-02   1.4954D-07       19         928        2450
     3       7.0760D-03   7.7874D-08       18         978        2450
     4       1.2132D-04   7.7320D-08       17         978        2312
     5       1.5583D-07   7.1113D-08        1        1028           0

write contour data, T =   4.0000E+00 days        
------------------------------------------------------------------------

 
update boundary conditions - water flow
------------------------------------------------------------------------

 

------------------------------------------------------------------------
timestep:    51  time: 5.000E+00 days         delt: 1.000E+00 days        
------------------------------------------------------------------------

transient flow - variably saturated conditions
------------------------------------------------------------------------

 Newton Iteration Convergence Summary:
 Newton       maximum      maximum     solver
 iteration    update       residual    iterations  maxvol      nexvol
     1       6.2538D-02   9.2899D-08       16         801        2450
     2       6.9900D-03   9.8644D-08       19         801        2450
     3       7.7382D-04   6.0849D-08       15         801        2439
     4       4.5010D-06   8.7345D-08        7         901         878
     5       4.6097D-07   4.7602D-08        1         578           0

write contour data, T =   5.0000E+00 days        
------------------------------------------------------------------------

 
update boundary conditions - water flow
------------------------------------------------------------------------

 

------------------------------------------------------------------------
timestep:    52  time: 6.000E+00 days         delt: 1.000E+00 days        
------------------------------------------------------------------------

transient flow - variably saturated conditions
------------------------------------------------------------------------

 Newton Iteration Convergence Summary:
 Newton       maximum      maximum     solver
 iteration    update       residual    iterations  maxvol      nexvol
     1       7.4251D-03   9.9874D-08       14         786        2450
     2       1.4216D-04   7.0438D-08       15         786        2221
     3       1.7802D-06   7.7578D-08        5         886         491
     4       1.1009D-07   5.8295D-08        1         548           0

write contour data, T =   6.0000E+00 days        
------------------------------------------------------------------------

 
update boundary conditions - water flow
------------------------------------------------------------------------

 

------------------------------------------------------------------------
timestep:    53  time: 7.000E+00 days         delt: 1.000E+00 days        
------------------------------------------------------------------------

transient flow - variably saturated conditions
------------------------------------------------------------------------

 Newton Iteration Convergence Summary:
 Newton       maximum      maximum     solver
 iteration    update       residual    iterations  maxvol      nexvol
     1       9.7680D-04   7.1612D-08        9         780        2450
     2       3.5975D-06   7.4721D-08        5         730         427
     3       1.9195D-07   4.8566D-08        1         470           0

write contour data, T =   7.0000E+00 days        
------------------------------------------------------------------------

 
update boundary conditions - water flow
------------------------------------------------------------------------

 

------------------------------------------------------------------------
timestep:    54  time: 8.000E+00 days         delt: 1.000E+00 days        
------------------------------------------------------------------------

transient flow - variably saturated conditions
------------------------------------------------------------------------

 Newton Iteration Convergence Summary:
 Newton       maximum      maximum     solver
 iteration    update       residual    iterations  maxvol      nexvol
     1       1.3435D-04   9.1157D-08        7         801        2450
     2       1.5168D-07   8.7263D-08        1         925           0

write contour data, T =   8.0000E+00 days        
------------------------------------------------------------------------

 
update boundary conditions - water flow
------------------------------------------------------------------------

 

------------------------------------------------------------------------
timestep:    55  time: 9.000E+00 days         delt: 1.000E+00 days        
------------------------------------------------------------------------

transient flow - variably saturated conditions
------------------------------------------------------------------------

 Newton Iteration Convergence Summary:
 Newton       maximum      maximum     solver
 iteration    update       residual    iterations  maxvol      nexvol
     1       1.5777D-03   6.8354D-08       24        2425        2450
     2       1.7857D-05   9.7813D-08        9        2425         519
     3       1.8432D-07   9.0902D-08        1        2425           0

write contour data, T =   9.0000E+00 days        
------------------------------------------------------------------------

 
update boundary conditions - water flow
------------------------------------------------------------------------

 

------------------------------------------------------------------------
timestep:    56  time: 1.000E+01 days         delt: 1.000E+00 days        
------------------------------------------------------------------------

transient flow - variably saturated conditions
------------------------------------------------------------------------

 Newton Iteration Convergence Summary:
 Newton       maximum      maximum     solver
 iteration    update       residual    iterations  maxvol      nexvol
     1       5.5633D-04   7.4818D-07       20        2375        2450
     2       6.4993D-06   8.6886D-08        5         650        1242
     3       3.0704D-07   5.9256D-08        1        1625           0

write contour data, T =   1.0000E+01 days        
------------------------------------------------------------------------

 
update boundary conditions - water flow
------------------------------------------------------------------------

 

------------------------------------------------------------------------
timestep:    57  time: 1.100E+01 days         delt: 1.000E+00 days        
------------------------------------------------------------------------

transient flow - variably saturated conditions
------------------------------------------------------------------------

 Newton Iteration Convergence Summary:
 Newton       maximum      maximum     solver
 iteration    update       residual    iterations  maxvol      nexvol
     1       4.3065D-04   5.8450D-08       27        2376        2450
     2       2.1432D-06   7.9766D-08        3        2376          27
     3       3.0685D-07   5.7811D-08        1        2076           0

write contour data, T =   1.1000E+01 days        
------------------------------------------------------------------------

 
update boundary conditions - water flow
------------------------------------------------------------------------

 

------------------------------------------------------------------------
timestep:    58  time: 1.200E+01 days         delt: 1.000E+00 days        
------------------------------------------------------------------------

transient flow - variably saturated conditions
------------------------------------------------------------------------

 Newton Iteration Convergence Summary:
 Newton       maximum      maximum     solver
 iteration    update       residual    iterations  maxvol      nexvol
     1       4.4294D-04   9.7949D-08       24        2325        2450
     2       2.8154D-06   9.9486D-08        3        2376          39
     3       2.9196D-07   7.3077D-08        1        2026           0

write contour data, T =   1.2000E+01 days        
------------------------------------------------------------------------

 
update boundary conditions - water flow
------------------------------------------------------------------------

 

------------------------------------------------------------------------
timestep:    59  time: 1.300E+01 days         delt: 1.000E+00 days        
------------------------------------------------------------------------

transient flow - variably saturated conditions
------------------------------------------------------------------------

 Newton Iteration Convergence Summary:
 Newton       maximum      maximum     solver
 iteration    update       residual    iterations  maxvol      nexvol
     1       4.2608D-04   7.3546D-08       24        2275        2450
     2       2.3037D-06   8.3282D-08        3        2326          31
     3       3.0186D-07   6.1039D-08        1        2026           0

write contour data, T =   1.3000E+01 days        
------------------------------------------------------------------------

 
update boundary conditions - water flow
------------------------------------------------------------------------

 

------------------------------------------------------------------------
timestep:    60  time: 1.400E+01 days         delt: 1.000E+00 days        
------------------------------------------------------------------------

transient flow - variably saturated conditions
------------------------------------------------------------------------

 Newton Iteration Convergence Summary:
 Newton       maximum      maximum     solver
 iteration    update       residual    iterations  maxvol      nexvol
     1       4.5964D-04   7.0380D-08       24        2276        2450
     2       2.6398D-06   9.2144D-08        3        2276          43
     3       3.6653D-07   6.8063D-08        1        1976           0

write contour data, T =   1.4000E+01 days        
------------------------------------------------------------------------

 
update boundary conditions - water flow
------------------------------------------------------------------------

 

------------------------------------------------------------------------
timestep:    61  time: 1.500E+01 days         delt: 1.000E+00 days        
------------------------------------------------------------------------

transient flow - variably saturated conditions
------------------------------------------------------------------------

 Newton Iteration Convergence Summary:
 Newton       maximum      maximum     solver
 iteration    update       residual    iterations  maxvol      nexvol
     1       4.2721D-04   8.8817D-08       25        2425        2450
     2       3.9104D-06   9.5795D-08        4        2425          91
     3       6.8704D-07   8.5507D-08        1        1875           0

write contour data, T =   1.5000E+01 days        
------------------------------------------------------------------------

 
update boundary conditions - water flow
------------------------------------------------------------------------

 

------------------------------------------------------------------------
timestep:    62  time: 1.600E+01 days         delt: 1.000E+00 days        
------------------------------------------------------------------------

transient flow - variably saturated conditions
------------------------------------------------------------------------

 Newton Iteration Convergence Summary:
 Newton       maximum      maximum     solver
 iteration    update       residual    iterations  maxvol      nexvol
     1       4.5634D-04   8.3113D-08       24        2424        2450
     2       3.5638D-06   9.1950D-08        4        2424          87
     3       6.4366D-07   8.1385D-08        1        1875           0

write contour data, T =   1.6000E+01 days        
------------------------------------------------------------------------

 
update boundary conditions - water flow
------------------------------------------------------------------------

 

------------------------------------------------------------------------
timestep:    63  time: 1.700E+01 days         delt: 1.000E+00 days        
------------------------------------------------------------------------

transient flow - variably saturated conditions
------------------------------------------------------------------------

 Newton Iteration Convergence Summary:
 Newton       maximum      maximum     solver
 iteration    update       residual    iterations  maxvol      nexvol
     1       3.7609D-04   7.8298D-08       25        2373        2450
     2       3.3877D-06   9.3253D-08        4        2425          94
     3       4.9262D-07   7.4981D-08        1        1875           0

write contour data, T =   1.7000E+01 days        
------------------------------------------------------------------------

 
update boundary conditions - water flow
------------------------------------------------------------------------

 

------------------------------------------------------------------------
timestep:    64  time: 1.800E+01 days         delt: 1.000E+00 days        
------------------------------------------------------------------------

transient flow - variably saturated conditions
------------------------------------------------------------------------

 Newton Iteration Convergence Summary:
 Newton       maximum      maximum     solver
 iteration    update       residual    iterations  maxvol      nexvol
     1       3.0273D-04   8.3710D-08       22        2376        2450
     2       2.9093D-06   8.5967D-08        4        2376          89
     3       5.3286D-07   7.2646D-08        1        1825           0

write contour data, T =   1.8000E+01 days        
------------------------------------------------------------------------

 
update boundary conditions - water flow
------------------------------------------------------------------------

 

------------------------------------------------------------------------
timestep:    65  time: 1.900E+01 days         delt: 1.000E+00 days        
------------------------------------------------------------------------

transient flow - variably saturated conditions
------------------------------------------------------------------------

 Newton Iteration Convergence Summary:
 Newton       maximum      maximum     solver
 iteration    update       residual    iterations  maxvol      nexvol
     1       2.9027D-04   7.8022D-08       22        2326        2450
     2       2.4078D-06   9.9972D-08        3        2326          62
     3       3.4314D-07   7.5271D-08        1        1974           0

write contour data, T =   1.9000E+01 days        
------------------------------------------------------------------------

 
update boundary conditions - water flow
------------------------------------------------------------------------

 

------------------------------------------------------------------------
timestep:    66  time: 2.000E+01 days         delt: 1.000E+00 days        
------------------------------------------------------------------------

transient flow - variably saturated conditions
------------------------------------------------------------------------

 Newton Iteration Convergence Summary:
 Newton       maximum      maximum     solver
 iteration    update       residual    iterations  maxvol      nexvol
     1       2.9725D-04   7.7247D-08       23        2277        2450
     2       2.7297D-06   8.8539D-08        4        2326         102
     3       5.3817D-07   7.4846D-08        1        1825           0

write contour data, T =   2.0000E+01 days        
------------------------------------------------------------------------

 
update boundary conditions - water flow
------------------------------------------------------------------------

 

------------------------------------------------------------------------
timestep:    67  time: 2.100E+01 days         delt: 1.000E+00 days        
------------------------------------------------------------------------

transient flow - variably saturated conditions
------------------------------------------------------------------------

 Newton Iteration Convergence Summary:
 Newton       maximum      maximum     solver
 iteration    update       residual    iterations  maxvol      nexvol
     1       2.6770D-04   8.2683D-08       23        2227        2450
     2       2.7269D-06   9.0362D-08        4        2376         107
     3       5.5349D-07   7.6734D-08        1        1776           0

write contour data, T =   2.1000E+01 days        
------------------------------------------------------------------------

 
update boundary conditions - water flow
------------------------------------------------------------------------

 

------------------------------------------------------------------------
timestep:    68  time: 2.200E+01 days         delt: 1.000E+00 days        
------------------------------------------------------------------------

transient flow - variably saturated conditions
------------------------------------------------------------------------

 Newton Iteration Convergence Summary:
 Newton       maximum      maximum     solver
 iteration    update       residual    iterations  maxvol      nexvol
     1       2.4809D-04   8.2641D-08       23        2177        2450
     2       3.0154D-06   9.8812D-08        4        2425         120
     3       5.4051D-07   8.1081D-08        1        1776           0

write contour data, T =   2.2000E+01 days        
------------------------------------------------------------------------

 
update boundary conditions - water flow
------------------------------------------------------------------------

 

------------------------------------------------------------------------
timestep:    69  time: 2.300E+01 days         delt: 1.000E+00 days        
------------------------------------------------------------------------

transient flow - variably saturated conditions
------------------------------------------------------------------------

 Newton Iteration Convergence Summary:
 Newton       maximum      maximum     solver
 iteration    update       residual    iterations  maxvol      nexvol
     1       2.2131D-04   7.9238D-08       23        1977        2450
     2       2.9659D-06   9.7679D-08        4        2425         120
     3       5.2592D-07   8.0138D-08        1        1775           0

write contour data, T =   2.3000E+01 days        
------------------------------------------------------------------------

 
update boundary conditions - water flow
------------------------------------------------------------------------

 

------------------------------------------------------------------------
timestep:    70  time: 2.400E+01 days         delt: 1.000E+00 days        
------------------------------------------------------------------------

transient flow - variably saturated conditions
------------------------------------------------------------------------

 Newton Iteration Convergence Summary:
 Newton       maximum      maximum     solver
 iteration    update       residual    iterations  maxvol      nexvol
     1       2.2021D-04   9.6025D-08       22        2076        2450
     2       2.7292D-06   9.6617D-08        4        2425         124
     3       4.6203D-07   7.7716D-08        1        1775           0

write contour data, T =   2.4000E+01 days        
------------------------------------------------------------------------

 
update boundary conditions - water flow
------------------------------------------------------------------------

 

------------------------------------------------------------------------
timestep:    71  time: 2.500E+01 days         delt: 1.000E+00 days        
------------------------------------------------------------------------

transient flow - variably saturated conditions
------------------------------------------------------------------------

 Newton Iteration Convergence Summary:
 Newton       maximum      maximum     solver
 iteration    update       residual    iterations  maxvol      nexvol
     1       2.1139D-04   9.8589D-08       22        2374        2450
     2       2.7779D-06   9.8561D-08        4        2375         131
     3       4.7322D-07   7.9484D-08        1        1725           0

write contour data, T =   2.5000E+01 days        
------------------------------------------------------------------------

 
update boundary conditions - water flow
------------------------------------------------------------------------

 

------------------------------------------------------------------------
timestep:    72  time: 2.600E+01 days         delt: 1.000E+00 days        
------------------------------------------------------------------------

transient flow - variably saturated conditions
------------------------------------------------------------------------

 Newton Iteration Convergence Summary:
 Newton       maximum      maximum     solver
 iteration    update       residual    iterations  maxvol      nexvol
     1       1.9618D-04   9.5723D-08       22        1976        2450
     2       2.6809D-06   9.5595D-08        4        2375         130
     3       4.8084D-07   7.7768D-08        1        1725           0

write contour data, T =   2.6000E+01 days        
------------------------------------------------------------------------

 
update boundary conditions - water flow
------------------------------------------------------------------------

 

------------------------------------------------------------------------
timestep:    73  time: 2.700E+01 days         delt: 1.000E+00 days        
------------------------------------------------------------------------

transient flow - variably saturated conditions
------------------------------------------------------------------------

 Newton Iteration Convergence Summary:
 Newton       maximum      maximum     solver
 iteration    update       residual    iterations  maxvol      nexvol
     1       1.8759D-04   9.8035D-08       22        1925        2450
     2       2.7906D-06   9.9012D-08        4        2375         138
     3       5.2217D-07   8.1440D-08        1        1725           0

write contour data, T =   2.7000E+01 days        
------------------------------------------------------------------------

 
update boundary conditions - water flow
------------------------------------------------------------------------

 

------------------------------------------------------------------------
timestep:    74  time: 2.800E+01 days         delt: 1.000E+00 days        
------------------------------------------------------------------------

transient flow - variably saturated conditions
------------------------------------------------------------------------

 Newton Iteration Convergence Summary:
 Newton       maximum      maximum     solver
 iteration    update       residual    iterations  maxvol      nexvol
     1       1.8522D-04   9.2757D-08       22        2273        2450
     2       2.6898D-06   9.8412D-08        4        2325         139
     3       5.6119D-07   8.2542D-08        1        1725           0

write contour data, T =   2.8000E+01 days        
------------------------------------------------------------------------

 
update boundary conditions - water flow
------------------------------------------------------------------------

 

------------------------------------------------------------------------
timestep:    75  time: 2.900E+01 days         delt: 1.000E+00 days        
------------------------------------------------------------------------

transient flow - variably saturated conditions
------------------------------------------------------------------------

 Newton Iteration Convergence Summary:
 Newton       maximum      maximum     solver
 iteration    update       residual    iterations  maxvol      nexvol
     1       1.7169D-04   8.4759D-08       22        1824        2450
     2       2.6144D-06   9.6200D-08        4        2325         139
     3       5.4745D-07   8.0614D-08        1        1725           0

write contour data, T =   2.9000E+01 days        
------------------------------------------------------------------------

 
update boundary conditions - water flow
------------------------------------------------------------------------

 

------------------------------------------------------------------------
timestep:    76  time: 3.000E+01 days         delt: 1.000E+00 days        
------------------------------------------------------------------------

transient flow - variably saturated conditions
------------------------------------------------------------------------

 Newton Iteration Convergence Summary:
 Newton       maximum      maximum     solver
 iteration    update       residual    iterations  maxvol      nexvol
     1       1.6569D-04   7.4312D-08       22        2076        2450
     2       3.0185D-06   9.1569D-08        5        2325         202
     3       6.0047D-07   8.2046D-08        1        1576           0

write contour data, T =   3.0000E+01 days        
------------------------------------------------------------------------

 
update boundary conditions - water flow
------------------------------------------------------------------------

 

------------------------------------------------------------------------
timestep:    77  time: 3.100E+01 days         delt: 1.000E+00 days        
------------------------------------------------------------------------

transient flow - variably saturated conditions
------------------------------------------------------------------------

 Newton Iteration Convergence Summary:
 Newton       maximum      maximum     solver
 iteration    update       residual    iterations  maxvol      nexvol
     1       1.6776D-04   7.7536D-08       22        2026        2450
     2       2.9372D-06   9.1028D-08        5        2325         205
     3       6.0108D-07   8.1741D-08        1        1576           0

write contour data, T =   3.1000E+01 days        
------------------------------------------------------------------------

 
update boundary conditions - water flow
------------------------------------------------------------------------

 

------------------------------------------------------------------------
timestep:    78  time: 3.200E+01 days         delt: 1.000E+00 days        
------------------------------------------------------------------------

transient flow - variably saturated conditions
------------------------------------------------------------------------

 Newton Iteration Convergence Summary:
 Newton       maximum      maximum     solver
 iteration    update       residual    iterations  maxvol      nexvol
     1       1.7383D-04   8.7700D-08       22        2026        2450
     2       2.9922D-06   9.4090D-08        5        2325         219
     3       6.1753D-07   8.4441D-08        1        1576           0

write contour data, T =   3.2000E+01 days        
------------------------------------------------------------------------

 
update boundary conditions - water flow
------------------------------------------------------------------------

 

------------------------------------------------------------------------
timestep:    79  time: 3.300E+01 days         delt: 1.000E+00 days        
------------------------------------------------------------------------

transient flow - variably saturated conditions
------------------------------------------------------------------------

 Newton Iteration Convergence Summary:
 Newton       maximum      maximum     solver
 iteration    update       residual    iterations  maxvol      nexvol
     1       1.6479D-04   9.0758D-08       22        1976        2450
     2       2.8826D-06   9.3116D-08        5        2325         221
     3       6.2618D-07   8.4173D-08        1        1526           0

write contour data, T =   3.3000E+01 days        
------------------------------------------------------------------------

 
update boundary conditions - water flow
------------------------------------------------------------------------

 

------------------------------------------------------------------------
timestep:    80  time: 3.400E+01 days         delt: 1.000E+00 days        
------------------------------------------------------------------------

transient flow - variably saturated conditions
------------------------------------------------------------------------

 Newton Iteration Convergence Summary:
 Newton       maximum      maximum     solver
 iteration    update       residual    iterations  maxvol      nexvol
     1       1.5868D-04   9.1556D-08       22        1976        2450
     2       2.9362D-06   9.4848D-08        5        2325         228
     3       6.7405D-07   8.7598D-08        1        1526           0

write contour data, T =   3.4000E+01 days        
------------------------------------------------------------------------

 
update boundary conditions - water flow
------------------------------------------------------------------------

 

------------------------------------------------------------------------
timestep:    81  time: 3.500E+01 days         delt: 1.000E+00 days        
------------------------------------------------------------------------

transient flow - variably saturated conditions
------------------------------------------------------------------------

 Newton Iteration Convergence Summary:
 Newton       maximum      maximum     solver
 iteration    update       residual    iterations  maxvol      nexvol
     1       1.5278D-04   8.5911D-08       22        1975        2450
     2       2.8370D-06   9.3110D-08        5        2325         229
     3       6.9765D-07   8.7913D-08        1        1526           0

write contour data, T =   3.5000E+01 days        
------------------------------------------------------------------------

 
update boundary conditions - water flow
------------------------------------------------------------------------

 

------------------------------------------------------------------------
timestep:    82  time: 3.600E+01 days         delt: 1.000E+00 days        
------------------------------------------------------------------------

transient flow - variably saturated conditions
------------------------------------------------------------------------

 Newton Iteration Convergence Summary:
 Newton       maximum      maximum     solver
 iteration    update       residual    iterations  maxvol      nexvol
     1       1.5327D-04   8.1542D-08       22        1975        2450
     2       2.7350D-06   9.1630D-08        5        2325         231
     3       6.9951D-07   8.7096D-08        1        1476           0

write contour data, T =   3.6000E+01 days        
------------------------------------------------------------------------

 
update boundary conditions - water flow
------------------------------------------------------------------------

 

------------------------------------------------------------------------
timestep:    83  time: 3.700E+01 days         delt: 1.000E+00 days        
------------------------------------------------------------------------

transient flow - variably saturated conditions
------------------------------------------------------------------------

 Newton Iteration Convergence Summary:
 Newton       maximum      maximum     solver
 iteration    update       residual    iterations  maxvol      nexvol
     1       1.4787D-04   7.2540D-08       22        2172        2450
     2       2.6843D-06   9.0595D-08        5        2325         232
     3       6.7397D-07   8.4731D-08        1        1476           0

write contour data, T =   3.7000E+01 days        
------------------------------------------------------------------------

 
update boundary conditions - water flow
------------------------------------------------------------------------

 

------------------------------------------------------------------------
timestep:    84  time: 3.800E+01 days         delt: 1.000E+00 days        
------------------------------------------------------------------------

transient flow - variably saturated conditions
------------------------------------------------------------------------

 Newton Iteration Convergence Summary:
 Newton       maximum      maximum     solver
 iteration    update       residual    iterations  maxvol      nexvol
     1       1.4541D-04   8.2171D-08       22        1824        2450
     2       2.5744D-06   8.9903D-08        5        2275         240
     3       6.4138D-07   8.2396D-08        1        1476           0

write contour data, T =   3.8000E+01 days        
------------------------------------------------------------------------

 
update boundary conditions - water flow
------------------------------------------------------------------------

 

------------------------------------------------------------------------
timestep:    85  time: 3.900E+01 days         delt: 1.000E+00 days        
------------------------------------------------------------------------

transient flow - variably saturated conditions
------------------------------------------------------------------------

 Newton Iteration Convergence Summary:
 Newton       maximum      maximum     solver
 iteration    update       residual    iterations  maxvol      nexvol
     1       1.4218D-04   7.8655D-08       22        1724        2450
     2       2.2837D-06   9.7032D-08        4        2325         175
     3       5.6097D-07   8.1687D-08        1        1626           0

write contour data, T =   3.9000E+01 days        
------------------------------------------------------------------------

 
update boundary conditions - water flow
------------------------------------------------------------------------

 

------------------------------------------------------------------------
timestep:    86  time: 4.000E+01 days         delt: 1.000E+00 days        
------------------------------------------------------------------------

transient flow - variably saturated conditions
------------------------------------------------------------------------

 Newton Iteration Convergence Summary:
 Newton       maximum      maximum     solver
 iteration    update       residual    iterations  maxvol      nexvol
     1       1.4086D-04   8.0801D-08       22        2071        2450
     2       2.2075D-06   9.6088D-08        4        2325         175
     3       5.6332D-07   8.1238D-08        1        1626           0

write contour data, T =   4.0000E+01 days        
------------------------------------------------------------------------

 
update boundary conditions - water flow
------------------------------------------------------------------------

 

------------------------------------------------------------------------
timestep:    87  time: 4.100E+01 days         delt: 1.000E+00 days        
------------------------------------------------------------------------

transient flow - variably saturated conditions
------------------------------------------------------------------------

 Newton Iteration Convergence Summary:
 Newton       maximum      maximum     solver
 iteration    update       residual    iterations  maxvol      nexvol
     1       1.3788D-04   8.5572D-08       22        2019        2450
     2       2.0533D-06   9.2827D-08        4        2275         171
     3       5.7500D-07   7.9927D-08        1        1576           0

write contour data, T =   4.1000E+01 days        
------------------------------------------------------------------------

 
update boundary conditions - water flow
------------------------------------------------------------------------

 

------------------------------------------------------------------------
timestep:    88  time: 4.200E+01 days         delt: 1.000E+00 days        
------------------------------------------------------------------------

transient flow - variably saturated conditions
------------------------------------------------------------------------

 Newton Iteration Convergence Summary:
 Newton       maximum      maximum     solver
 iteration    update       residual    iterations  maxvol      nexvol
     1       1.3715D-04   9.2061D-08       22        2019        2450
     2       2.0583D-06   9.3875D-08        4        2325         175
     3       5.4944D-07   7.9480D-08        1        1576           0

write contour data, T =   4.2000E+01 days        
------------------------------------------------------------------------

 
update boundary conditions - water flow
------------------------------------------------------------------------

 

------------------------------------------------------------------------
timestep:    89  time: 4.300E+01 days         delt: 1.000E+00 days        
------------------------------------------------------------------------

transient flow - variably saturated conditions
------------------------------------------------------------------------

 Newton Iteration Convergence Summary:
 Newton       maximum      maximum     solver
 iteration    update       residual    iterations  maxvol      nexvol
     1       1.3671D-04   9.1745D-08       22        1970        2450
     2       1.9933D-06   9.2572D-08        4        2325         177
     3       5.4152D-07   7.8268D-08        1        1576           0

write contour data, T =   4.3000E+01 days        
------------------------------------------------------------------------

 
update boundary conditions - water flow
------------------------------------------------------------------------

 

------------------------------------------------------------------------
timestep:    90  time: 4.400E+01 days         delt: 1.000E+00 days        
------------------------------------------------------------------------

transient flow - variably saturated conditions
------------------------------------------------------------------------

 Newton Iteration Convergence Summary:
 Newton       maximum      maximum     solver
 iteration    update       residual    iterations  maxvol      nexvol
     1       1.3574D-04   9.8298D-08       22        1824        2450
     2       1.9647D-06   9.2240D-08        4        2325         177
     3       5.2038D-07   7.7316D-08        1        1576           0

write contour data, T =   4.4000E+01 days        
------------------------------------------------------------------------

 
update boundary conditions - water flow
------------------------------------------------------------------------

 

------------------------------------------------------------------------
timestep:    91  time: 4.500E+01 days         delt: 1.000E+00 days        
------------------------------------------------------------------------

transient flow - variably saturated conditions
------------------------------------------------------------------------

 Newton Iteration Convergence Summary:
 Newton       maximum      maximum     solver
 iteration    update       residual    iterations  maxvol      nexvol
     1       1.3452D-04   7.2482D-08       23        1724        2450
     2       1.9522D-06   8.7074D-08        4        2274         194
     3       4.2358D-07   6.7192D-08        1        1576           0

write contour data, T =   4.5000E+01 days        
------------------------------------------------------------------------

 
update boundary conditions - water flow
------------------------------------------------------------------------

 

------------------------------------------------------------------------
timestep:    92  time: 4.600E+01 days         delt: 1.000E+00 days        
------------------------------------------------------------------------

transient flow - variably saturated conditions
------------------------------------------------------------------------

 Newton Iteration Convergence Summary:
 Newton       maximum      maximum     solver
 iteration    update       residual    iterations  maxvol      nexvol
     1       1.3399D-04   1.2102D-07       20        1724        2450
     2       1.7383D-06   8.7214D-08        4        2274         191
     3       4.8064D-07   7.2481D-08        1        1526           0

write contour data, T =   4.6000E+01 days        
------------------------------------------------------------------------

 
update boundary conditions - water flow
------------------------------------------------------------------------

 

------------------------------------------------------------------------
timestep:    93  time: 4.700E+01 days         delt: 1.000E+00 days        
------------------------------------------------------------------------

transient flow - variably saturated conditions
------------------------------------------------------------------------

 Newton Iteration Convergence Summary:
 Newton       maximum      maximum     solver
 iteration    update       residual    iterations  maxvol      nexvol
     1       1.3304D-04   6.7905D-08       18        1723        2450
     2       1.5251D-06   9.3266D-08        3        2274          99
     3       3.5505D-07   7.6357D-08        1        1727           0

write contour data, T =   4.7000E+01 days        
------------------------------------------------------------------------

 
update boundary conditions - water flow
------------------------------------------------------------------------

 

------------------------------------------------------------------------
timestep:    94  time: 4.800E+01 days         delt: 1.000E+00 days        
------------------------------------------------------------------------

transient flow - variably saturated conditions
------------------------------------------------------------------------

 Newton Iteration Convergence Summary:
 Newton       maximum      maximum     solver
 iteration    update       residual    iterations  maxvol      nexvol
     1       1.3311D-04   5.8879D-08       21        1723        2450
     2       1.0757D-06   9.7199D-08        2        2324          14
     3       5.1267D-07   8.9504D-08        1        1927           0

write contour data, T =   4.8000E+01 days        
------------------------------------------------------------------------

 
update boundary conditions - water flow
------------------------------------------------------------------------

 

------------------------------------------------------------------------
timestep:    95  time: 4.900E+01 days         delt: 1.000E+00 days        
------------------------------------------------------------------------

transient flow - variably saturated conditions
------------------------------------------------------------------------

 Newton Iteration Convergence Summary:
 Newton       maximum      maximum     solver
 iteration    update       residual    iterations  maxvol      nexvol
     1       1.3161D-04   1.3505D-07       19        1673        2450
     2       1.4526D-06   9.6376D-08        3        2274         127
     3       2.7917D-07   7.6377D-08        1        1678           0

write contour data, T =   4.9000E+01 days        
------------------------------------------------------------------------

 
update boundary conditions - water flow
------------------------------------------------------------------------

 

------------------------------------------------------------------------
timestep:    96  time: 5.000E+01 days         delt: 1.000E+00 days        
------------------------------------------------------------------------

transient flow - variably saturated conditions
------------------------------------------------------------------------

 Newton Iteration Convergence Summary:
 Newton       maximum      maximum     solver
 iteration    update       residual    iterations  maxvol      nexvol
     1       1.3032D-04   2.1799D-07       19        1573        2450
     2       2.1776D-06   8.2869D-08        4         600         646
     3       3.9682D-07   6.5757D-08        1        1476           0

write contour data, T =   5.0000E+01 days        
------------------------------------------------------------------------

 
update boundary conditions - water flow
------------------------------------------------------------------------

 

------------------------------------------------------------------------
timestep:    97  time: 5.100E+01 days         delt: 1.000E+00 days        
------------------------------------------------------------------------

transient flow - variably saturated conditions
------------------------------------------------------------------------

 Newton Iteration Convergence Summary:
 Newton       maximum      maximum     solver
 iteration    update       residual    iterations  maxvol      nexvol
     1       1.2924D-04   2.2014D-07       19        1573        2450
     2       2.0640D-06   9.5800D-08        3         650         534
     3       2.5143D-07   7.4491D-08        1        1577           0

write contour data, T =   5.1000E+01 days        
------------------------------------------------------------------------

 
update boundary conditions - water flow
------------------------------------------------------------------------

 

------------------------------------------------------------------------
timestep:    98  time: 5.200E+01 days         delt: 1.000E+00 days        
------------------------------------------------------------------------

transient flow - variably saturated conditions
------------------------------------------------------------------------

 Newton Iteration Convergence Summary:
 Newton       maximum      maximum     solver
 iteration    update       residual    iterations  maxvol      nexvol
     1       1.2823D-04   7.3770D-08       19        1572        2450
     2       8.4652D-07   8.9598D-08        2        2323           0

write contour data, T =   5.2000E+01 days        
------------------------------------------------------------------------

 
update boundary conditions - water flow
------------------------------------------------------------------------

 

------------------------------------------------------------------------
timestep:    99  time: 5.300E+01 days         delt: 1.000E+00 days        
------------------------------------------------------------------------

transient flow - variably saturated conditions
------------------------------------------------------------------------

 Newton Iteration Convergence Summary:
 Newton       maximum      maximum     solver
 iteration    update       residual    iterations  maxvol      nexvol
     1       1.2674D-04   1.4683D-08       20        1473        2450
     2       8.8001D-07   8.4880D-08        2        2323           0

write contour data, T =   5.3000E+01 days        
------------------------------------------------------------------------

 
update boundary conditions - water flow
------------------------------------------------------------------------

 

------------------------------------------------------------------------
timestep:   100  time: 5.400E+01 days         delt: 1.000E+00 days        
------------------------------------------------------------------------

transient flow - variably saturated conditions
------------------------------------------------------------------------

 Newton Iteration Convergence Summary:
 Newton       maximum      maximum     solver
 iteration    update       residual    iterations  maxvol      nexvol
     1       1.2710D-04   1.0289D-07       19        1422        2450
     2       8.5587D-07   9.5637D-08        2        2273           0

write contour data, T =   5.4000E+01 days        
------------------------------------------------------------------------

 
update boundary conditions - water flow
------------------------------------------------------------------------

 

------------------------------------------------------------------------
timestep:   101  time: 5.500E+01 days         delt: 1.000E+00 days        
------------------------------------------------------------------------

transient flow - variably saturated conditions
------------------------------------------------------------------------

 Newton Iteration Convergence Summary:
 Newton       maximum      maximum     solver
 iteration    update       residual    iterations  maxvol      nexvol
     1       1.2679D-04   2.2931D-08       20        1372        2450
     2       7.5246D-07   7.8127D-08        2        2272           0

write contour data, T =   5.5000E+01 days        
------------------------------------------------------------------------

 
update boundary conditions - water flow
------------------------------------------------------------------------

 

------------------------------------------------------------------------
timestep:   102  time: 5.600E+01 days         delt: 1.000E+00 days        
------------------------------------------------------------------------

transient flow - variably saturated conditions
------------------------------------------------------------------------

 Newton Iteration Convergence Summary:
 Newton       maximum      maximum     solver
 iteration    update       residual    iterations  maxvol      nexvol
     1       1.2795D-04   1.7303D-08       20        1372        2448
     2       2.4069D-07   9.6473D-08        1        2322           0

write contour data, T =   5.6000E+01 days        
------------------------------------------------------------------------

 
update boundary conditions - water flow
------------------------------------------------------------------------

 

------------------------------------------------------------------------
timestep:   103  time: 5.700E+01 days         delt: 1.000E+00 days        
------------------------------------------------------------------------

transient flow - variably saturated conditions
------------------------------------------------------------------------

 Newton Iteration Convergence Summary:
 Newton       maximum      maximum     solver
 iteration    update       residual    iterations  maxvol      nexvol
     1       1.2835D-04   7.3709D-08       18        2326        2303
     2       2.3209D-06   9.9705D-08        3        2375         120
     3       5.5479D-07   7.7962D-08        1        1826           0

write contour data, T =   5.7000E+01 days        
------------------------------------------------------------------------

 
update boundary conditions - water flow
------------------------------------------------------------------------

 

------------------------------------------------------------------------
timestep:   104  time: 5.800E+01 days         delt: 1.000E+00 days        
------------------------------------------------------------------------

transient flow - variably saturated conditions
------------------------------------------------------------------------

 Newton Iteration Convergence Summary:
 Newton       maximum      maximum     solver
 iteration    update       residual    iterations  maxvol      nexvol
     1       1.3685D-04   6.5644D-08       19        2326        2304
     2       2.6913D-06   9.3840D-08        4        2325         205
     3       3.4618D-07   7.3383D-08        1        1627           0

write contour data, T =   5.8000E+01 days        
------------------------------------------------------------------------

 
update boundary conditions - water flow
------------------------------------------------------------------------

 

------------------------------------------------------------------------
timestep:   105  time: 5.900E+01 days         delt: 1.000E+00 days        
------------------------------------------------------------------------

transient flow - variably saturated conditions
------------------------------------------------------------------------

 Newton Iteration Convergence Summary:
 Newton       maximum      maximum     solver
 iteration    update       residual    iterations  maxvol      nexvol
     1       1.3574D-04   7.1202D-08       19        2326        2270
     2       2.6595D-06   9.3404D-08        4        2325         210
     3       3.3746D-07   7.2917D-08        1        1627           0

write contour data, T =   5.9000E+01 days        
------------------------------------------------------------------------

 
update boundary conditions - water flow
------------------------------------------------------------------------

 

------------------------------------------------------------------------
timestep:   106  time: 6.000E+01 days         delt: 1.000E+00 days        
------------------------------------------------------------------------

transient flow - variably saturated conditions
------------------------------------------------------------------------

 Newton Iteration Convergence Summary:
 Newton       maximum      maximum     solver
 iteration    update       residual    iterations  maxvol      nexvol
     1       1.3031D-04   6.6942D-08       19        2326        2245
     2       2.5409D-06   9.0598D-08        4        2325         208
     3       3.2630D-07   7.0543D-08        1        1627           0

write contour data, T =   6.0000E+01 days        
------------------------------------------------------------------------

 
update boundary conditions - water flow
------------------------------------------------------------------------

 

statistics - variably saturated flow ...
------------------------------------------------------------------------

total number of Newton iterations       =        426
total number of solver iterations       =       3031

general run specific statistics ...
------------------------------------------------------------------------

number of failed time steps             =          0
total number of time steps              =        106
cputime  =   1 min 31 sec
------------------------------------------------------------------------

         ***************** normal exit ******************


